{"/Users/yash/Desktop/AI-Persona/backend/src/app.js": {"path":"/Users/yash/Desktop/AI-Persona/backend/src/app.js","statementMap":{"0":{"start":{"line":1,"column":16},"end":{"line":1,"column":34}},"1":{"start":{"line":2,"column":15},"end":{"line":2,"column":32}},"2":{"start":{"line":3,"column":13},"end":{"line":3,"column":28}},"3":{"start":{"line":4,"column":15},"end":{"line":4,"column":32}},"4":{"start":{"line":5,"column":15},"end":{"line":5,"column":40}},"5":{"start":{"line":7,"column":17},"end":{"line":7,"column":36}},"6":{"start":{"line":8,"column":22},"end":{"line":8,"column":60}},"7":{"start":{"line":9,"column":0},"end":{"line":9,"column":16}},"8":{"start":{"line":11,"column":19},"end":{"line":11,"column":49}},"9":{"start":{"line":12,"column":22},"end":{"line":12,"column":55}},"10":{"start":{"line":13,"column":24},"end":{"line":13,"column":59}},"11":{"start":{"line":14,"column":22},"end":{"line":14,"column":55}},"12":{"start":{"line":15,"column":27},"end":{"line":15,"column":65}},"13":{"start":{"line":16,"column":22},"end":{"line":16,"column":55}},"14":{"start":{"line":17,"column":21},"end":{"line":17,"column":53}},"15":{"start":{"line":19,"column":18},"end":{"line":19,"column":47}},"16":{"start":{"line":20,"column":13},"end":{"line":20,"column":30}},"17":{"start":{"line":21,"column":13},"end":{"line":21,"column":28}},"18":{"start":{"line":23,"column":12},"end":{"line":23,"column":21}},"19":{"start":{"line":26,"column":0},"end":{"line":26,"column":18}},"20":{"start":{"line":29,"column":0},"end":{"line":34,"column":2}},"21":{"start":{"line":37,"column":0},"end":{"line":37,"column":40}},"22":{"start":{"line":38,"column":0},"end":{"line":38,"column":48}},"23":{"start":{"line":41,"column":0},"end":{"line":41,"column":50}},"24":{"start":{"line":44,"column":0},"end":{"line":44,"column":31}},"25":{"start":{"line":47,"column":0},"end":{"line":49,"column":3}},"26":{"start":{"line":48,"column":2},"end":{"line":48,"column":41}},"27":{"start":{"line":51,"column":0},"end":{"line":51,"column":33}},"28":{"start":{"line":52,"column":0},"end":{"line":52,"column":44}},"29":{"start":{"line":53,"column":0},"end":{"line":53,"column":37}},"30":{"start":{"line":54,"column":0},"end":{"line":54,"column":40}},"31":{"start":{"line":55,"column":0},"end":{"line":55,"column":50}},"32":{"start":{"line":56,"column":0},"end":{"line":56,"column":40}},"33":{"start":{"line":59,"column":0},"end":{"line":59,"column":28}},"34":{"start":{"line":62,"column":24},"end":{"line":62,"column":79}},"35":{"start":{"line":65,"column":0},"end":{"line":65,"column":68}},"36":{"start":{"line":68,"column":0},"end":{"line":76,"column":3}},"37":{"start":{"line":69,"column":2},"end":{"line":69,"column":43}},"38":{"start":{"line":70,"column":2},"end":{"line":75,"column":5}},"39":{"start":{"line":78,"column":0},"end":{"line":78,"column":21}}},"fnMap":{"0":{"name":"(anonymous_0)","decl":{"start":{"line":47,"column":19},"end":{"line":47,"column":20}},"loc":{"start":{"line":47,"column":33},"end":{"line":49,"column":1}},"line":47},"1":{"name":"(anonymous_1)","decl":{"start":{"line":68,"column":8},"end":{"line":68,"column":9}},"loc":{"start":{"line":68,"column":33},"end":{"line":76,"column":1}},"line":68}},"branchMap":{"0":{"loc":{"start":{"line":31,"column":12},"end":{"line":31,"column":42}},"type":"binary-expr","locations":[{"start":{"line":31,"column":12},"end":{"line":31,"column":35}},{"start":{"line":31,"column":39},"end":{"line":31,"column":42}}],"line":31},"1":{"loc":{"start":{"line":70,"column":13},"end":{"line":70,"column":30}},"type":"binary-expr","locations":[{"start":{"line":70,"column":13},"end":{"line":70,"column":23}},{"start":{"line":70,"column":27},"end":{"line":70,"column":30}}],"line":70},"2":{"loc":{"start":{"line":72,"column":15},"end":{"line":72,"column":53}},"type":"binary-expr","locations":[{"start":{"line":72,"column":15},"end":{"line":72,"column":26}},{"start":{"line":72,"column":30},"end":{"line":72,"column":53}}],"line":72},"3":{"loc":{"start":{"line":73,"column":15},"end":{"line":73,"column":76}},"type":"cond-expr","locations":[{"start":{"line":73,"column":55},"end":{"line":73,"column":64}},{"start":{"line":73,"column":67},"end":{"line":73,"column":76}}],"line":73}},"s":{"0":3,"1":3,"2":3,"3":3,"4":3,"5":3,"6":3,"7":3,"8":3,"9":3,"10":3,"11":3,"12":3,"13":3,"14":3,"15":3,"16":3,"17":3,"18":3,"19":3,"20":3,"21":3,"22":3,"23":3,"24":3,"25":3,"26":0,"27":3,"28":3,"29":3,"30":3,"31":3,"32":3,"33":3,"34":3,"35":3,"36":3,"37":12,"38":12,"39":3},"f":{"0":0,"1":12},"b":{"0":[3,0],"1":[12,12],"2":[12,0],"3":[0,12]},"_coverageSchema":"1a1c01bbd47fc00a2c39e90264f33305004495a9","hash":"90b1f48a4b844b9adc9e6047d873c6acb9498392"}
,"/Users/yash/Desktop/AI-Persona/backend/src/config/index.js": {"path":"/Users/yash/Desktop/AI-Persona/backend/src/config/index.js","statementMap":{"0":{"start":{"line":1,"column":15},"end":{"line":1,"column":32}},"1":{"start":{"line":2,"column":13},"end":{"line":2,"column":28}},"2":{"start":{"line":4,"column":0},"end":{"line":4,"column":61}},"3":{"start":{"line":7,"column":16},"end":{"line":7,"column":32}},"4":{"start":{"line":8,"column":2},"end":{"line":10,"column":3}},"5":{"start":{"line":9,"column":4},"end":{"line":9,"column":69}},"6":{"start":{"line":11,"column":2},"end":{"line":11,"column":15}},"7":{"start":{"line":14,"column":15},"end":{"line":36,"column":1}},"8":{"start":{"line":38,"column":0},"end":{"line":38,"column":24}}},"fnMap":{"0":{"name":"getEnvVar","decl":{"start":{"line":6,"column":9},"end":{"line":6,"column":18}},"loc":{"start":{"line":6,"column":41},"end":{"line":12,"column":1}},"line":6}},"branchMap":{"0":{"loc":{"start":{"line":6,"column":24},"end":{"line":6,"column":39}},"type":"default-arg","locations":[{"start":{"line":6,"column":35},"end":{"line":6,"column":39}}],"line":6},"1":{"loc":{"start":{"line":8,"column":2},"end":{"line":10,"column":3}},"type":"if","locations":[{"start":{"line":8,"column":2},"end":{"line":10,"column":3}},{"start":{},"end":{}}],"line":8},"2":{"loc":{"start":{"line":8,"column":6},"end":{"line":8,"column":55}},"type":"binary-expr","locations":[{"start":{"line":8,"column":6},"end":{"line":8,"column":14}},{"start":{"line":8,"column":19},"end":{"line":8,"column":38}},{"start":{"line":8,"column":42},"end":{"line":8,"column":54}}],"line":8},"3":{"loc":{"start":{"line":15,"column":7},"end":{"line":15,"column":52}},"type":"binary-expr","locations":[{"start":{"line":15,"column":7},"end":{"line":15,"column":35}},{"start":{"line":15,"column":39},"end":{"line":15,"column":52}}],"line":15},"4":{"loc":{"start":{"line":16,"column":8},"end":{"line":16,"column":54}},"type":"binary-expr","locations":[{"start":{"line":16,"column":8},"end":{"line":16,"column":46}},{"start":{"line":16,"column":50},"end":{"line":16,"column":54}}],"line":16},"5":{"loc":{"start":{"line":26,"column":14},"end":{"line":26,"column":52}},"type":"binary-expr","locations":[{"start":{"line":26,"column":14},"end":{"line":26,"column":45}},{"start":{"line":26,"column":49},"end":{"line":26,"column":52}}],"line":26},"6":{"loc":{"start":{"line":27,"column":20},"end":{"line":27,"column":78}},"type":"binary-expr","locations":[{"start":{"line":27,"column":20},"end":{"line":27,"column":72}},{"start":{"line":27,"column":76},"end":{"line":27,"column":78}}],"line":27},"7":{"loc":{"start":{"line":28,"column":16},"end":{"line":28,"column":58}},"type":"binary-expr","locations":[{"start":{"line":28,"column":16},"end":{"line":28,"column":50}},{"start":{"line":28,"column":54},"end":{"line":28,"column":58}}],"line":28},"8":{"loc":{"start":{"line":29,"column":23},"end":{"line":29,"column":73}},"type":"binary-expr","locations":[{"start":{"line":29,"column":23},"end":{"line":29,"column":65}},{"start":{"line":29,"column":69},"end":{"line":29,"column":73}}],"line":29},"9":{"loc":{"start":{"line":30,"column":12},"end":{"line":30,"column":63}},"type":"binary-expr","locations":[{"start":{"line":30,"column":12},"end":{"line":30,"column":41}},{"start":{"line":30,"column":45},"end":{"line":30,"column":63}}],"line":30},"10":{"loc":{"start":{"line":31,"column":12},"end":{"line":31,"column":62}},"type":"binary-expr","locations":[{"start":{"line":31,"column":12},"end":{"line":31,"column":55}},{"start":{"line":31,"column":59},"end":{"line":31,"column":62}}],"line":31},"11":{"loc":{"start":{"line":32,"column":12},"end":{"line":32,"column":63}},"type":"binary-expr","locations":[{"start":{"line":32,"column":12},"end":{"line":32,"column":41}},{"start":{"line":32,"column":45},"end":{"line":32,"column":63}}],"line":32},"12":{"loc":{"start":{"line":33,"column":12},"end":{"line":33,"column":55}},"type":"binary-expr","locations":[{"start":{"line":33,"column":12},"end":{"line":33,"column":41}},{"start":{"line":33,"column":45},"end":{"line":33,"column":55}}],"line":33},"13":{"loc":{"start":{"line":34,"column":12},"end":{"line":34,"column":67}},"type":"binary-expr","locations":[{"start":{"line":34,"column":12},"end":{"line":34,"column":41}},{"start":{"line":34,"column":45},"end":{"line":34,"column":67}}],"line":34},"14":{"loc":{"start":{"line":35,"column":14},"end":{"line":35,"column":73}},"type":"binary-expr","locations":[{"start":{"line":35,"column":14},"end":{"line":35,"column":46}},{"start":{"line":35,"column":50},"end":{"line":35,"column":73}}],"line":35}},"s":{"0":9,"1":9,"2":9,"3":189,"4":189,"5":0,"6":189,"7":9,"8":9},"f":{"0":189},"b":{"0":[27],"1":[0,189],"2":[189,27,27],"3":[9,0],"4":[9,0],"5":[9,0],"6":[9,0],"7":[9,0],"8":[9,0],"9":[9,0],"10":[9,0],"11":[9,0],"12":[9,0],"13":[9,0],"14":[9,0]},"_coverageSchema":"1a1c01bbd47fc00a2c39e90264f33305004495a9","hash":"8b309e3bdff5d0d95cb31cc463d25c6b152e8271"}
,"/Users/yash/Desktop/AI-Persona/backend/src/controllers/authController.js": {"path":"/Users/yash/Desktop/AI-Persona/backend/src/controllers/authController.js","statementMap":{"0":{"start":{"line":6,"column":20},"end":{"line":6,"column":54}},"1":{"start":{"line":7,"column":21},"end":{"line":7,"column":53}},"2":{"start":{"line":8,"column":17},"end":{"line":8,"column":45}},"3":{"start":{"line":9,"column":25},"end":{"line":9,"column":50}},"4":{"start":{"line":10,"column":15},"end":{"line":10,"column":33}},"5":{"start":{"line":11,"column":21},"end":{"line":11,"column":56}},"6":{"start":{"line":12,"column":15},"end":{"line":12,"column":32}},"7":{"start":{"line":13,"column":17},"end":{"line":13,"column":40}},"8":{"start":{"line":17,"column":2},"end":{"line":17,"column":48}},"9":{"start":{"line":22,"column":2},"end":{"line":26,"column":4}},"10":{"start":{"line":30,"column":17},"end":{"line":65,"column":2}},"11":{"start":{"line":31,"column":36},"end":{"line":31,"column":44}},"12":{"start":{"line":32,"column":44},"end":{"line":32,"column":62}},"13":{"start":{"line":34,"column":2},"end":{"line":36,"column":3}},"14":{"start":{"line":35,"column":4},"end":{"line":35,"column":63}},"15":{"start":{"line":38,"column":17},"end":{"line":43,"column":3}},"16":{"start":{"line":45,"column":2},"end":{"line":64,"column":5}},"17":{"start":{"line":68,"column":14},"end":{"line":101,"column":2}},"18":{"start":{"line":69,"column":30},"end":{"line":69,"column":38}},"19":{"start":{"line":70,"column":44},"end":{"line":70,"column":62}},"20":{"start":{"line":72,"column":2},"end":{"line":74,"column":3}},"21":{"start":{"line":73,"column":4},"end":{"line":73,"column":63}},"22":{"start":{"line":76,"column":17},"end":{"line":81,"column":3}},"23":{"start":{"line":83,"column":2},"end":{"line":100,"column":5}},"24":{"start":{"line":104,"column":22},"end":{"line":127,"column":2}},"25":{"start":{"line":105,"column":27},"end":{"line":105,"column":35}},"26":{"start":{"line":106,"column":44},"end":{"line":106,"column":62}},"27":{"start":{"line":108,"column":2},"end":{"line":110,"column":3}},"28":{"start":{"line":109,"column":4},"end":{"line":109,"column":57}},"29":{"start":{"line":112,"column":17},"end":{"line":117,"column":3}},"30":{"start":{"line":119,"column":2},"end":{"line":126,"column":5}},"31":{"start":{"line":130,"column":15},"end":{"line":154,"column":2}},"32":{"start":{"line":131,"column":17},"end":{"line":131,"column":28}},"33":{"start":{"line":132,"column":44},"end":{"line":132,"column":62}},"34":{"start":{"line":135,"column":21},"end":{"line":135,"column":49}},"35":{"start":{"line":136,"column":2},"end":{"line":138,"column":3}},"36":{"start":{"line":137,"column":4},"end":{"line":137,"column":60}},"37":{"start":{"line":140,"column":16},"end":{"line":140,"column":40}},"38":{"start":{"line":143,"column":17},"end":{"line":148,"column":3}},"39":{"start":{"line":150,"column":2},"end":{"line":153,"column":5}},"40":{"start":{"line":157,"column":20},"end":{"line":186,"column":2}},"41":{"start":{"line":158,"column":20},"end":{"line":158,"column":29}},"42":{"start":{"line":159,"column":44},"end":{"line":159,"column":62}},"43":{"start":{"line":161,"column":2},"end":{"line":163,"column":3}},"44":{"start":{"line":162,"column":4},"end":{"line":162,"column":62}},"45":{"start":{"line":165,"column":15},"end":{"line":170,"column":3}},"46":{"start":{"line":172,"column":2},"end":{"line":185,"column":5}},"47":{"start":{"line":189,"column":27},"end":{"line":227,"column":2}},"48":{"start":{"line":190,"column":20},"end":{"line":190,"column":28}},"49":{"start":{"line":191,"column":44},"end":{"line":191,"column":62}},"50":{"start":{"line":193,"column":2},"end":{"line":195,"column":3}},"51":{"start":{"line":194,"column":4},"end":{"line":194,"column":49}},"52":{"start":{"line":197,"column":15},"end":{"line":199,"column":4}},"53":{"start":{"line":201,"column":2},"end":{"line":203,"column":3}},"54":{"start":{"line":202,"column":4},"end":{"line":202,"column":46}},"55":{"start":{"line":205,"column":2},"end":{"line":207,"column":3}},"56":{"start":{"line":206,"column":4},"end":{"line":206,"column":54}},"57":{"start":{"line":209,"column":2},"end":{"line":211,"column":3}},"58":{"start":{"line":210,"column":4},"end":{"line":210,"column":67}},"59":{"start":{"line":213,"column":2},"end":{"line":213,"column":51}},"60":{"start":{"line":214,"column":2},"end":{"line":221,"column":4}},"61":{"start":{"line":223,"column":2},"end":{"line":226,"column":5}},"62":{"start":{"line":230,"column":29},"end":{"line":246,"column":2}},"63":{"start":{"line":231,"column":20},"end":{"line":231,"column":28}},"64":{"start":{"line":232,"column":44},"end":{"line":232,"column":62}},"65":{"start":{"line":234,"column":2},"end":{"line":236,"column":3}},"66":{"start":{"line":235,"column":4},"end":{"line":235,"column":49}},"67":{"start":{"line":238,"column":17},"end":{"line":243,"column":3}},"68":{"start":{"line":245,"column":2},"end":{"line":245,"column":31}},"69":{"start":{"line":249,"column":22},"end":{"line":268,"column":2}},"70":{"start":{"line":250,"column":33},"end":{"line":250,"column":41}},"71":{"start":{"line":251,"column":44},"end":{"line":251,"column":62}},"72":{"start":{"line":253,"column":2},"end":{"line":255,"column":3}},"73":{"start":{"line":254,"column":4},"end":{"line":254,"column":67}},"74":{"start":{"line":257,"column":17},"end":{"line":262,"column":3}},"75":{"start":{"line":264,"column":2},"end":{"line":267,"column":5}},"76":{"start":{"line":271,"column":24},"end":{"line":280,"column":2}},"77":{"start":{"line":272,"column":17},"end":{"line":272,"column":28}},"78":{"start":{"line":273,"column":19},"end":{"line":273,"column":60}},"79":{"start":{"line":275,"column":2},"end":{"line":279,"column":5}},"80":{"start":{"line":283,"column":22},"end":{"line":300,"column":2}},"81":{"start":{"line":284,"column":17},"end":{"line":284,"column":28}},"82":{"start":{"line":285,"column":24},"end":{"line":285,"column":34}},"83":{"start":{"line":286,"column":44},"end":{"line":286,"column":62}},"84":{"start":{"line":288,"column":17},"end":{"line":294,"column":3}},"85":{"start":{"line":296,"column":2},"end":{"line":299,"column":5}},"86":{"start":{"line":303,"column":26},"end":{"line":318,"column":2}},"87":{"start":{"line":304,"column":17},"end":{"line":304,"column":28}},"88":{"start":{"line":305,"column":44},"end":{"line":305,"column":62}},"89":{"start":{"line":307,"column":17},"end":{"line":312,"column":3}},"90":{"start":{"line":314,"column":2},"end":{"line":317,"column":5}},"91":{"start":{"line":321,"column":31},"end":{"line":337,"column":2}},"92":{"start":{"line":322,"column":17},"end":{"line":322,"column":28}},"93":{"start":{"line":323,"column":44},"end":{"line":323,"column":62}},"94":{"start":{"line":325,"column":17},"end":{"line":330,"column":3}},"95":{"start":{"line":332,"column":2},"end":{"line":336,"column":5}},"96":{"start":{"line":340,"column":20},"end":{"line":357,"column":2}},"97":{"start":{"line":342,"column":2},"end":{"line":346,"column":3}},"98":{"start":{"line":343,"column":4},"end":{"line":343,"column":37}},"99":{"start":{"line":345,"column":4},"end":{"line":345,"column":58}},"100":{"start":{"line":348,"column":2},"end":{"line":356,"column":5}},"101":{"start":{"line":360,"column":16},"end":{"line":363,"column":2}},"102":{"start":{"line":361,"column":15},"end":{"line":361,"column":38}},"103":{"start":{"line":362,"column":2},"end":{"line":362,"column":29}},"104":{"start":{"line":366,"column":19},"end":{"line":376,"column":2}},"105":{"start":{"line":367,"column":22},"end":{"line":367,"column":43}},"106":{"start":{"line":368,"column":2},"end":{"line":375,"column":5}},"107":{"start":{"line":378,"column":0},"end":{"line":394,"column":2}}},"fnMap":{"0":{"name":"generateTraceId","decl":{"start":{"line":16,"column":9},"end":{"line":16,"column":24}},"loc":{"start":{"line":16,"column":27},"end":{"line":18,"column":1}},"line":16},"1":{"name":"getClientInfo","decl":{"start":{"line":21,"column":9},"end":{"line":21,"column":22}},"loc":{"start":{"line":21,"column":28},"end":{"line":27,"column":1}},"line":21},"2":{"name":"(anonymous_2)","decl":{"start":{"line":30,"column":30},"end":{"line":30,"column":31}},"loc":{"start":{"line":30,"column":50},"end":{"line":65,"column":1}},"line":30},"3":{"name":"(anonymous_3)","decl":{"start":{"line":68,"column":27},"end":{"line":68,"column":28}},"loc":{"start":{"line":68,"column":47},"end":{"line":101,"column":1}},"line":68},"4":{"name":"(anonymous_4)","decl":{"start":{"line":104,"column":35},"end":{"line":104,"column":36}},"loc":{"start":{"line":104,"column":55},"end":{"line":127,"column":1}},"line":104},"5":{"name":"(anonymous_5)","decl":{"start":{"line":130,"column":28},"end":{"line":130,"column":29}},"loc":{"start":{"line":130,"column":48},"end":{"line":154,"column":1}},"line":130},"6":{"name":"(anonymous_6)","decl":{"start":{"line":157,"column":33},"end":{"line":157,"column":34}},"loc":{"start":{"line":157,"column":53},"end":{"line":186,"column":1}},"line":157},"7":{"name":"(anonymous_7)","decl":{"start":{"line":189,"column":40},"end":{"line":189,"column":41}},"loc":{"start":{"line":189,"column":60},"end":{"line":227,"column":1}},"line":189},"8":{"name":"(anonymous_8)","decl":{"start":{"line":230,"column":42},"end":{"line":230,"column":43}},"loc":{"start":{"line":230,"column":62},"end":{"line":246,"column":1}},"line":230},"9":{"name":"(anonymous_9)","decl":{"start":{"line":249,"column":35},"end":{"line":249,"column":36}},"loc":{"start":{"line":249,"column":55},"end":{"line":268,"column":1}},"line":249},"10":{"name":"(anonymous_10)","decl":{"start":{"line":271,"column":37},"end":{"line":271,"column":38}},"loc":{"start":{"line":271,"column":57},"end":{"line":280,"column":1}},"line":271},"11":{"name":"(anonymous_11)","decl":{"start":{"line":283,"column":35},"end":{"line":283,"column":36}},"loc":{"start":{"line":283,"column":55},"end":{"line":300,"column":1}},"line":283},"12":{"name":"(anonymous_12)","decl":{"start":{"line":303,"column":39},"end":{"line":303,"column":40}},"loc":{"start":{"line":303,"column":59},"end":{"line":318,"column":1}},"line":303},"13":{"name":"(anonymous_13)","decl":{"start":{"line":321,"column":44},"end":{"line":321,"column":45}},"loc":{"start":{"line":321,"column":64},"end":{"line":337,"column":1}},"line":321},"14":{"name":"(anonymous_14)","decl":{"start":{"line":340,"column":33},"end":{"line":340,"column":34}},"loc":{"start":{"line":340,"column":53},"end":{"line":357,"column":1}},"line":340},"15":{"name":"(anonymous_15)","decl":{"start":{"line":360,"column":29},"end":{"line":360,"column":30}},"loc":{"start":{"line":360,"column":49},"end":{"line":363,"column":1}},"line":360},"16":{"name":"(anonymous_16)","decl":{"start":{"line":366,"column":32},"end":{"line":366,"column":33}},"loc":{"start":{"line":366,"column":52},"end":{"line":376,"column":1}},"line":366}},"branchMap":{"0":{"loc":{"start":{"line":23,"column":15},"end":{"line":23,"column":53}},"type":"binary-expr","locations":[{"start":{"line":23,"column":15},"end":{"line":23,"column":21}},{"start":{"line":23,"column":25},"end":{"line":23,"column":53}}],"line":23},"1":{"loc":{"start":{"line":25,"column":13},"end":{"line":25,"column":59}},"type":"binary-expr","locations":[{"start":{"line":25,"column":13},"end":{"line":25,"column":38}},{"start":{"line":25,"column":42},"end":{"line":25,"column":59}}],"line":25},"2":{"loc":{"start":{"line":34,"column":2},"end":{"line":36,"column":3}},"type":"if","locations":[{"start":{"line":34,"column":2},"end":{"line":36,"column":3}},{"start":{},"end":{}}],"line":34},"3":{"loc":{"start":{"line":34,"column":6},"end":{"line":34,"column":25}},"type":"binary-expr","locations":[{"start":{"line":34,"column":6},"end":{"line":34,"column":12}},{"start":{"line":34,"column":16},"end":{"line":34,"column":25}}],"line":34},"4":{"loc":{"start":{"line":47,"column":13},"end":{"line":49,"column":55}},"type":"cond-expr","locations":[{"start":{"line":48,"column":8},"end":{"line":48,"column":59}},{"start":{"line":49,"column":8},"end":{"line":49,"column":55}}],"line":47},"5":{"loc":{"start":{"line":72,"column":2},"end":{"line":74,"column":3}},"type":"if","locations":[{"start":{"line":72,"column":2},"end":{"line":74,"column":3}},{"start":{},"end":{}}],"line":72},"6":{"loc":{"start":{"line":72,"column":6},"end":{"line":72,"column":25}},"type":"binary-expr","locations":[{"start":{"line":72,"column":6},"end":{"line":72,"column":12}},{"start":{"line":72,"column":16},"end":{"line":72,"column":25}}],"line":72},"7":{"loc":{"start":{"line":108,"column":2},"end":{"line":110,"column":3}},"type":"if","locations":[{"start":{"line":108,"column":2},"end":{"line":110,"column":3}},{"start":{},"end":{}}],"line":108},"8":{"loc":{"start":{"line":136,"column":2},"end":{"line":138,"column":3}},"type":"if","locations":[{"start":{"line":136,"column":2},"end":{"line":138,"column":3}},{"start":{},"end":{}}],"line":136},"9":{"loc":{"start":{"line":136,"column":6},"end":{"line":136,"column":54}},"type":"binary-expr","locations":[{"start":{"line":136,"column":6},"end":{"line":136,"column":17}},{"start":{"line":136,"column":21},"end":{"line":136,"column":54}}],"line":136},"10":{"loc":{"start":{"line":161,"column":2},"end":{"line":163,"column":3}},"type":"if","locations":[{"start":{"line":161,"column":2},"end":{"line":163,"column":3}},{"start":{},"end":{}}],"line":161},"11":{"loc":{"start":{"line":193,"column":2},"end":{"line":195,"column":3}},"type":"if","locations":[{"start":{"line":193,"column":2},"end":{"line":195,"column":3}},{"start":{},"end":{}}],"line":193},"12":{"loc":{"start":{"line":201,"column":2},"end":{"line":203,"column":3}},"type":"if","locations":[{"start":{"line":201,"column":2},"end":{"line":203,"column":3}},{"start":{},"end":{}}],"line":201},"13":{"loc":{"start":{"line":205,"column":2},"end":{"line":207,"column":3}},"type":"if","locations":[{"start":{"line":205,"column":2},"end":{"line":207,"column":3}},{"start":{},"end":{}}],"line":205},"14":{"loc":{"start":{"line":209,"column":2},"end":{"line":211,"column":3}},"type":"if","locations":[{"start":{"line":209,"column":2},"end":{"line":211,"column":3}},{"start":{},"end":{}}],"line":209},"15":{"loc":{"start":{"line":234,"column":2},"end":{"line":236,"column":3}},"type":"if","locations":[{"start":{"line":234,"column":2},"end":{"line":236,"column":3}},{"start":{},"end":{}}],"line":234},"16":{"loc":{"start":{"line":253,"column":2},"end":{"line":255,"column":3}},"type":"if","locations":[{"start":{"line":253,"column":2},"end":{"line":255,"column":3}},{"start":{},"end":{}}],"line":253},"17":{"loc":{"start":{"line":253,"column":6},"end":{"line":253,"column":28}},"type":"binary-expr","locations":[{"start":{"line":253,"column":6},"end":{"line":253,"column":12}},{"start":{"line":253,"column":16},"end":{"line":253,"column":28}}],"line":253},"18":{"loc":{"start":{"line":354,"column":19},"end":{"line":354,"column":56}},"type":"binary-expr","locations":[{"start":{"line":354,"column":19},"end":{"line":354,"column":39}},{"start":{"line":354,"column":43},"end":{"line":354,"column":56}}],"line":354}},"s":{"0":3,"1":3,"2":3,"3":3,"4":3,"5":3,"6":3,"7":3,"8":6,"9":6,"10":3,"11":3,"12":3,"13":3,"14":0,"15":3,"16":0,"17":3,"18":2,"19":2,"20":2,"21":0,"22":2,"23":0,"24":3,"25":0,"26":0,"27":0,"28":0,"29":0,"30":0,"31":3,"32":0,"33":0,"34":0,"35":0,"36":0,"37":0,"38":0,"39":0,"40":3,"41":0,"42":0,"43":0,"44":0,"45":0,"46":0,"47":3,"48":0,"49":0,"50":0,"51":0,"52":0,"53":0,"54":0,"55":0,"56":0,"57":0,"58":0,"59":0,"60":0,"61":0,"62":3,"63":1,"64":1,"65":1,"66":0,"67":1,"68":1,"69":3,"70":0,"71":0,"72":0,"73":0,"74":0,"75":0,"76":3,"77":0,"78":0,"79":0,"80":3,"81":0,"82":0,"83":0,"84":0,"85":0,"86":3,"87":0,"88":0,"89":0,"90":0,"91":3,"92":0,"93":0,"94":0,"95":0,"96":3,"97":0,"98":0,"99":0,"100":0,"101":3,"102":0,"103":0,"104":3,"105":0,"106":0,"107":3},"f":{"0":6,"1":6,"2":3,"3":2,"4":0,"5":0,"6":0,"7":0,"8":1,"9":0,"10":0,"11":0,"12":0,"13":0,"14":0,"15":0,"16":0},"b":{"0":[6,0],"1":[6,6],"2":[0,3],"3":[3,3],"4":[0,0],"5":[0,2],"6":[2,2],"7":[0,0],"8":[0,0],"9":[0,0],"10":[0,0],"11":[0,0],"12":[0,0],"13":[0,0],"14":[0,0],"15":[0,1],"16":[0,0],"17":[0,0],"18":[0,0]},"_coverageSchema":"1a1c01bbd47fc00a2c39e90264f33305004495a9","hash":"d4a7038dc2732362d36c3c86d5fc6ef9c8770018"}
,"/Users/yash/Desktop/AI-Persona/backend/src/controllers/emailController.js": {"path":"/Users/yash/Desktop/AI-Persona/backend/src/controllers/emailController.js","statementMap":{"0":{"start":{"line":1,"column":21},"end":{"line":1,"column":56}},"1":{"start":{"line":2,"column":21},"end":{"line":2,"column":53}},"2":{"start":{"line":3,"column":17},"end":{"line":3,"column":45}},"3":{"start":{"line":4,"column":25},"end":{"line":4,"column":50}},"4":{"start":{"line":5,"column":15},"end":{"line":5,"column":33}},"5":{"start":{"line":7,"column":20},"end":{"line":14,"column":2}},"6":{"start":{"line":8,"column":20},"end":{"line":8,"column":29}},"7":{"start":{"line":9,"column":2},"end":{"line":9,"column":72}},"8":{"start":{"line":9,"column":14},"end":{"line":9,"column":72}},"9":{"start":{"line":10,"column":15},"end":{"line":10,"column":57}},"10":{"start":{"line":11,"column":2},"end":{"line":13,"column":76}},"11":{"start":{"line":16,"column":27},"end":{"line":29,"column":2}},"12":{"start":{"line":17,"column":20},"end":{"line":17,"column":28}},"13":{"start":{"line":18,"column":2},"end":{"line":18,"column":59}},"14":{"start":{"line":18,"column":14},"end":{"line":18,"column":59}},"15":{"start":{"line":20,"column":15},"end":{"line":22,"column":4}},"16":{"start":{"line":23,"column":2},"end":{"line":23,"column":55}},"17":{"start":{"line":23,"column":13},"end":{"line":23,"column":55}},"18":{"start":{"line":24,"column":2},"end":{"line":24,"column":76}},"19":{"start":{"line":24,"column":26},"end":{"line":24,"column":76}},"20":{"start":{"line":25,"column":2},"end":{"line":25,"column":51}},"21":{"start":{"line":26,"column":2},"end":{"line":28,"column":71}},"22":{"start":{"line":31,"column":0},"end":{"line":34,"column":2}}},"fnMap":{"0":{"name":"(anonymous_0)","decl":{"start":{"line":7,"column":33},"end":{"line":7,"column":34}},"loc":{"start":{"line":7,"column":53},"end":{"line":14,"column":1}},"line":7},"1":{"name":"(anonymous_1)","decl":{"start":{"line":16,"column":40},"end":{"line":16,"column":41}},"loc":{"start":{"line":16,"column":60},"end":{"line":29,"column":1}},"line":16}},"branchMap":{"0":{"loc":{"start":{"line":9,"column":2},"end":{"line":9,"column":72}},"type":"if","locations":[{"start":{"line":9,"column":2},"end":{"line":9,"column":72}},{"start":{},"end":{}}],"line":9},"1":{"loc":{"start":{"line":18,"column":2},"end":{"line":18,"column":59}},"type":"if","locations":[{"start":{"line":18,"column":2},"end":{"line":18,"column":59}},{"start":{},"end":{}}],"line":18},"2":{"loc":{"start":{"line":23,"column":2},"end":{"line":23,"column":55}},"type":"if","locations":[{"start":{"line":23,"column":2},"end":{"line":23,"column":55}},{"start":{},"end":{}}],"line":23},"3":{"loc":{"start":{"line":24,"column":2},"end":{"line":24,"column":76}},"type":"if","locations":[{"start":{"line":24,"column":2},"end":{"line":24,"column":76}},{"start":{},"end":{}}],"line":24}},"s":{"0":0,"1":0,"2":0,"3":0,"4":0,"5":0,"6":0,"7":0,"8":0,"9":0,"10":0,"11":0,"12":0,"13":0,"14":0,"15":0,"16":0,"17":0,"18":0,"19":0,"20":0,"21":0,"22":0},"f":{"0":0,"1":0},"b":{"0":[0,0],"1":[0,0],"2":[0,0],"3":[0,0]}}
,"/Users/yash/Desktop/AI-Persona/backend/src/controllers/messageController.js": {"path":"/Users/yash/Desktop/AI-Persona/backend/src/controllers/messageController.js","statementMap":{"0":{"start":{"line":6,"column":23},"end":{"line":6,"column":60}},"1":{"start":{"line":7,"column":20},"end":{"line":7,"column":51}},"2":{"start":{"line":8,"column":21},"end":{"line":8,"column":53}},"3":{"start":{"line":9,"column":15},"end":{"line":9,"column":41}},"4":{"start":{"line":15,"column":20},"end":{"line":28,"column":2}},"5":{"start":{"line":16,"column":17},"end":{"line":16,"column":27}},"6":{"start":{"line":17,"column":22},"end":{"line":17,"column":30}},"7":{"start":{"line":18,"column":17},"end":{"line":18,"column":28}},"8":{"start":{"line":20,"column":17},"end":{"line":20,"column":70}},"9":{"start":{"line":22,"column":2},"end":{"line":27,"column":4}},"10":{"start":{"line":34,"column":23},"end":{"line":47,"column":2}},"11":{"start":{"line":35,"column":17},"end":{"line":35,"column":27}},"12":{"start":{"line":36,"column":19},"end":{"line":36,"column":27}},"13":{"start":{"line":37,"column":17},"end":{"line":37,"column":28}},"14":{"start":{"line":39,"column":17},"end":{"line":39,"column":70}},"15":{"start":{"line":41,"column":2},"end":{"line":46,"column":4}},"16":{"start":{"line":49,"column":0},"end":{"line":52,"column":2}}},"fnMap":{"0":{"name":"(anonymous_0)","decl":{"start":{"line":15,"column":33},"end":{"line":15,"column":34}},"loc":{"start":{"line":15,"column":53},"end":{"line":28,"column":1}},"line":15},"1":{"name":"(anonymous_1)","decl":{"start":{"line":34,"column":36},"end":{"line":34,"column":37}},"loc":{"start":{"line":34,"column":56},"end":{"line":47,"column":1}},"line":34}},"branchMap":{},"s":{"0":3,"1":3,"2":3,"3":3,"4":3,"5":0,"6":0,"7":0,"8":0,"9":0,"10":3,"11":0,"12":0,"13":0,"14":0,"15":0,"16":3},"f":{"0":0,"1":0},"b":{},"_coverageSchema":"1a1c01bbd47fc00a2c39e90264f33305004495a9","hash":"38614ea0d481496c0cded44d113ec8a3424864e4"}
,"/Users/yash/Desktop/AI-Persona/backend/src/controllers/oauthController.js": {"path":"/Users/yash/Desktop/AI-Persona/backend/src/controllers/oauthController.js","statementMap":{"0":{"start":{"line":1,"column":17},"end":{"line":1,"column":36}},"1":{"start":{"line":2,"column":21},"end":{"line":2,"column":56}},"2":{"start":{"line":3,"column":21},"end":{"line":3,"column":53}},"3":{"start":{"line":4,"column":23},"end":{"line":4,"column":57}},"4":{"start":{"line":6,"column":19},"end":{"line":8,"column":2}},"5":{"start":{"line":10,"column":23},"end":{"line":43,"column":1}},"6":{"start":{"line":17,"column":21},"end":{"line":20,"column":5}},"7":{"start":{"line":22,"column":21},"end":{"line":22,"column":63}},"8":{"start":{"line":23,"column":24},"end":{"line":23,"column":66}},"9":{"start":{"line":24,"column":26},"end":{"line":24,"column":70}},"10":{"start":{"line":26,"column":4},"end":{"line":41,"column":5}},"11":{"start":{"line":28,"column":26},"end":{"line":34,"column":8}},"12":{"start":{"line":35,"column":6},"end":{"line":35,"column":39}},"13":{"start":{"line":38,"column":6},"end":{"line":40,"column":62}},"14":{"start":{"line":45,"column":0},"end":{"line":48,"column":2}}},"fnMap":{"0":{"name":"(anonymous_0)","decl":{"start":{"line":15,"column":15},"end":{"line":15,"column":16}},"loc":{"start":{"line":15,"column":35},"end":{"line":42,"column":3}},"line":15}},"branchMap":{"0":{"loc":{"start":{"line":22,"column":21},"end":{"line":22,"column":63}},"type":"binary-expr","locations":[{"start":{"line":22,"column":21},"end":{"line":22,"column":34}},{"start":{"line":22,"column":38},"end":{"line":22,"column":63}}],"line":22},"1":{"loc":{"start":{"line":23,"column":24},"end":{"line":23,"column":66}},"type":"binary-expr","locations":[{"start":{"line":23,"column":24},"end":{"line":23,"column":37}},{"start":{"line":23,"column":41},"end":{"line":23,"column":66}}],"line":23},"2":{"loc":{"start":{"line":24,"column":26},"end":{"line":24,"column":70}},"type":"binary-expr","locations":[{"start":{"line":24,"column":26},"end":{"line":24,"column":39}},{"start":{"line":24,"column":43},"end":{"line":24,"column":70}}],"line":24},"3":{"loc":{"start":{"line":26,"column":4},"end":{"line":41,"column":5}},"type":"if","locations":[{"start":{"line":26,"column":4},"end":{"line":41,"column":5}},{"start":{"line":36,"column":11},"end":{"line":41,"column":5}}],"line":26},"4":{"loc":{"start":{"line":29,"column":8},"end":{"line":29,"column":56}},"type":"cond-expr","locations":[{"start":{"line":29,"column":22},"end":{"line":29,"column":51}},{"start":{"line":29,"column":54},"end":{"line":29,"column":56}}],"line":29},"5":{"loc":{"start":{"line":31,"column":8},"end":{"line":33,"column":14}},"type":"cond-expr","locations":[{"start":{"line":32,"column":12},"end":{"line":32,"column":65}},{"start":{"line":33,"column":12},"end":{"line":33,"column":14}}],"line":31}},"s":{"0":3,"1":3,"2":3,"3":3,"4":3,"5":3,"6":0,"7":0,"8":0,"9":0,"10":0,"11":0,"12":0,"13":0,"14":3},"f":{"0":0},"b":{"0":[0,0],"1":[0,0],"2":[0,0],"3":[0,0],"4":[0,0],"5":[0,0]},"_coverageSchema":"1a1c01bbd47fc00a2c39e90264f33305004495a9","hash":"da241720d6b499b68f6a61bb4a3e4d57cf1a743c"}
,"/Users/yash/Desktop/AI-Persona/backend/src/controllers/passwordResetController.js": {"path":"/Users/yash/Desktop/AI-Persona/backend/src/controllers/passwordResetController.js","statementMap":{"0":{"start":{"line":1,"column":29},"end":{"line":1,"column":72}},"1":{"start":{"line":2,"column":21},"end":{"line":2,"column":53}},"2":{"start":{"line":3,"column":17},"end":{"line":3,"column":45}},"3":{"start":{"line":5,"column":29},"end":{"line":15,"column":2}},"4":{"start":{"line":6,"column":20},"end":{"line":6,"column":28}},"5":{"start":{"line":7,"column":2},"end":{"line":7,"column":59}},"6":{"start":{"line":7,"column":14},"end":{"line":7,"column":59}},"7":{"start":{"line":8,"column":2},"end":{"line":8,"column":57}},"8":{"start":{"line":10,"column":2},"end":{"line":14,"column":5}},"9":{"start":{"line":17,"column":22},"end":{"line":26,"column":2}},"10":{"start":{"line":18,"column":33},"end":{"line":18,"column":41}},"11":{"start":{"line":19,"column":2},"end":{"line":20,"column":67}},"12":{"start":{"line":20,"column":4},"end":{"line":20,"column":67}},"13":{"start":{"line":21,"column":2},"end":{"line":21,"column":63}},"14":{"start":{"line":22,"column":2},"end":{"line":25,"column":5}},"15":{"start":{"line":28,"column":0},"end":{"line":31,"column":2}}},"fnMap":{"0":{"name":"(anonymous_0)","decl":{"start":{"line":5,"column":42},"end":{"line":5,"column":43}},"loc":{"start":{"line":5,"column":62},"end":{"line":15,"column":1}},"line":5},"1":{"name":"(anonymous_1)","decl":{"start":{"line":17,"column":35},"end":{"line":17,"column":36}},"loc":{"start":{"line":17,"column":55},"end":{"line":26,"column":1}},"line":17}},"branchMap":{"0":{"loc":{"start":{"line":7,"column":2},"end":{"line":7,"column":59}},"type":"if","locations":[{"start":{"line":7,"column":2},"end":{"line":7,"column":59}},{"start":{},"end":{}}],"line":7},"1":{"loc":{"start":{"line":19,"column":2},"end":{"line":20,"column":67}},"type":"if","locations":[{"start":{"line":19,"column":2},"end":{"line":20,"column":67}},{"start":{},"end":{}}],"line":19},"2":{"loc":{"start":{"line":19,"column":6},"end":{"line":19,"column":28}},"type":"binary-expr","locations":[{"start":{"line":19,"column":6},"end":{"line":19,"column":12}},{"start":{"line":19,"column":16},"end":{"line":19,"column":28}}],"line":19}},"s":{"0":0,"1":0,"2":0,"3":0,"4":0,"5":0,"6":0,"7":0,"8":0,"9":0,"10":0,"11":0,"12":0,"13":0,"14":0,"15":0},"f":{"0":0,"1":0},"b":{"0":[0,0],"1":[0,0],"2":[0,0]}}
,"/Users/yash/Desktop/AI-Persona/backend/src/controllers/personaController.js": {"path":"/Users/yash/Desktop/AI-Persona/backend/src/controllers/personaController.js","statementMap":{"0":{"start":{"line":6,"column":23},"end":{"line":6,"column":60}},"1":{"start":{"line":7,"column":20},"end":{"line":7,"column":51}},"2":{"start":{"line":8,"column":21},"end":{"line":8,"column":53}},"3":{"start":{"line":9,"column":15},"end":{"line":9,"column":41}},"4":{"start":{"line":15,"column":20},"end":{"line":31,"column":2}},"5":{"start":{"line":16,"column":29},"end":{"line":16,"column":38}},"6":{"start":{"line":17,"column":17},"end":{"line":17,"column":28}},"7":{"start":{"line":19,"column":18},"end":{"line":21,"column":3}},"8":{"start":{"line":23,"column":19},"end":{"line":23,"column":68}},"9":{"start":{"line":25,"column":2},"end":{"line":30,"column":4}},"10":{"start":{"line":37,"column":23},"end":{"line":49,"column":2}},"11":{"start":{"line":38,"column":17},"end":{"line":38,"column":27}},"12":{"start":{"line":39,"column":17},"end":{"line":39,"column":28}},"13":{"start":{"line":41,"column":18},"end":{"line":41,"column":65}},"14":{"start":{"line":43,"column":2},"end":{"line":48,"column":4}},"15":{"start":{"line":55,"column":24},"end":{"line":69,"column":2}},"16":{"start":{"line":56,"column":17},"end":{"line":56,"column":27}},"17":{"start":{"line":57,"column":17},"end":{"line":57,"column":28}},"18":{"start":{"line":59,"column":17},"end":{"line":59,"column":65}},"19":{"start":{"line":61,"column":2},"end":{"line":68,"column":4}},"20":{"start":{"line":75,"column":20},"end":{"line":94,"column":2}},"21":{"start":{"line":76,"column":17},"end":{"line":76,"column":27}},"22":{"start":{"line":77,"column":46},"end":{"line":77,"column":54}},"23":{"start":{"line":78,"column":17},"end":{"line":78,"column":28}},"24":{"start":{"line":80,"column":17},"end":{"line":86,"column":3}},"25":{"start":{"line":88,"column":2},"end":{"line":93,"column":4}},"26":{"start":{"line":100,"column":25},"end":{"line":121,"column":2}},"27":{"start":{"line":101,"column":17},"end":{"line":101,"column":28}},"28":{"start":{"line":102,"column":22},"end":{"line":102,"column":42}},"29":{"start":{"line":103,"column":23},"end":{"line":103,"column":32}},"30":{"start":{"line":105,"column":18},"end":{"line":107,"column":3}},"31":{"start":{"line":109,"column":24},"end":{"line":113,"column":3}},"32":{"start":{"line":115,"column":2},"end":{"line":120,"column":4}},"33":{"start":{"line":127,"column":37},"end":{"line":144,"column":2}},"34":{"start":{"line":128,"column":17},"end":{"line":128,"column":27}},"35":{"start":{"line":129,"column":25},"end":{"line":129,"column":33}},"36":{"start":{"line":130,"column":17},"end":{"line":130,"column":28}},"37":{"start":{"line":132,"column":17},"end":{"line":136,"column":3}},"38":{"start":{"line":138,"column":2},"end":{"line":143,"column":4}},"39":{"start":{"line":150,"column":26},"end":{"line":167,"column":2}},"40":{"start":{"line":151,"column":17},"end":{"line":151,"column":27}},"41":{"start":{"line":152,"column":44},"end":{"line":152,"column":52}},"42":{"start":{"line":153,"column":17},"end":{"line":153,"column":28}},"43":{"start":{"line":155,"column":17},"end":{"line":159,"column":4}},"44":{"start":{"line":161,"column":2},"end":{"line":166,"column":4}},"45":{"start":{"line":173,"column":23},"end":{"line":186,"column":2}},"46":{"start":{"line":174,"column":17},"end":{"line":174,"column":27}},"47":{"start":{"line":175,"column":19},"end":{"line":175,"column":27}},"48":{"start":{"line":176,"column":17},"end":{"line":176,"column":28}},"49":{"start":{"line":178,"column":17},"end":{"line":178,"column":70}},"50":{"start":{"line":180,"column":2},"end":{"line":185,"column":4}},"51":{"start":{"line":192,"column":22},"end":{"line":207,"column":2}},"52":{"start":{"line":193,"column":17},"end":{"line":193,"column":27}},"53":{"start":{"line":194,"column":23},"end":{"line":194,"column":31}},"54":{"start":{"line":195,"column":17},"end":{"line":195,"column":28}},"55":{"start":{"line":197,"column":17},"end":{"line":197,"column":73}},"56":{"start":{"line":199,"column":2},"end":{"line":206,"column":4}},"57":{"start":{"line":213,"column":28},"end":{"line":230,"column":2}},"58":{"start":{"line":214,"column":17},"end":{"line":214,"column":27}},"59":{"start":{"line":215,"column":28},"end":{"line":215,"column":36}},"60":{"start":{"line":216,"column":17},"end":{"line":216,"column":28}},"61":{"start":{"line":218,"column":17},"end":{"line":222,"column":3}},"62":{"start":{"line":224,"column":2},"end":{"line":229,"column":4}},"63":{"start":{"line":236,"column":30},"end":{"line":247,"column":2}},"64":{"start":{"line":237,"column":20},"end":{"line":237,"column":30}},"65":{"start":{"line":239,"column":17},"end":{"line":239,"column":66}},"66":{"start":{"line":241,"column":2},"end":{"line":246,"column":4}},"67":{"start":{"line":249,"column":0},"end":{"line":261,"column":2}}},"fnMap":{"0":{"name":"(anonymous_0)","decl":{"start":{"line":15,"column":33},"end":{"line":15,"column":34}},"loc":{"start":{"line":15,"column":53},"end":{"line":31,"column":1}},"line":15},"1":{"name":"(anonymous_1)","decl":{"start":{"line":37,"column":36},"end":{"line":37,"column":37}},"loc":{"start":{"line":37,"column":56},"end":{"line":49,"column":1}},"line":37},"2":{"name":"(anonymous_2)","decl":{"start":{"line":55,"column":37},"end":{"line":55,"column":38}},"loc":{"start":{"line":55,"column":57},"end":{"line":69,"column":1}},"line":55},"3":{"name":"(anonymous_3)","decl":{"start":{"line":75,"column":33},"end":{"line":75,"column":34}},"loc":{"start":{"line":75,"column":53},"end":{"line":94,"column":1}},"line":75},"4":{"name":"(anonymous_4)","decl":{"start":{"line":100,"column":38},"end":{"line":100,"column":39}},"loc":{"start":{"line":100,"column":58},"end":{"line":121,"column":1}},"line":100},"5":{"name":"(anonymous_5)","decl":{"start":{"line":127,"column":50},"end":{"line":127,"column":51}},"loc":{"start":{"line":127,"column":70},"end":{"line":144,"column":1}},"line":127},"6":{"name":"(anonymous_6)","decl":{"start":{"line":150,"column":39},"end":{"line":150,"column":40}},"loc":{"start":{"line":150,"column":59},"end":{"line":167,"column":1}},"line":150},"7":{"name":"(anonymous_7)","decl":{"start":{"line":173,"column":36},"end":{"line":173,"column":37}},"loc":{"start":{"line":173,"column":56},"end":{"line":186,"column":1}},"line":173},"8":{"name":"(anonymous_8)","decl":{"start":{"line":192,"column":35},"end":{"line":192,"column":36}},"loc":{"start":{"line":192,"column":55},"end":{"line":207,"column":1}},"line":192},"9":{"name":"(anonymous_9)","decl":{"start":{"line":213,"column":41},"end":{"line":213,"column":42}},"loc":{"start":{"line":213,"column":61},"end":{"line":230,"column":1}},"line":213},"10":{"name":"(anonymous_10)","decl":{"start":{"line":236,"column":43},"end":{"line":236,"column":44}},"loc":{"start":{"line":236,"column":63},"end":{"line":247,"column":1}},"line":236}},"branchMap":{"0":{"loc":{"start":{"line":64,"column":15},"end":{"line":66,"column":43}},"type":"cond-expr","locations":[{"start":{"line":65,"column":10},"end":{"line":65,"column":39}},{"start":{"line":66,"column":10},"end":{"line":66,"column":43}}],"line":64},"1":{"loc":{"start":{"line":203,"column":8},"end":{"line":203,"column":51}},"type":"cond-expr","locations":[{"start":{"line":203,"column":26},"end":{"line":203,"column":36}},{"start":{"line":203,"column":39},"end":{"line":203,"column":51}}],"line":203}},"s":{"0":3,"1":3,"2":3,"3":3,"4":3,"5":0,"6":0,"7":0,"8":0,"9":0,"10":3,"11":0,"12":0,"13":0,"14":0,"15":3,"16":0,"17":0,"18":0,"19":0,"20":3,"21":0,"22":0,"23":0,"24":0,"25":0,"26":3,"27":0,"28":0,"29":0,"30":0,"31":0,"32":0,"33":3,"34":0,"35":0,"36":0,"37":0,"38":0,"39":3,"40":0,"41":0,"42":0,"43":0,"44":0,"45":3,"46":0,"47":0,"48":0,"49":0,"50":0,"51":3,"52":0,"53":0,"54":0,"55":0,"56":0,"57":3,"58":0,"59":0,"60":0,"61":0,"62":0,"63":3,"64":0,"65":0,"66":0,"67":3},"f":{"0":0,"1":0,"2":0,"3":0,"4":0,"5":0,"6":0,"7":0,"8":0,"9":0,"10":0},"b":{"0":[0,0],"1":[0,0]},"_coverageSchema":"1a1c01bbd47fc00a2c39e90264f33305004495a9","hash":"451028f8b8ef80407cb9be4ca2d36d681535204d"}
,"/Users/yash/Desktop/AI-Persona/backend/src/controllers/profileController.js": {"path":"/Users/yash/Desktop/AI-Persona/backend/src/controllers/profileController.js","statementMap":{"0":{"start":{"line":1,"column":23},"end":{"line":1,"column":60}},"1":{"start":{"line":2,"column":21},"end":{"line":2,"column":53}},"2":{"start":{"line":3,"column":17},"end":{"line":3,"column":45}},"3":{"start":{"line":6,"column":14},"end":{"line":13,"column":2}},"4":{"start":{"line":7,"column":17},"end":{"line":7,"column":28}},"5":{"start":{"line":8,"column":18},"end":{"line":8,"column":57}},"6":{"start":{"line":9,"column":2},"end":{"line":12,"column":5}},"7":{"start":{"line":16,"column":17},"end":{"line":32,"column":2}},"8":{"start":{"line":17,"column":17},"end":{"line":17,"column":28}},"9":{"start":{"line":18,"column":48},"end":{"line":18,"column":56}},"10":{"start":{"line":20,"column":25},"end":{"line":25,"column":4}},"11":{"start":{"line":27,"column":2},"end":{"line":31,"column":5}},"12":{"start":{"line":35,"column":21},"end":{"line":57,"column":2}},"13":{"start":{"line":36,"column":17},"end":{"line":36,"column":28}},"14":{"start":{"line":39,"column":2},"end":{"line":50,"column":3}},"15":{"start":{"line":41,"column":4},"end":{"line":41,"column":75}},"16":{"start":{"line":42,"column":9},"end":{"line":50,"column":3}},"17":{"start":{"line":44,"column":4},"end":{"line":47,"column":6}},"18":{"start":{"line":49,"column":4},"end":{"line":49,"column":72}},"19":{"start":{"line":52,"column":2},"end":{"line":56,"column":5}},"20":{"start":{"line":60,"column":23},"end":{"line":74,"column":2}},"21":{"start":{"line":61,"column":17},"end":{"line":61,"column":28}},"22":{"start":{"line":62,"column":43},"end":{"line":62,"column":51}},"23":{"start":{"line":64,"column":2},"end":{"line":66,"column":3}},"24":{"start":{"line":65,"column":4},"end":{"line":65,"column":78}},"25":{"start":{"line":68,"column":2},"end":{"line":68,"column":76}},"26":{"start":{"line":70,"column":2},"end":{"line":73,"column":5}},"27":{"start":{"line":76,"column":0},"end":{"line":81,"column":2}}},"fnMap":{"0":{"name":"(anonymous_0)","decl":{"start":{"line":6,"column":27},"end":{"line":6,"column":28}},"loc":{"start":{"line":6,"column":47},"end":{"line":13,"column":1}},"line":6},"1":{"name":"(anonymous_1)","decl":{"start":{"line":16,"column":30},"end":{"line":16,"column":31}},"loc":{"start":{"line":16,"column":50},"end":{"line":32,"column":1}},"line":16},"2":{"name":"(anonymous_2)","decl":{"start":{"line":35,"column":34},"end":{"line":35,"column":35}},"loc":{"start":{"line":35,"column":54},"end":{"line":57,"column":1}},"line":35},"3":{"name":"(anonymous_3)","decl":{"start":{"line":60,"column":36},"end":{"line":60,"column":37}},"loc":{"start":{"line":60,"column":56},"end":{"line":74,"column":1}},"line":60}},"branchMap":{"0":{"loc":{"start":{"line":39,"column":2},"end":{"line":50,"column":3}},"type":"if","locations":[{"start":{"line":39,"column":2},"end":{"line":50,"column":3}},{"start":{"line":42,"column":9},"end":{"line":50,"column":3}}],"line":39},"1":{"loc":{"start":{"line":42,"column":9},"end":{"line":50,"column":3}},"type":"if","locations":[{"start":{"line":42,"column":9},"end":{"line":50,"column":3}},{"start":{"line":48,"column":9},"end":{"line":50,"column":3}}],"line":42},"2":{"loc":{"start":{"line":64,"column":2},"end":{"line":66,"column":3}},"type":"if","locations":[{"start":{"line":64,"column":2},"end":{"line":66,"column":3}},{"start":{},"end":{}}],"line":64},"3":{"loc":{"start":{"line":64,"column":6},"end":{"line":64,"column":38}},"type":"binary-expr","locations":[{"start":{"line":64,"column":6},"end":{"line":64,"column":22}},{"start":{"line":64,"column":26},"end":{"line":64,"column":38}}],"line":64}},"s":{"0":3,"1":3,"2":3,"3":3,"4":0,"5":0,"6":0,"7":3,"8":0,"9":0,"10":0,"11":0,"12":3,"13":0,"14":0,"15":0,"16":0,"17":0,"18":0,"19":0,"20":3,"21":0,"22":0,"23":0,"24":0,"25":0,"26":0,"27":3},"f":{"0":0,"1":0,"2":0,"3":0},"b":{"0":[0,0],"1":[0,0],"2":[0,0],"3":[0,0]},"_coverageSchema":"1a1c01bbd47fc00a2c39e90264f33305004495a9","hash":"b119dee7664656eab1f71247075fda3ba09addd8"}
,"/Users/yash/Desktop/AI-Persona/backend/src/controllers/workspaceController.js": {"path":"/Users/yash/Desktop/AI-Persona/backend/src/controllers/workspaceController.js","statementMap":{"0":{"start":{"line":1,"column":25},"end":{"line":1,"column":64}},"1":{"start":{"line":2,"column":21},"end":{"line":2,"column":53}},"2":{"start":{"line":3,"column":17},"end":{"line":3,"column":45}},"3":{"start":{"line":6,"column":21},"end":{"line":16,"column":2}},"4":{"start":{"line":7,"column":22},"end":{"line":7,"column":35}},"5":{"start":{"line":8,"column":17},"end":{"line":8,"column":28}},"6":{"start":{"line":10,"column":20},"end":{"line":10,"column":76}},"7":{"start":{"line":12,"column":2},"end":{"line":15,"column":5}},"8":{"start":{"line":19,"column":24},"end":{"line":35,"column":2}},"9":{"start":{"line":20,"column":22},"end":{"line":20,"column":35}},"10":{"start":{"line":21,"column":17},"end":{"line":21,"column":28}},"11":{"start":{"line":22,"column":37},"end":{"line":22,"column":45}},"12":{"start":{"line":24,"column":27},"end":{"line":28,"column":3}},"13":{"start":{"line":30,"column":2},"end":{"line":34,"column":5}},"14":{"start":{"line":38,"column":20},"end":{"line":60,"column":2}},"15":{"start":{"line":39,"column":22},"end":{"line":39,"column":35}},"16":{"start":{"line":40,"column":17},"end":{"line":40,"column":28}},"17":{"start":{"line":41,"column":57},"end":{"line":41,"column":66}},"18":{"start":{"line":43,"column":17},"end":{"line":49,"column":4}},"19":{"start":{"line":51,"column":2},"end":{"line":59,"column":5}},"20":{"start":{"line":63,"column":19},"end":{"line":81,"column":2}},"21":{"start":{"line":64,"column":22},"end":{"line":64,"column":35}},"22":{"start":{"line":65,"column":19},"end":{"line":65,"column":33}},"23":{"start":{"line":66,"column":17},"end":{"line":66,"column":28}},"24":{"start":{"line":67,"column":19},"end":{"line":67,"column":27}},"25":{"start":{"line":69,"column":24},"end":{"line":74,"column":3}},"26":{"start":{"line":76,"column":2},"end":{"line":80,"column":5}},"27":{"start":{"line":84,"column":21},"end":{"line":102,"column":2}},"28":{"start":{"line":85,"column":22},"end":{"line":85,"column":35}},"29":{"start":{"line":86,"column":19},"end":{"line":86,"column":33}},"30":{"start":{"line":87,"column":17},"end":{"line":87,"column":28}},"31":{"start":{"line":88,"column":21},"end":{"line":88,"column":29}},"32":{"start":{"line":90,"column":24},"end":{"line":95,"column":3}},"33":{"start":{"line":97,"column":2},"end":{"line":101,"column":5}},"34":{"start":{"line":105,"column":21},"end":{"line":116,"column":2}},"35":{"start":{"line":106,"column":22},"end":{"line":106,"column":35}},"36":{"start":{"line":107,"column":19},"end":{"line":107,"column":33}},"37":{"start":{"line":108,"column":17},"end":{"line":108,"column":28}},"38":{"start":{"line":110,"column":2},"end":{"line":110,"column":69}},"39":{"start":{"line":112,"column":2},"end":{"line":115,"column":5}},"40":{"start":{"line":119,"column":24},"end":{"line":130,"column":2}},"41":{"start":{"line":120,"column":22},"end":{"line":120,"column":35}},"42":{"start":{"line":121,"column":17},"end":{"line":121,"column":28}},"43":{"start":{"line":122,"column":21},"end":{"line":122,"column":29}},"44":{"start":{"line":124,"column":2},"end":{"line":124,"column":70}},"45":{"start":{"line":126,"column":2},"end":{"line":129,"column":5}},"46":{"start":{"line":132,"column":0},"end":{"line":140,"column":2}}},"fnMap":{"0":{"name":"(anonymous_0)","decl":{"start":{"line":6,"column":34},"end":{"line":6,"column":35}},"loc":{"start":{"line":6,"column":54},"end":{"line":16,"column":1}},"line":6},"1":{"name":"(anonymous_1)","decl":{"start":{"line":19,"column":37},"end":{"line":19,"column":38}},"loc":{"start":{"line":19,"column":57},"end":{"line":35,"column":1}},"line":19},"2":{"name":"(anonymous_2)","decl":{"start":{"line":38,"column":33},"end":{"line":38,"column":34}},"loc":{"start":{"line":38,"column":53},"end":{"line":60,"column":1}},"line":38},"3":{"name":"(anonymous_3)","decl":{"start":{"line":63,"column":32},"end":{"line":63,"column":33}},"loc":{"start":{"line":63,"column":52},"end":{"line":81,"column":1}},"line":63},"4":{"name":"(anonymous_4)","decl":{"start":{"line":84,"column":34},"end":{"line":84,"column":35}},"loc":{"start":{"line":84,"column":54},"end":{"line":102,"column":1}},"line":84},"5":{"name":"(anonymous_5)","decl":{"start":{"line":105,"column":34},"end":{"line":105,"column":35}},"loc":{"start":{"line":105,"column":54},"end":{"line":116,"column":1}},"line":105},"6":{"name":"(anonymous_6)","decl":{"start":{"line":119,"column":37},"end":{"line":119,"column":38}},"loc":{"start":{"line":119,"column":57},"end":{"line":130,"column":1}},"line":119}},"branchMap":{"0":{"loc":{"start":{"line":41,"column":32},"end":{"line":41,"column":40}},"type":"default-arg","locations":[{"start":{"line":41,"column":39},"end":{"line":41,"column":40}}],"line":41},"1":{"loc":{"start":{"line":41,"column":42},"end":{"line":41,"column":52}},"type":"default-arg","locations":[{"start":{"line":41,"column":50},"end":{"line":41,"column":52}}],"line":41}},"s":{"0":3,"1":3,"2":3,"3":3,"4":0,"5":0,"6":0,"7":0,"8":3,"9":0,"10":0,"11":0,"12":0,"13":0,"14":3,"15":0,"16":0,"17":0,"18":0,"19":0,"20":3,"21":0,"22":0,"23":0,"24":0,"25":0,"26":0,"27":3,"28":0,"29":0,"30":0,"31":0,"32":0,"33":0,"34":3,"35":0,"36":0,"37":0,"38":0,"39":0,"40":3,"41":0,"42":0,"43":0,"44":0,"45":0,"46":3},"f":{"0":0,"1":0,"2":0,"3":0,"4":0,"5":0,"6":0},"b":{"0":[0],"1":[0]},"_coverageSchema":"1a1c01bbd47fc00a2c39e90264f33305004495a9","hash":"fb980b0fa2280196876865199618da161180d6f5"}
,"/Users/yash/Desktop/AI-Persona/backend/src/middlewares/authMiddleware.js": {"path":"/Users/yash/Desktop/AI-Persona/backend/src/middlewares/authMiddleware.js","statementMap":{"0":{"start":{"line":10,"column":24},"end":{"line":10,"column":47}},"1":{"start":{"line":11,"column":17},"end":{"line":11,"column":45}},"2":{"start":{"line":12,"column":25},"end":{"line":12,"column":50}},"3":{"start":{"line":13,"column":15},"end":{"line":13,"column":33}},"4":{"start":{"line":16,"column":2},"end":{"line":50,"column":3}},"5":{"start":{"line":18,"column":23},"end":{"line":18,"column":51}},"6":{"start":{"line":19,"column":4},"end":{"line":21,"column":5}},"7":{"start":{"line":20,"column":6},"end":{"line":20,"column":74}},"8":{"start":{"line":22,"column":18},"end":{"line":22,"column":42}},"9":{"start":{"line":25,"column":20},"end":{"line":25,"column":44}},"10":{"start":{"line":26,"column":4},"end":{"line":28,"column":5}},"11":{"start":{"line":27,"column":6},"end":{"line":27,"column":58}},"12":{"start":{"line":30,"column":17},"end":{"line":32,"column":6}},"13":{"start":{"line":33,"column":4},"end":{"line":35,"column":5}},"14":{"start":{"line":34,"column":6},"end":{"line":34,"column":60}},"15":{"start":{"line":36,"column":4},"end":{"line":38,"column":5}},"16":{"start":{"line":37,"column":6},"end":{"line":37,"column":71}},"17":{"start":{"line":40,"column":4},"end":{"line":46,"column":6}},"18":{"start":{"line":47,"column":4},"end":{"line":47,"column":11}},"19":{"start":{"line":49,"column":4},"end":{"line":49,"column":14}},"20":{"start":{"line":53,"column":0},"end":{"line":53,"column":32}}},"fnMap":{"0":{"name":"authMiddleware","decl":{"start":{"line":15,"column":15},"end":{"line":15,"column":29}},"loc":{"start":{"line":15,"column":46},"end":{"line":51,"column":1}},"line":15}},"branchMap":{"0":{"loc":{"start":{"line":19,"column":4},"end":{"line":21,"column":5}},"type":"if","locations":[{"start":{"line":19,"column":4},"end":{"line":21,"column":5}},{"start":{},"end":{}}],"line":19},"1":{"loc":{"start":{"line":19,"column":8},"end":{"line":19,"column":56}},"type":"binary-expr","locations":[{"start":{"line":19,"column":8},"end":{"line":19,"column":19}},{"start":{"line":19,"column":23},"end":{"line":19,"column":56}}],"line":19},"2":{"loc":{"start":{"line":26,"column":4},"end":{"line":28,"column":5}},"type":"if","locations":[{"start":{"line":26,"column":4},"end":{"line":28,"column":5}},{"start":{},"end":{}}],"line":26},"3":{"loc":{"start":{"line":26,"column":8},"end":{"line":26,"column":35}},"type":"binary-expr","locations":[{"start":{"line":26,"column":8},"end":{"line":26,"column":16}},{"start":{"line":26,"column":20},"end":{"line":26,"column":35}}],"line":26},"4":{"loc":{"start":{"line":33,"column":4},"end":{"line":35,"column":5}},"type":"if","locations":[{"start":{"line":33,"column":4},"end":{"line":35,"column":5}},{"start":{},"end":{}}],"line":33},"5":{"loc":{"start":{"line":33,"column":8},"end":{"line":33,"column":41}},"type":"binary-expr","locations":[{"start":{"line":33,"column":8},"end":{"line":33,"column":13}},{"start":{"line":33,"column":17},"end":{"line":33,"column":41}}],"line":33},"6":{"loc":{"start":{"line":36,"column":4},"end":{"line":38,"column":5}},"type":"if","locations":[{"start":{"line":36,"column":4},"end":{"line":38,"column":5}},{"start":{},"end":{}}],"line":36}},"s":{"0":4,"1":4,"2":4,"3":4,"4":10,"5":10,"6":10,"7":2,"8":8,"9":8,"10":3,"11":3,"12":0,"13":0,"14":0,"15":0,"16":0,"17":0,"18":0,"19":10,"20":4},"f":{"0":10},"b":{"0":[2,8],"1":[10,9],"2":[3,0],"3":[3,0],"4":[0,0],"5":[0,0],"6":[0,0]},"_coverageSchema":"1a1c01bbd47fc00a2c39e90264f33305004495a9","hash":"ba90951d5c21c62778f67cbc31a30e9cb5b37fa6"}
,"/Users/yash/Desktop/AI-Persona/backend/src/middlewares/passportSetup.js": {"path":"/Users/yash/Desktop/AI-Persona/backend/src/middlewares/passportSetup.js","statementMap":{"0":{"start":{"line":1,"column":17},"end":{"line":1,"column":36}},"1":{"start":{"line":2,"column":23},"end":{"line":2,"column":66}},"2":{"start":{"line":3,"column":23},"end":{"line":3,"column":57}},"3":{"start":{"line":4,"column":25},"end":{"line":4,"column":50}},"4":{"start":{"line":5,"column":15},"end":{"line":5,"column":33}},"5":{"start":{"line":9,"column":2},"end":{"line":54,"column":3}},"6":{"start":{"line":10,"column":4},"end":{"line":53,"column":6}},"7":{"start":{"line":19,"column":10},"end":{"line":50,"column":11}},"8":{"start":{"line":21,"column":23},"end":{"line":28,"column":14}},"9":{"start":{"line":29,"column":12},"end":{"line":45,"column":13}},"10":{"start":{"line":31,"column":32},"end":{"line":31,"column":66}},"11":{"start":{"line":32,"column":14},"end":{"line":44,"column":17}},"12":{"start":{"line":47,"column":12},"end":{"line":47,"column":49}},"13":{"start":{"line":49,"column":12},"end":{"line":49,"column":35}},"14":{"start":{"line":57,"column":2},"end":{"line":59,"column":4}},"15":{"start":{"line":58,"column":4},"end":{"line":58,"column":47}},"16":{"start":{"line":60,"column":2},"end":{"line":67,"column":5}},"17":{"start":{"line":61,"column":4},"end":{"line":66,"column":5}},"18":{"start":{"line":62,"column":19},"end":{"line":62,"column":66}},"19":{"start":{"line":63,"column":6},"end":{"line":63,"column":23}},"20":{"start":{"line":65,"column":6},"end":{"line":65,"column":22}},"21":{"start":{"line":70,"column":0},"end":{"line":70,"column":36}}},"fnMap":{"0":{"name":"initializePassport","decl":{"start":{"line":7,"column":9},"end":{"line":7,"column":27}},"loc":{"start":{"line":7,"column":30},"end":{"line":68,"column":1}},"line":7},"1":{"name":"(anonymous_1)","decl":{"start":{"line":18,"column":8},"end":{"line":18,"column":9}},"loc":{"start":{"line":18,"column":60},"end":{"line":51,"column":9}},"line":18},"2":{"name":"(anonymous_2)","decl":{"start":{"line":57,"column":25},"end":{"line":57,"column":26}},"loc":{"start":{"line":58,"column":4},"end":{"line":58,"column":47}},"line":58},"3":{"name":"(anonymous_3)","decl":{"start":{"line":60,"column":27},"end":{"line":60,"column":28}},"loc":{"start":{"line":60,"column":47},"end":{"line":67,"column":3}},"line":60}},"branchMap":{"0":{"loc":{"start":{"line":9,"column":2},"end":{"line":54,"column":3}},"type":"if","locations":[{"start":{"line":9,"column":2},"end":{"line":54,"column":3}},{"start":{},"end":{}}],"line":9},"1":{"loc":{"start":{"line":9,"column":6},"end":{"line":9,"column":74}},"type":"binary-expr","locations":[{"start":{"line":9,"column":6},"end":{"line":9,"column":36}},{"start":{"line":9,"column":40},"end":{"line":9,"column":74}}],"line":9},"2":{"loc":{"start":{"line":24,"column":18},"end":{"line":26,"column":41}},"type":"binary-expr","locations":[{"start":{"line":24,"column":18},"end":{"line":24,"column":32}},{"start":{"line":25,"column":18},"end":{"line":25,"column":35}},{"start":{"line":26,"column":18},"end":{"line":26,"column":41}}],"line":24},"3":{"loc":{"start":{"line":29,"column":12},"end":{"line":45,"column":13}},"type":"if","locations":[{"start":{"line":29,"column":12},"end":{"line":45,"column":13}},{"start":{},"end":{}}],"line":29},"4":{"loc":{"start":{"line":35,"column":20},"end":{"line":37,"column":43}},"type":"binary-expr","locations":[{"start":{"line":35,"column":20},"end":{"line":35,"column":34}},{"start":{"line":36,"column":20},"end":{"line":36,"column":37}},{"start":{"line":37,"column":20},"end":{"line":37,"column":43}}],"line":35},"5":{"loc":{"start":{"line":41,"column":31},"end":{"line":41,"column":67}},"type":"cond-expr","locations":[{"start":{"line":41,"column":43},"end":{"line":41,"column":55}},{"start":{"line":41,"column":58},"end":{"line":41,"column":67}}],"line":41},"6":{"loc":{"start":{"line":42,"column":24},"end":{"line":42,"column":55}},"type":"cond-expr","locations":[{"start":{"line":42,"column":36},"end":{"line":42,"column":44}},{"start":{"line":42,"column":47},"end":{"line":42,"column":55}}],"line":42},"7":{"loc":{"start":{"line":58,"column":15},"end":{"line":58,"column":46}},"type":"cond-expr","locations":[{"start":{"line":58,"column":26},"end":{"line":58,"column":37}},{"start":{"line":58,"column":40},"end":{"line":58,"column":46}}],"line":58}},"s":{"0":3,"1":3,"2":3,"3":3,"4":3,"5":3,"6":3,"7":0,"8":0,"9":0,"10":0,"11":0,"12":0,"13":0,"14":3,"15":0,"16":3,"17":0,"18":0,"19":0,"20":0,"21":3},"f":{"0":3,"1":0,"2":0,"3":0},"b":{"0":[3,0],"1":[3,3],"2":[0,0,0],"3":[0,0],"4":[0,0,0],"5":[0,0],"6":[0,0],"7":[0,0]},"_coverageSchema":"1a1c01bbd47fc00a2c39e90264f33305004495a9","hash":"b2e8ce56e5bb7814bdbe48714367e2bbace2a360"}
,"/Users/yash/Desktop/AI-Persona/backend/src/middlewares/permissionMiddleware.js": {"path":"/Users/yash/Desktop/AI-Persona/backend/src/middlewares/permissionMiddleware.js","statementMap":{"0":{"start":{"line":1,"column":17},"end":{"line":1,"column":45}},"1":{"start":{"line":2,"column":14},"end":{"line":2,"column":39}},"2":{"start":{"line":5,"column":2},"end":{"line":15,"column":4}},"3":{"start":{"line":6,"column":4},"end":{"line":8,"column":5}},"4":{"start":{"line":7,"column":6},"end":{"line":7,"column":60}},"5":{"start":{"line":9,"column":21},"end":{"line":9,"column":34}},"6":{"start":{"line":10,"column":24},"end":{"line":10,"column":45}},"7":{"start":{"line":11,"column":4},"end":{"line":13,"column":5}},"8":{"start":{"line":12,"column":6},"end":{"line":12,"column":65}},"9":{"start":{"line":14,"column":4},"end":{"line":14,"column":11}},"10":{"start":{"line":18,"column":0},"end":{"line":18,"column":38}}},"fnMap":{"0":{"name":"permissionMiddleware","decl":{"start":{"line":4,"column":9},"end":{"line":4,"column":29}},"loc":{"start":{"line":4,"column":50},"end":{"line":16,"column":1}},"line":4},"1":{"name":"(anonymous_1)","decl":{"start":{"line":5,"column":9},"end":{"line":5,"column":10}},"loc":{"start":{"line":5,"column":29},"end":{"line":15,"column":3}},"line":5}},"branchMap":{"0":{"loc":{"start":{"line":6,"column":4},"end":{"line":8,"column":5}},"type":"if","locations":[{"start":{"line":6,"column":4},"end":{"line":8,"column":5}},{"start":{},"end":{}}],"line":6},"1":{"loc":{"start":{"line":6,"column":8},"end":{"line":6,"column":35}},"type":"binary-expr","locations":[{"start":{"line":6,"column":8},"end":{"line":6,"column":17}},{"start":{"line":6,"column":21},"end":{"line":6,"column":35}}],"line":6},"2":{"loc":{"start":{"line":10,"column":24},"end":{"line":10,"column":45}},"type":"binary-expr","locations":[{"start":{"line":10,"column":24},"end":{"line":10,"column":39}},{"start":{"line":10,"column":43},"end":{"line":10,"column":45}}],"line":10},"3":{"loc":{"start":{"line":11,"column":4},"end":{"line":13,"column":5}},"type":"if","locations":[{"start":{"line":11,"column":4},"end":{"line":13,"column":5}},{"start":{},"end":{}}],"line":11}},"s":{"0":0,"1":0,"2":0,"3":0,"4":0,"5":0,"6":0,"7":0,"8":0,"9":0,"10":0},"f":{"0":0,"1":0},"b":{"0":[0,0],"1":[0,0],"2":[0,0],"3":[0,0]}}
,"/Users/yash/Desktop/AI-Persona/backend/src/middlewares/rateLimiter.js": {"path":"/Users/yash/Desktop/AI-Persona/backend/src/middlewares/rateLimiter.js","statementMap":{"0":{"start":{"line":1,"column":18},"end":{"line":1,"column":47}},"1":{"start":{"line":4,"column":34},"end":{"line":15,"column":2}},"2":{"start":{"line":18,"column":20},"end":{"line":32,"column":2}},"3":{"start":{"line":28,"column":4},"end":{"line":28,"column":45}},"4":{"start":{"line":35,"column":23},"end":{"line":45,"column":2}},"5":{"start":{"line":47,"column":0},"end":{"line":51,"column":2}}},"fnMap":{"0":{"name":"(anonymous_0)","decl":{"start":{"line":26,"column":16},"end":{"line":26,"column":17}},"loc":{"start":{"line":26,"column":25},"end":{"line":29,"column":3}},"line":26}},"branchMap":{},"s":{"0":3,"1":3,"2":3,"3":0,"4":3,"5":3},"f":{"0":0},"b":{},"_coverageSchema":"1a1c01bbd47fc00a2c39e90264f33305004495a9","hash":"3720b6e09e9858384a1b8203121740b70225e994"}
,"/Users/yash/Desktop/AI-Persona/backend/src/middlewares/roleMiddleware.js": {"path":"/Users/yash/Desktop/AI-Persona/backend/src/middlewares/roleMiddleware.js","statementMap":{"0":{"start":{"line":1,"column":17},"end":{"line":1,"column":45}},"1":{"start":{"line":4,"column":2},"end":{"line":32,"column":4}},"2":{"start":{"line":5,"column":4},"end":{"line":7,"column":5}},"3":{"start":{"line":6,"column":6},"end":{"line":6,"column":64}},"4":{"start":{"line":10,"column":18},"end":{"line":12,"column":23}},"5":{"start":{"line":15,"column":28},"end":{"line":17,"column":5}},"6":{"start":{"line":16,"column":16},"end":{"line":16,"column":66}},"7":{"start":{"line":20,"column":4},"end":{"line":25,"column":5}},"8":{"start":{"line":21,"column":29},"end":{"line":21,"column":64}},"9":{"start":{"line":22,"column":6},"end":{"line":24,"column":7}},"10":{"start":{"line":23,"column":8},"end":{"line":23,"column":22}},"11":{"start":{"line":27,"column":4},"end":{"line":29,"column":5}},"12":{"start":{"line":28,"column":6},"end":{"line":28,"column":65}},"13":{"start":{"line":31,"column":4},"end":{"line":31,"column":11}},"14":{"start":{"line":35,"column":0},"end":{"line":35,"column":32}}},"fnMap":{"0":{"name":"roleMiddleware","decl":{"start":{"line":3,"column":9},"end":{"line":3,"column":23}},"loc":{"start":{"line":3,"column":59},"end":{"line":33,"column":1}},"line":3},"1":{"name":"(anonymous_1)","decl":{"start":{"line":4,"column":9},"end":{"line":4,"column":10}},"loc":{"start":{"line":4,"column":29},"end":{"line":32,"column":3}},"line":4},"2":{"name":"(anonymous_2)","decl":{"start":{"line":16,"column":6},"end":{"line":16,"column":7}},"loc":{"start":{"line":16,"column":16},"end":{"line":16,"column":66}},"line":16}},"branchMap":{"0":{"loc":{"start":{"line":3,"column":39},"end":{"line":3,"column":57}},"type":"default-arg","locations":[{"start":{"line":3,"column":52},"end":{"line":3,"column":57}}],"line":3},"1":{"loc":{"start":{"line":5,"column":4},"end":{"line":7,"column":5}},"type":"if","locations":[{"start":{"line":5,"column":4},"end":{"line":7,"column":5}},{"start":{},"end":{}}],"line":5},"2":{"loc":{"start":{"line":10,"column":18},"end":{"line":12,"column":23}},"type":"cond-expr","locations":[{"start":{"line":11,"column":8},"end":{"line":11,"column":21}},{"start":{"line":12,"column":8},"end":{"line":12,"column":23}}],"line":10},"3":{"loc":{"start":{"line":20,"column":4},"end":{"line":25,"column":5}},"type":"if","locations":[{"start":{"line":20,"column":4},"end":{"line":25,"column":5}},{"start":{},"end":{}}],"line":20},"4":{"loc":{"start":{"line":20,"column":8},"end":{"line":20,"column":38}},"type":"binary-expr","locations":[{"start":{"line":20,"column":8},"end":{"line":20,"column":18}},{"start":{"line":20,"column":22},"end":{"line":20,"column":38}}],"line":20},"5":{"loc":{"start":{"line":21,"column":29},"end":{"line":21,"column":64}},"type":"binary-expr","locations":[{"start":{"line":21,"column":29},"end":{"line":21,"column":43}},{"start":{"line":21,"column":47},"end":{"line":21,"column":64}}],"line":21},"6":{"loc":{"start":{"line":22,"column":6},"end":{"line":24,"column":7}},"type":"if","locations":[{"start":{"line":22,"column":6},"end":{"line":24,"column":7}},{"start":{},"end":{}}],"line":22},"7":{"loc":{"start":{"line":22,"column":10},"end":{"line":22,"column":58}},"type":"binary-expr","locations":[{"start":{"line":22,"column":10},"end":{"line":22,"column":24}},{"start":{"line":22,"column":28},"end":{"line":22,"column":58}}],"line":22},"8":{"loc":{"start":{"line":27,"column":4},"end":{"line":29,"column":5}},"type":"if","locations":[{"start":{"line":27,"column":4},"end":{"line":29,"column":5}},{"start":{},"end":{}}],"line":27}},"s":{"0":3,"1":18,"2":0,"3":0,"4":0,"5":0,"6":0,"7":0,"8":0,"9":0,"10":0,"11":0,"12":0,"13":0,"14":3},"f":{"0":18,"1":0,"2":0},"b":{"0":[18],"1":[0,0],"2":[0,0],"3":[0,0],"4":[0,0],"5":[0,0],"6":[0,0],"7":[0,0],"8":[0,0]},"_coverageSchema":"1a1c01bbd47fc00a2c39e90264f33305004495a9","hash":"67ed7933d8b4a8b314c22d26e75f3ba71689b647"}
,"/Users/yash/Desktop/AI-Persona/backend/src/middlewares/validationMiddleware.js": {"path":"/Users/yash/Desktop/AI-Persona/backend/src/middlewares/validationMiddleware.js","statementMap":{"0":{"start":{"line":6,"column":49},"end":{"line":6,"column":77}},"1":{"start":{"line":7,"column":17},"end":{"line":7,"column":45}},"2":{"start":{"line":10,"column":31},"end":{"line":17,"column":1}},"3":{"start":{"line":11,"column":17},"end":{"line":11,"column":38}},"4":{"start":{"line":12,"column":2},"end":{"line":15,"column":3}},"5":{"start":{"line":13,"column":26},"end":{"line":13,"column":66}},"6":{"start":{"line":13,"column":56},"end":{"line":13,"column":65}},"7":{"start":{"line":14,"column":4},"end":{"line":14,"column":78}},"8":{"start":{"line":16,"column":2},"end":{"line":16,"column":9}},"9":{"start":{"line":20,"column":29},"end":{"line":38,"column":1}},"10":{"start":{"line":41,"column":22},"end":{"line":48,"column":1}},"11":{"start":{"line":51,"column":37},"end":{"line":57,"column":1}},"12":{"start":{"line":60,"column":30},"end":{"line":70,"column":1}},"13":{"start":{"line":73,"column":34},"end":{"line":76,"column":1}},"14":{"start":{"line":79,"column":35},"end":{"line":85,"column":1}},"15":{"start":{"line":88,"column":29},"end":{"line":91,"column":1}},"16":{"start":{"line":94,"column":34},"end":{"line":97,"column":1}},"17":{"start":{"line":100,"column":23},"end":{"line":103,"column":1}},"18":{"start":{"line":106,"column":27},"end":{"line":116,"column":1}},"19":{"start":{"line":119,"column":23},"end":{"line":126,"column":1}},"20":{"start":{"line":129,"column":26},"end":{"line":139,"column":1}},"21":{"start":{"line":142,"column":30},"end":{"line":158,"column":1}},"22":{"start":{"line":160,"column":31},"end":{"line":172,"column":1}},"23":{"start":{"line":174,"column":29},"end":{"line":180,"column":1}},"24":{"start":{"line":183,"column":32},"end":{"line":195,"column":1}},"25":{"start":{"line":197,"column":27},"end":{"line":202,"column":1}},"26":{"start":{"line":204,"column":28},"end":{"line":207,"column":1}},"27":{"start":{"line":209,"column":25},"end":{"line":212,"column":1}},"28":{"start":{"line":214,"column":32},"end":{"line":221,"column":1}},"29":{"start":{"line":224,"column":33},"end":{"line":247,"column":1}},"30":{"start":{"line":249,"column":26},"end":{"line":254,"column":1}},"31":{"start":{"line":256,"column":28},"end":{"line":261,"column":1}},"32":{"start":{"line":264,"column":23},"end":{"line":272,"column":1}},"33":{"start":{"line":264,"column":70},"end":{"line":272,"column":1}},"34":{"start":{"line":275,"column":22},"end":{"line":281,"column":1}},"35":{"start":{"line":275,"column":37},"end":{"line":281,"column":1}},"36":{"start":{"line":284,"column":19},"end":{"line":287,"column":1}},"37":{"start":{"line":284,"column":34},"end":{"line":287,"column":1}},"38":{"start":{"line":290,"column":26},"end":{"line":293,"column":1}},"39":{"start":{"line":295,"column":28},"end":{"line":308,"column":1}},"40":{"start":{"line":310,"column":32},"end":{"line":313,"column":1}},"41":{"start":{"line":316,"column":31},"end":{"line":319,"column":1}},"42":{"start":{"line":321,"column":39},"end":{"line":327,"column":1}},"43":{"start":{"line":329,"column":34},"end":{"line":335,"column":1}},"44":{"start":{"line":338,"column":26},"end":{"line":341,"column":1}},"45":{"start":{"line":343,"column":28},"end":{"line":352,"column":1}},"46":{"start":{"line":355,"column":27},"end":{"line":373,"column":1}},"47":{"start":{"line":376,"column":25},"end":{"line":382,"column":1}},"48":{"start":{"line":385,"column":24},"end":{"line":389,"column":1}},"49":{"start":{"line":392,"column":26},"end":{"line":399,"column":1}},"50":{"start":{"line":402,"column":28},"end":{"line":410,"column":1}},"51":{"start":{"line":412,"column":0},"end":{"line":464,"column":2}}},"fnMap":{"0":{"name":"(anonymous_0)","decl":{"start":{"line":10,"column":31},"end":{"line":10,"column":32}},"loc":{"start":{"line":10,"column":51},"end":{"line":17,"column":1}},"line":10},"1":{"name":"(anonymous_1)","decl":{"start":{"line":13,"column":45},"end":{"line":13,"column":46}},"loc":{"start":{"line":13,"column":56},"end":{"line":13,"column":65}},"line":13},"2":{"name":"(anonymous_2)","decl":{"start":{"line":264,"column":23},"end":{"line":264,"column":24}},"loc":{"start":{"line":264,"column":70},"end":{"line":272,"column":1}},"line":264},"3":{"name":"(anonymous_3)","decl":{"start":{"line":275,"column":22},"end":{"line":275,"column":23}},"loc":{"start":{"line":275,"column":37},"end":{"line":281,"column":1}},"line":275},"4":{"name":"(anonymous_4)","decl":{"start":{"line":284,"column":19},"end":{"line":284,"column":20}},"loc":{"start":{"line":284,"column":34},"end":{"line":287,"column":1}},"line":284}},"branchMap":{"0":{"loc":{"start":{"line":12,"column":2},"end":{"line":15,"column":3}},"type":"if","locations":[{"start":{"line":12,"column":2},"end":{"line":15,"column":3}},{"start":{},"end":{}}],"line":12},"1":{"loc":{"start":{"line":264,"column":35},"end":{"line":264,"column":48}},"type":"default-arg","locations":[{"start":{"line":264,"column":47},"end":{"line":264,"column":48}}],"line":264},"2":{"loc":{"start":{"line":264,"column":50},"end":{"line":264,"column":65}},"type":"default-arg","locations":[{"start":{"line":264,"column":62},"end":{"line":264,"column":65}}],"line":264}},"s":{"0":4,"1":4,"2":4,"3":8,"4":8,"5":2,"6":3,"7":2,"8":6,"9":4,"10":4,"11":4,"12":4,"13":4,"14":4,"15":4,"16":4,"17":4,"18":4,"19":4,"20":4,"21":4,"22":4,"23":4,"24":4,"25":4,"26":4,"27":4,"28":4,"29":4,"30":4,"31":4,"32":4,"33":0,"34":4,"35":1,"36":4,"37":0,"38":4,"39":4,"40":4,"41":4,"42":4,"43":4,"44":4,"45":4,"46":4,"47":4,"48":4,"49":4,"50":4,"51":4},"f":{"0":8,"1":3,"2":0,"3":1,"4":0},"b":{"0":[2,6],"1":[0],"2":[0]},"_coverageSchema":"1a1c01bbd47fc00a2c39e90264f33305004495a9","hash":"ecfbfc83e9e153f64ded2b571488582c2cb735d8"}
,"/Users/yash/Desktop/AI-Persona/backend/src/routes/authRoutes.js": {"path":"/Users/yash/Desktop/AI-Persona/backend/src/routes/authRoutes.js","statementMap":{"0":{"start":{"line":6,"column":16},"end":{"line":6,"column":34}},"1":{"start":{"line":7,"column":15},"end":{"line":7,"column":31}},"2":{"start":{"line":8,"column":23},"end":{"line":8,"column":63}},"3":{"start":{"line":9,"column":24},"end":{"line":9,"column":65}},"4":{"start":{"line":10,"column":23},"end":{"line":10,"column":63}},"5":{"start":{"line":20,"column":4},"end":{"line":20,"column":50}},"6":{"start":{"line":21,"column":18},"end":{"line":21,"column":47}},"7":{"start":{"line":24,"column":24},"end":{"line":30,"column":2}},"8":{"start":{"line":32,"column":21},"end":{"line":38,"column":2}},"9":{"start":{"line":40,"column":34},"end":{"line":46,"column":2}},"10":{"start":{"line":48,"column":29},"end":{"line":54,"column":2}},"11":{"start":{"line":57,"column":0},"end":{"line":62,"column":2}},"12":{"start":{"line":63,"column":0},"end":{"line":63,"column":73}},"13":{"start":{"line":64,"column":0},"end":{"line":64,"column":76}},"14":{"start":{"line":67,"column":0},"end":{"line":71,"column":2}},"15":{"start":{"line":72,"column":0},"end":{"line":77,"column":2}},"16":{"start":{"line":80,"column":0},"end":{"line":85,"column":2}},"17":{"start":{"line":86,"column":0},"end":{"line":90,"column":2}},"18":{"start":{"line":93,"column":0},"end":{"line":93,"column":50}},"19":{"start":{"line":96,"column":0},"end":{"line":96,"column":61}},"20":{"start":{"line":99,"column":26},"end":{"line":99,"column":42}},"21":{"start":{"line":102,"column":0},"end":{"line":102,"column":78}},"22":{"start":{"line":103,"column":0},"end":{"line":108,"column":2}},"23":{"start":{"line":111,"column":0},"end":{"line":111,"column":68}},"24":{"start":{"line":114,"column":0},"end":{"line":118,"column":2}},"25":{"start":{"line":119,"column":0},"end":{"line":123,"column":2}},"26":{"start":{"line":126,"column":0},"end":{"line":126,"column":77}},"27":{"start":{"line":129,"column":0},"end":{"line":129,"column":50}},"28":{"start":{"line":130,"column":0},"end":{"line":130,"column":63}},"29":{"start":{"line":132,"column":0},"end":{"line":132,"column":24}}},"fnMap":{},"branchMap":{},"s":{"0":3,"1":3,"2":3,"3":3,"4":3,"5":3,"6":3,"7":3,"8":3,"9":3,"10":3,"11":3,"12":3,"13":3,"14":3,"15":3,"16":3,"17":3,"18":3,"19":3,"20":3,"21":3,"22":3,"23":3,"24":3,"25":3,"26":3,"27":3,"28":3,"29":3},"f":{},"b":{},"_coverageSchema":"1a1c01bbd47fc00a2c39e90264f33305004495a9","hash":"e252e47eefc92858a577fe16eacdb8973582078e"}
,"/Users/yash/Desktop/AI-Persona/backend/src/routes/conversationRoutes.js": {"path":"/Users/yash/Desktop/AI-Persona/backend/src/routes/conversationRoutes.js","statementMap":{"0":{"start":{"line":6,"column":16},"end":{"line":6,"column":34}},"1":{"start":{"line":7,"column":15},"end":{"line":7,"column":31}},"2":{"start":{"line":8,"column":26},"end":{"line":8,"column":69}},"3":{"start":{"line":9,"column":23},"end":{"line":9,"column":63}},"4":{"start":{"line":17,"column":4},"end":{"line":17,"column":50}},"5":{"start":{"line":18,"column":27},"end":{"line":18,"column":64}},"6":{"start":{"line":21,"column":26},"end":{"line":21,"column":42}},"7":{"start":{"line":24,"column":0},"end":{"line":30,"column":2}},"8":{"start":{"line":33,"column":0},"end":{"line":39,"column":2}},"9":{"start":{"line":42,"column":0},"end":{"line":48,"column":2}},"10":{"start":{"line":51,"column":0},"end":{"line":57,"column":2}},"11":{"start":{"line":60,"column":0},"end":{"line":66,"column":2}},"12":{"start":{"line":68,"column":0},"end":{"line":68,"column":24}}},"fnMap":{},"branchMap":{},"s":{"0":3,"1":3,"2":3,"3":3,"4":3,"5":3,"6":3,"7":3,"8":3,"9":3,"10":3,"11":3,"12":3},"f":{},"b":{},"_coverageSchema":"1a1c01bbd47fc00a2c39e90264f33305004495a9","hash":"75cb0b632020e690c05dfc5ebcd970344155399f"}
[...]
,"/Users/yash/Desktop/AI-Persona/backend/src/utils/jwt.js": {"path":"/Users/yash/Desktop/AI-Persona/backend/src/utils/jwt.js","statementMap":{"0":{"start":{"line":1,"column":12},"end":{"line":1,"column":35}},"1":{"start":{"line":2,"column":15},"end":{"line":2,"column":32}},"2":{"start":{"line":3,"column":11},"end":{"line":3,"column":33}},"3":{"start":{"line":4,"column":13},"end":{"line":4,"column":28}},"4":{"start":{"line":5,"column":15},"end":{"line":5,"column":35}},"5":{"start":{"line":6,"column":17},"end":{"line":6,"column":38}},"6":{"start":{"line":7,"column":20},"end":{"line":7,"column":44}},"7":{"start":{"line":15,"column":21},"end":{"line":15,"column":25}},"8":{"start":{"line":16,"column":12},"end":{"line":16,"column":16}},"9":{"start":{"line":19,"column":25},"end":{"line":19,"column":60}},"10":{"start":{"line":23,"column":2},"end":{"line":86,"column":3}},"11":{"start":{"line":24,"column":4},"end":{"line":85,"column":5}},"12":{"start":{"line":26,"column":6},"end":{"line":26,"column":60}},"13":{"start":{"line":28,"column":29},"end":{"line":28,"column":71}},"14":{"start":{"line":29,"column":28},"end":{"line":29,"column":69}},"15":{"start":{"line":30,"column":24},"end":{"line":30,"column":64}},"16":{"start":{"line":32,"column":6},"end":{"line":69,"column":7}},"17":{"start":{"line":33,"column":53},"end":{"line":37,"column":10}},"18":{"start":{"line":39,"column":8},"end":{"line":39,"column":51}},"19":{"start":{"line":40,"column":8},"end":{"line":40,"column":35}},"20":{"start":{"line":42,"column":8},"end":{"line":42,"column":63}},"21":{"start":{"line":45,"column":8},"end":{"line":45,"column":57}},"22":{"start":{"line":47,"column":8},"end":{"line":57,"column":11}},"23":{"start":{"line":59,"column":8},"end":{"line":59,"column":55}},"24":{"start":{"line":62,"column":8},"end":{"line":66,"column":11}},"25":{"start":{"line":68,"column":8},"end":{"line":68,"column":58}},"26":{"start":{"line":71,"column":6},"end":{"line":71,"column":65}},"27":{"start":{"line":73,"column":6},"end":{"line":83,"column":9}},"28":{"start":{"line":84,"column":6},"end":{"line":84,"column":53}},"29":{"start":{"line":88,"column":2},"end":{"line":92,"column":4}},"30":{"start":{"line":97,"column":21},"end":{"line":107,"column":4}},"31":{"start":{"line":110,"column":21},"end":{"line":110,"column":35}},"32":{"start":{"line":111,"column":17},"end":{"line":111,"column":22}},"33":{"start":{"line":113,"column":2},"end":{"line":113,"column":30}},"34":{"start":{"line":114,"column":2},"end":{"line":114,"column":49}},"35":{"start":{"line":117,"column":2},"end":{"line":130,"column":3}},"36":{"start":{"line":118,"column":4},"end":{"line":118,"column":58}},"37":{"start":{"line":119,"column":27},"end":{"line":119,"column":69}},"38":{"start":{"line":120,"column":26},"end":{"line":120,"column":67}},"39":{"start":{"line":121,"column":22},"end":{"line":121,"column":62}},"40":{"start":{"line":123,"column":4},"end":{"line":127,"column":7}},"41":{"start":{"line":129,"column":4},"end":{"line":129,"column":65}},"42":{"start":{"line":132,"column":2},"end":{"line":143,"column":4}},"43":{"start":{"line":148,"column":15},"end":{"line":148,"column":37}},"44":{"start":{"line":149,"column":2},"end":{"line":153,"column":4}},"45":{"start":{"line":158,"column":15},"end":{"line":158,"column":37}},"46":{"start":{"line":159,"column":14},"end":{"line":169,"column":3}},"47":{"start":{"line":171,"column":2},"end":{"line":173,"column":4}},"48":{"start":{"line":177,"column":15},"end":{"line":177,"column":37}},"49":{"start":{"line":178,"column":15},"end":{"line":183,"column":3}},"50":{"start":{"line":185,"column":16},"end":{"line":185,"column":56}},"51":{"start":{"line":186,"column":2},"end":{"line":188,"column":3}},"52":{"start":{"line":187,"column":4},"end":{"line":187,"column":72}},"53":{"start":{"line":189,"column":2},"end":{"line":189,"column":15}},"54":{"start":{"line":193,"column":2},"end":{"line":198,"column":3}},"55":{"start":{"line":194,"column":17},"end":{"line":194,"column":39}},"56":{"start":{"line":195,"column":4},"end":{"line":195,"column":72}},"57":{"start":{"line":197,"column":4},"end":{"line":197,"column":63}},"58":{"start":{"line":202,"column":15},"end":{"line":202,"column":37}},"59":{"start":{"line":203,"column":15},"end":{"line":208,"column":3}},"60":{"start":{"line":209,"column":2},"end":{"line":209,"column":50}},"61":{"start":{"line":213,"column":2},"end":{"line":218,"column":3}},"62":{"start":{"line":214,"column":17},"end":{"line":214,"column":39}},"63":{"start":{"line":215,"column":4},"end":{"line":215,"column":72}},"64":{"start":{"line":217,"column":4},"end":{"line":217,"column":64}},"65":{"start":{"line":222,"column":0},"end":{"line":222,"column":38}},"66":{"start":{"line":224,"column":0},"end":{"line":232,"column":2}}},"fnMap":{"0":{"name":"initializeKeys","decl":{"start":{"line":22,"column":15},"end":{"line":22,"column":29}},"loc":{"start":{"line":22,"column":32},"end":{"line":93,"column":1}},"line":22},"1":{"name":"rotateKeys","decl":{"start":{"line":96,"column":15},"end":{"line":96,"column":25}},"loc":{"start":{"line":96,"column":28},"end":{"line":144,"column":1}},"line":96},"2":{"name":"getCurrentKeys","decl":{"start":{"line":147,"column":15},"end":{"line":147,"column":29}},"loc":{"start":{"line":147,"column":32},"end":{"line":154,"column":1}},"line":147},"3":{"name":"generateJWKS","decl":{"start":{"line":157,"column":15},"end":{"line":157,"column":27}},"loc":{"start":{"line":157,"column":30},"end":{"line":174,"column":1}},"line":157},"4":{"name":"signToken","decl":{"start":{"line":176,"column":15},"end":{"line":176,"column":24}},"loc":{"start":{"line":176,"column":48},"end":{"line":190,"column":1}},"line":176},"5":{"name":"verifyToken","decl":{"start":{"line":192,"column":15},"end":{"line":192,"column":26}},"loc":{"start":{"line":192,"column":34},"end":{"line":199,"column":1}},"line":192},"6":{"name":"signRefreshToken","decl":{"start":{"line":201,"column":15},"end":{"line":201,"column":31}},"loc":{"start":{"line":201,"column":55},"end":{"line":210,"column":1}},"line":201},"7":{"name":"verifyRefreshToken","decl":{"start":{"line":212,"column":15},"end":{"line":212,"column":33}},"loc":{"start":{"line":212,"column":41},"end":{"line":219,"column":1}},"line":212}},"branchMap":{"0":{"loc":{"start":{"line":23,"column":2},"end":{"line":86,"column":3}},"type":"if","locations":[{"start":{"line":23,"column":2},"end":{"line":86,"column":3}},{"start":{},"end":{}}],"line":23},"1":{"loc":{"start":{"line":176,"column":34},"end":{"line":176,"column":46}},"type":"default-arg","locations":[{"start":{"line":176,"column":44},"end":{"line":176,"column":46}}],"line":176},"2":{"loc":{"start":{"line":179,"column":15},"end":{"line":179,"column":55}},"type":"binary-expr","locations":[{"start":{"line":179,"column":15},"end":{"line":179,"column":32}},{"start":{"line":179,"column":36},"end":{"line":179,"column":55}}],"line":179},"3":{"loc":{"start":{"line":186,"column":2},"end":{"line":188,"column":3}},"type":"if","locations":[{"start":{"line":186,"column":2},"end":{"line":188,"column":3}},{"start":{},"end":{}}],"line":186},"4":{"loc":{"start":{"line":201,"column":41},"end":{"line":201,"column":53}},"type":"default-arg","locations":[{"start":{"line":201,"column":51},"end":{"line":201,"column":53}}],"line":201},"5":{"loc":{"start":{"line":204,"column":15},"end":{"line":204,"column":62}},"type":"binary-expr","locations":[{"start":{"line":204,"column":15},"end":{"line":204,"column":32}},{"start":{"line":204,"column":36},"end":{"line":204,"column":62}}],"line":204}},"s":{"0":6,"1":6,"2":6,"3":6,"4":6,"5":6,"6":6,"7":6,"8":6,"9":6,"10":11,"11":6,"12":6,"13":6,"14":6,"15":6,"16":6,"17":6,"18":6,"19":6,"20":6,"21":0,"22":0,"23":0,"24":0,"25":0,"26":0,"27":0,"28":0,"29":11,"30":0,"31":0,"32":0,"33":0,"34":0,"35":0,"36":0,"37":0,"38":0,"39":0,"40":0,"41":0,"42":0,"43":5,"44":5,"45":0,"46":0,"47":0,"48":0,"49":0,"50":0,"51":0,"52":0,"53":0,"54":5,"55":5,"56":5,"57":5,"58":0,"59":0,"60":0,"61":0,"62":0,"63":0,"64":0,"65":6,"66":6},"f":{"0":11,"1":0,"2":5,"3":0,"4":0,"5":5,"6":0,"7":0},"b":{"0":[6,5],"1":[0],"2":[0,0],"3":[0,0],"4":[0],"5":[0,0]},"_coverageSchema":"1a1c01bbd47fc00a2c39e90264f33305004495a9","hash":"5a911bffa0ca2ab8f328c01dd292f66aaf4f63c7"}
,"/Users/yash/Desktop/AI-Persona/backend/src/utils/logger.js": {"path":"/Users/yash/Desktop/AI-Persona/backend/src/utils/logger.js","statementMap":{"0":{"start":{"line":1,"column":45},"end":{"line":1,"column":63}},"1":{"start":{"line":2,"column":13},"end":{"line":2,"column":28}},"2":{"start":{"line":4,"column":21},"end":{"line":4,"column":58}},"3":{"start":{"line":6,"column":15},"end":{"line":27,"column":2}},"4":{"start":{"line":30,"column":0},"end":{"line":32,"column":2}},"5":{"start":{"line":31,"column":22},"end":{"line":31,"column":49}},"6":{"start":{"line":34,"column":0},"end":{"line":34,"column":24}}},"fnMap":{"0":{"name":"(anonymous_0)","decl":{"start":{"line":31,"column":9},"end":{"line":31,"column":10}},"loc":{"start":{"line":31,"column":22},"end":{"line":31,"column":49}},"line":31}},"branchMap":{"0":{"loc":{"start":{"line":7,"column":9},"end":{"line":7,"column":40}},"type":"cond-expr","locations":[{"start":{"line":7,"column":24},"end":{"line":7,"column":30}},{"start":{"line":7,"column":33},"end":{"line":7,"column":40}}],"line":7},"1":{"loc":{"start":{"line":18,"column":14},"end":{"line":20,"column":60}},"type":"cond-expr","locations":[{"start":{"line":19,"column":10},"end":{"line":19,"column":39}},{"start":{"line":20,"column":10},"end":{"line":20,"column":60}}],"line":18}},"s":{"0":12,"1":12,"2":12,"3":12,"4":12,"5":13,"6":12},"f":{"0":13},"b":{"0":[0,12],"1":[0,12]},"_coverageSchema":"1a1c01bbd47fc00a2c39e90264f33305004495a9","hash":"d47461c072e860bba3414e8e5acd03f6c6aa0ad7"}
,"/Users/yash/Desktop/AI-Persona/backend/src/utils/oauthProviders.js": {"path":"/Users/yash/Desktop/AI-Persona/backend/src/utils/oauthProviders.js","statementMap":{"0":{"start":{"line":1,"column":15},"end":{"line":1,"column":35}},"1":{"start":{"line":3,"column":23},"end":{"line":17,"column":1}},"2":{"start":{"line":19,"column":0},"end":{"line":19,"column":32}}},"fnMap":{},"branchMap":{},"s":{"0":3,"1":3,"2":3},"f":{},"b":{},"_coverageSchema":"1a1c01bbd47fc00a2c39e90264f33305004495a9","hash":"6e6fbab309171e9c0e1f832ddd2f170e404affc2"}
,"/Users/yash/Desktop/AI-Persona/backend/src/utils/password.js": {"path":"/Users/yash/Desktop/AI-Persona/backend/src/utils/password.js","statementMap":{"0":{"start":{"line":1,"column":15},"end":{"line":1,"column":32}},"1":{"start":{"line":2,"column":15},"end":{"line":2,"column":35}},"2":{"start":{"line":3,"column":17},"end":{"line":3,"column":38}},"3":{"start":{"line":5,"column":20},"end":{"line":5,"column":43}},"4":{"start":{"line":8,"column":2},"end":{"line":8,"column":70}},"5":{"start":{"line":8,"column":22},"end":{"line":8,"column":70}},"6":{"start":{"line":9,"column":2},"end":{"line":9,"column":49}},"7":{"start":{"line":13,"column":2},"end":{"line":14,"column":62}},"8":{"start":{"line":14,"column":4},"end":{"line":14,"column":62}},"9":{"start":{"line":15,"column":2},"end":{"line":15,"column":45}},"10":{"start":{"line":18,"column":0},"end":{"line":21,"column":2}}},"fnMap":{"0":{"name":"hashPassword","decl":{"start":{"line":7,"column":15},"end":{"line":7,"column":27}},"loc":{"start":{"line":7,"column":43},"end":{"line":10,"column":1}},"line":7},"1":{"name":"verifyPassword","decl":{"start":{"line":12,"column":15},"end":{"line":12,"column":29}},"loc":{"start":{"line":12,"column":51},"end":{"line":16,"column":1}},"line":12}},"branchMap":{"0":{"loc":{"start":{"line":8,"column":2},"end":{"line":8,"column":70}},"type":"if","locations":[{"start":{"line":8,"column":2},"end":{"line":8,"column":70}},{"start":{},"end":{}}],"line":8},"1":{"loc":{"start":{"line":13,"column":2},"end":{"line":14,"column":62}},"type":"if","locations":[{"start":{"line":13,"column":2},"end":{"line":14,"column":62}},{"start":{},"end":{}}],"line":13},"2":{"loc":{"start":{"line":13,"column":6},"end":{"line":13,"column":29}},"type":"binary-expr","locations":[{"start":{"line":13,"column":6},"end":{"line":13,"column":20}},{"start":{"line":13,"column":24},"end":{"line":13,"column":29}}],"line":13}},"s":{"0":1,"1":1,"2":1,"3":1,"4":8,"5":3,"6":5,"7":6,"8":4,"9":2,"10":1},"f":{"0":8,"1":6},"b":{"0":[3,5],"1":[4,2],"2":[6,4]},"_coverageSchema":"1a1c01bbd47fc00a2c39e90264f33305004495a9","hash":"4094707688bdbaadf3fe7a071a9572b3b09b5366"}
,"/Users/yash/Desktop/AI-Persona/backend/src/utils/roles.js": {"path":"/Users/yash/Desktop/AI-Persona/backend/src/utils/roles.js","statementMap":{"0":{"start":{"line":4,"column":14},"end":{"line":22,"column":1}},"1":{"start":{"line":24,"column":0},"end":{"line":24,"column":23}}},"fnMap":{},"branchMap":{},"s":{"0":0,"1":0},"f":{},"b":{}}
,"/Users/yash/Desktop/AI-Persona/backend/src/utils/token.js": {"path":"/Users/yash/Desktop/AI-Persona/backend/src/utils/token.js","statementMap":{"0":{"start":{"line":6,"column":15},"end":{"line":6,"column":32}},"1":{"start":{"line":7,"column":15},"end":{"line":7,"column":34}},"2":{"start":{"line":15,"column":2},"end":{"line":20,"column":3}},"3":{"start":{"line":16,"column":4},"end":{"line":16,"column":60}},"4":{"start":{"line":18,"column":4},"end":{"line":18,"column":51}},"5":{"start":{"line":19,"column":4},"end":{"line":19,"column":48}},"6":{"start":{"line":29,"column":2},"end":{"line":31,"column":3}},"7":{"start":{"line":30,"column":4},"end":{"line":30,"column":17}},"8":{"start":{"line":34,"column":21},"end":{"line":34,"column":39}},"9":{"start":{"line":35,"column":2},"end":{"line":35,"column":54}},"10":{"start":{"line":43,"column":2},"end":{"line":43,"column":27}},"11":{"start":{"line":46,"column":0},"end":{"line":50,"column":2}}},"fnMap":{"0":{"name":"generateToken","decl":{"start":{"line":14,"column":9},"end":{"line":14,"column":22}},"loc":{"start":{"line":14,"column":36},"end":{"line":21,"column":1}},"line":14},"1":{"name":"validateToken","decl":{"start":{"line":28,"column":9},"end":{"line":28,"column":22}},"loc":{"start":{"line":28,"column":30},"end":{"line":36,"column":1}},"line":28},"2":{"name":"generateConversationToken","decl":{"start":{"line":42,"column":9},"end":{"line":42,"column":34}},"loc":{"start":{"line":42,"column":37},"end":{"line":44,"column":1}},"line":42}},"branchMap":{"0":{"loc":{"start":{"line":14,"column":23},"end":{"line":14,"column":34}},"type":"default-arg","locations":[{"start":{"line":14,"column":32},"end":{"line":14,"column":34}}],"line":14},"1":{"loc":{"start":{"line":29,"column":2},"end":{"line":31,"column":3}},"type":"if","locations":[{"start":{"line":29,"column":2},"end":{"line":31,"column":3}},{"start":{},"end":{}}],"line":29},"2":{"loc":{"start":{"line":29,"column":6},"end":{"line":29,"column":41}},"type":"binary-expr","locations":[{"start":{"line":29,"column":6},"end":{"line":29,"column":12}},{"start":{"line":29,"column":16},"end":{"line":29,"column":41}}],"line":29},"3":{"loc":{"start":{"line":35,"column":9},"end":{"line":35,"column":53}},"type":"binary-expr","locations":[{"start":{"line":35,"column":9},"end":{"line":35,"column":31}},{"start":{"line":35,"column":35},"end":{"line":35,"column":53}}],"line":35}},"s":{"0":6,"1":6,"2":26,"3":26,"4":1,"5":1,"6":11,"7":3,"8":8,"9":8,"10":4,"11":6},"f":{"0":26,"1":11,"2":4},"b":{"0":[17],"1":[3,8],"2":[11,8],"3":[8,7]},"_coverageSchema":"1a1c01bbd47fc00a2c39e90264f33305004495a9","hash":"cce495bc1df3bfdcf39e76186ef9144f1cfd35a7"}
,"/Users/yash/Desktop/AI-Persona/backend/src/utils/upload.js": {"path":"/Users/yash/Desktop/AI-Persona/backend/src/utils/upload.js","statementMap":{"0":{"start":{"line":6,"column":15},"end":{"line":6,"column":32}},"1":{"start":{"line":7,"column":15},"end":{"line":7,"column":34}},"2":{"start":{"line":8,"column":17},"end":{"line":8,"column":38}},"3":{"start":{"line":11,"column":22},"end":{"line":11,"column":38}},"4":{"start":{"line":12,"column":27},"end":{"line":18,"column":1}},"5":{"start":{"line":26,"column":44},"end":{"line":26,"column":52}},"6":{"start":{"line":29,"column":2},"end":{"line":34,"column":3}},"7":{"start":{"line":30,"column":4},"end":{"line":33,"column":6}},"8":{"start":{"line":37,"column":2},"end":{"line":42,"column":3}},"9":{"start":{"line":38,"column":4},"end":{"line":41,"column":6}},"10":{"start":{"line":45,"column":2},"end":{"line":50,"column":3}},"11":{"start":{"line":46,"column":4},"end":{"line":49,"column":6}},"12":{"start":{"line":52,"column":2},"end":{"line":52,"column":43}},"13":{"start":{"line":63,"column":2},"end":{"line":78,"column":3}},"14":{"start":{"line":66,"column":22},"end":{"line":68,"column":24}},"15":{"start":{"line":70,"column":4},"end":{"line":74,"column":6}},"16":{"start":{"line":76,"column":4},"end":{"line":76,"column":59}},"17":{"start":{"line":77,"column":4},"end":{"line":77,"column":61}},"18":{"start":{"line":86,"column":2},"end":{"line":86,"column":48}},"19":{"start":{"line":96,"column":2},"end":{"line":103,"column":3}},"20":{"start":{"line":99,"column":4},"end":{"line":99,"column":66}},"21":{"start":{"line":101,"column":4},"end":{"line":101,"column":52}},"22":{"start":{"line":102,"column":4},"end":{"line":102,"column":57}},"23":{"start":{"line":106,"column":0},"end":{"line":113,"column":2}}},"fnMap":{"0":{"name":"validateFileUpload","decl":{"start":{"line":25,"column":9},"end":{"line":25,"column":27}},"loc":{"start":{"line":25,"column":38},"end":{"line":53,"column":1}},"line":25},"1":{"name":"generatePresignedUrl","decl":{"start":{"line":62,"column":9},"end":{"line":62,"column":29}},"loc":{"start":{"line":62,"column":58},"end":{"line":79,"column":1}},"line":62},"2":{"name":"generateFileId","decl":{"start":{"line":85,"column":9},"end":{"line":85,"column":23}},"loc":{"start":{"line":85,"column":26},"end":{"line":87,"column":1}},"line":85},"3":{"name":"updateFileUrl","decl":{"start":{"line":95,"column":15},"end":{"line":95,"column":28}},"loc":{"start":{"line":95,"column":42},"end":{"line":104,"column":1}},"line":95}},"branchMap":{"0":{"loc":{"start":{"line":29,"column":2},"end":{"line":34,"column":3}},"type":"if","locations":[{"start":{"line":29,"column":2},"end":{"line":34,"column":3}},{"start":{},"end":{}}],"line":29},"1":{"loc":{"start":{"line":29,"column":6},"end":{"line":29,"column":40}},"type":"binary-expr","locations":[{"start":{"line":29,"column":6},"end":{"line":29,"column":15}},{"start":{"line":29,"column":19},"end":{"line":29,"column":40}}],"line":29},"2":{"loc":{"start":{"line":37,"column":2},"end":{"line":42,"column":3}},"type":"if","locations":[{"start":{"line":37,"column":2},"end":{"line":42,"column":3}},{"start":{},"end":{}}],"line":37},"3":{"loc":{"start":{"line":37,"column":6},"end":{"line":37,"column":57}},"type":"binary-expr","locations":[{"start":{"line":37,"column":6},"end":{"line":37,"column":15}},{"start":{"line":37,"column":19},"end":{"line":37,"column":57}}],"line":37},"4":{"loc":{"start":{"line":45,"column":2},"end":{"line":50,"column":3}},"type":"if","locations":[{"start":{"line":45,"column":2},"end":{"line":50,"column":3}},{"start":{},"end":{}}],"line":45},"5":{"loc":{"start":{"line":45,"column":6},"end":{"line":45,"column":45}},"type":"binary-expr","locations":[{"start":{"line":45,"column":6},"end":{"line":45,"column":16}},{"start":{"line":45,"column":20},"end":{"line":45,"column":45}}],"line":45},"6":{"loc":{"start":{"line":67,"column":6},"end":{"line":67,"column":60}},"type":"binary-expr","locations":[{"start":{"line":67,"column":6},"end":{"line":67,"column":33}},{"start":{"line":67,"column":37},"end":{"line":67,"column":60}}],"line":67}},"s":{"0":1,"1":1,"2":1,"3":1,"4":1,"5":23,"6":23,"7":2,"8":21,"9":7,"10":14,"11":4,"12":10,"13":3,"14":3,"15":3,"16":0,"17":0,"18":3,"19":2,"20":2,"21":1,"22":1,"23":1},"f":{"0":23,"1":3,"2":3,"3":2},"b":{"0":[2,21],"1":[23,22],"2":[7,14],"3":[21,21],"4":[4,10],"5":[14,14],"6":[3,1]},"_coverageSchema":"1a1c01bbd47fc00a2c39e90264f33305004495a9","hash":"a895dcc6936d77e6ae5366b94d1f261fe1b9dd40"}
}
