{"/Users/yash/Desktop/AI-Persona/backend/src/app.js": {"path":"/Users/yash/Desktop/AI-Persona/backend/src/app.js","statementMap":{"0":{"start":{"line":1,"column":16},"end":{"line":1,"column":34}},"1":{"start":{"line":2,"column":15},"end":{"line":2,"column":32}},"2":{"start":{"line":3,"column":13},"end":{"line":3,"column":28}},"3":{"start":{"line":4,"column":15},"end":{"line":4,"column":32}},"4":{"start":{"line":5,"column":15},"end":{"line":5,"column":40}},"5":{"start":{"line":7,"column":17},"end":{"line":7,"column":36}},"6":{"start":{"line":8,"column":22},"end":{"line":8,"column":60}},"7":{"start":{"line":9,"column":0},"end":{"line":9,"column":16}},"8":{"start":{"line":11,"column":19},"end":{"line":11,"column":49}},"9":{"start":{"line":12,"column":22},"end":{"line":12,"column":55}},"10":{"start":{"line":13,"column":24},"end":{"line":13,"column":59}},"11":{"start":{"line":14,"column":22},"end":{"line":14,"column":55}},"12":{"start":{"line":15,"column":27},"end":{"line":15,"column":65}},"13":{"start":{"line":16,"column":22},"end":{"line":16,"column":55}},"14":{"start":{"line":17,"column":26},"end":{"line":17,"column":63}},"15":{"start":{"line":18,"column":21},"end":{"line":18,"column":53}},"16":{"start":{"line":20,"column":18},"end":{"line":20,"column":47}},"17":{"start":{"line":21,"column":13},"end":{"line":21,"column":30}},"18":{"start":{"line":22,"column":13},"end":{"line":22,"column":28}},"19":{"start":{"line":24,"column":12},"end":{"line":24,"column":21}},"20":{"start":{"line":27,"column":0},"end":{"line":27,"column":18}},"21":{"start":{"line":30,"column":0},"end":{"line":35,"column":2}},"22":{"start":{"line":38,"column":0},"end":{"line":38,"column":40}},"23":{"start":{"line":39,"column":0},"end":{"line":39,"column":48}},"24":{"start":{"line":42,"column":0},"end":{"line":42,"column":50}},"25":{"start":{"line":45,"column":0},"end":{"line":45,"column":31}},"26":{"start":{"line":48,"column":0},"end":{"line":50,"column":3}},"27":{"start":{"line":49,"column":2},"end":{"line":49,"column":41}},"28":{"start":{"line":52,"column":0},"end":{"line":52,"column":33}},"29":{"start":{"line":53,"column":0},"end":{"line":53,"column":44}},"30":{"start":{"line":54,"column":0},"end":{"line":54,"column":37}},"31":{"start":{"line":55,"column":0},"end":{"line":55,"column":40}},"32":{"start":{"line":56,"column":0},"end":{"line":56,"column":50}},"33":{"start":{"line":57,"column":0},"end":{"line":57,"column":40}},"34":{"start":{"line":58,"column":0},"end":{"line":58,"column":49}},"35":{"start":{"line":61,"column":0},"end":{"line":61,"column":28}},"36":{"start":{"line":64,"column":24},"end":{"line":64,"column":79}},"37":{"start":{"line":67,"column":0},"end":{"line":67,"column":68}},"38":{"start":{"line":70,"column":0},"end":{"line":78,"column":3}},"39":{"start":{"line":71,"column":2},"end":{"line":71,"column":43}},"40":{"start":{"line":72,"column":2},"end":{"line":77,"column":5}},"41":{"start":{"line":80,"column":0},"end":{"line":80,"column":21}}},"fnMap":{"0":{"name":"(anonymous_0)","decl":{"start":{"line":48,"column":19},"end":{"line":48,"column":20}},"loc":{"start":{"line":48,"column":33},"end":{"line":50,"column":1}},"line":48},"1":{"name":"(anonymous_1)","decl":{"start":{"line":70,"column":8},"end":{"line":70,"column":9}},"loc":{"start":{"line":70,"column":33},"end":{"line":78,"column":1}},"line":70}},"branchMap":{"0":{"loc":{"start":{"line":32,"column":12},"end":{"line":32,"column":42}},"type":"binary-expr","locations":[{"start":{"line":32,"column":12},"end":{"line":32,"column":35}},{"start":{"line":32,"column":39},"end":{"line":32,"column":42}}],"line":32},"1":{"loc":{"start":{"line":72,"column":13},"end":{"line":72,"column":48}},"type":"binary-expr","locations":[{"start":{"line":72,"column":13},"end":{"line":72,"column":27}},{"start":{"line":72,"column":31},"end":{"line":72,"column":41}},{"start":{"line":72,"column":45},"end":{"line":72,"column":48}}],"line":72},"2":{"loc":{"start":{"line":74,"column":15},"end":{"line":74,"column":53}},"type":"binary-expr","locations":[{"start":{"line":74,"column":15},"end":{"line":74,"column":26}},{"start":{"line":74,"column":30},"end":{"line":74,"column":53}}],"line":74},"3":{"loc":{"start":{"line":75,"column":15},"end":{"line":75,"column":76}},"type":"cond-expr","locations":[{"start":{"line":75,"column":55},"end":{"line":75,"column":64}},{"start":{"line":75,"column":67},"end":{"line":75,"column":76}}],"line":75}},"s":{"0":0,"1":0,"2":0,"3":0,"4":0,"5":0,"6":0,"7":0,"8":0,"9":0,"10":0,"11":0,"12":0,"13":0,"14":0,"15":0,"16":0,"17":0,"18":0,"19":0,"20":0,"21":0,"22":0,"23":0,"24":0,"25":0,"26":0,"27":0,"28":0,"29":0,"30":0,"31":0,"32":0,"33":0,"34":0,"35":0,"36":0,"37":0,"38":0,"39":0,"40":0,"41":0},"f":{"0":0,"1":0},"b":{"0":[0,0],"1":[0,0,0],"2":[0,0],"3":[0,0]}}
,"/Users/yash/Desktop/AI-Persona/backend/src/config/index.js": {"path":"/Users/yash/Desktop/AI-Persona/backend/src/config/index.js","statementMap":{"0":{"start":{"line":1,"column":15},"end":{"line":1,"column":32}},"1":{"start":{"line":2,"column":13},"end":{"line":2,"column":28}},"2":{"start":{"line":4,"column":0},"end":{"line":4,"column":61}},"3":{"start":{"line":7,"column":16},"end":{"line":7,"column":32}},"4":{"start":{"line":8,"column":2},"end":{"line":10,"column":3}},"5":{"start":{"line":9,"column":4},"end":{"line":9,"column":69}},"6":{"start":{"line":11,"column":2},"end":{"line":11,"column":15}},"7":{"start":{"line":14,"column":15},"end":{"line":36,"column":1}},"8":{"start":{"line":38,"column":0},"end":{"line":38,"column":24}}},"fnMap":{"0":{"name":"getEnvVar","decl":{"start":{"line":6,"column":9},"end":{"line":6,"column":18}},"loc":{"start":{"line":6,"column":41},"end":{"line":12,"column":1}},"line":6}},"branchMap":{"0":{"loc":{"start":{"line":6,"column":24},"end":{"line":6,"column":39}},"type":"default-arg","locations":[{"start":{"line":6,"column":35},"end":{"line":6,"column":39}}],"line":6},"1":{"loc":{"start":{"line":8,"column":2},"end":{"line":10,"column":3}},"type":"if","locations":[{"start":{"line":8,"column":2},"end":{"line":10,"column":3}},{"start":{},"end":{}}],"line":8},"2":{"loc":{"start":{"line":8,"column":6},"end":{"line":8,"column":55}},"type":"binary-expr","locations":[{"start":{"line":8,"column":6},"end":{"line":8,"column":14}},{"start":{"line":8,"column":19},"end":{"line":8,"column":38}},{"start":{"line":8,"column":42},"end":{"line":8,"column":54}}],"line":8},"3":{"loc":{"start":{"line":15,"column":7},"end":{"line":15,"column":52}},"type":"binary-expr","locations":[{"start":{"line":15,"column":7},"end":{"line":15,"column":35}},{"start":{"line":15,"column":39},"end":{"line":15,"column":52}}],"line":15},"4":{"loc":{"start":{"line":16,"column":8},"end":{"line":16,"column":54}},"type":"binary-expr","locations":[{"start":{"line":16,"column":8},"end":{"line":16,"column":46}},{"start":{"line":16,"column":50},"end":{"line":16,"column":54}}],"line":16},"5":{"loc":{"start":{"line":26,"column":14},"end":{"line":26,"column":52}},"type":"binary-expr","locations":[{"start":{"line":26,"column":14},"end":{"line":26,"column":45}},{"start":{"line":26,"column":49},"end":{"line":26,"column":52}}],"line":26},"6":{"loc":{"start":{"line":27,"column":20},"end":{"line":27,"column":78}},"type":"binary-expr","locations":[{"start":{"line":27,"column":20},"end":{"line":27,"column":72}},{"start":{"line":27,"column":76},"end":{"line":27,"column":78}}],"line":27},"7":{"loc":{"start":{"line":28,"column":16},"end":{"line":28,"column":58}},"type":"binary-expr","locations":[{"start":{"line":28,"column":16},"end":{"line":28,"column":50}},{"start":{"line":28,"column":54},"end":{"line":28,"column":58}}],"line":28},"8":{"loc":{"start":{"line":29,"column":23},"end":{"line":29,"column":73}},"type":"binary-expr","locations":[{"start":{"line":29,"column":23},"end":{"line":29,"column":65}},{"start":{"line":29,"column":69},"end":{"line":29,"column":73}}],"line":29},"9":{"loc":{"start":{"line":30,"column":12},"end":{"line":30,"column":63}},"type":"binary-expr","locations":[{"start":{"line":30,"column":12},"end":{"line":30,"column":41}},{"start":{"line":30,"column":45},"end":{"line":30,"column":63}}],"line":30},"10":{"loc":{"start":{"line":31,"column":12},"end":{"line":31,"column":62}},"type":"binary-expr","locations":[{"start":{"line":31,"column":12},"end":{"line":31,"column":55}},{"start":{"line":31,"column":59},"end":{"line":31,"column":62}}],"line":31},"11":{"loc":{"start":{"line":32,"column":12},"end":{"line":32,"column":63}},"type":"binary-expr","locations":[{"start":{"line":32,"column":12},"end":{"line":32,"column":41}},{"start":{"line":32,"column":45},"end":{"line":32,"column":63}}],"line":32},"12":{"loc":{"start":{"line":33,"column":12},"end":{"line":33,"column":55}},"type":"binary-expr","locations":[{"start":{"line":33,"column":12},"end":{"line":33,"column":41}},{"start":{"line":33,"column":45},"end":{"line":33,"column":55}}],"line":33},"13":{"loc":{"start":{"line":34,"column":12},"end":{"line":34,"column":67}},"type":"binary-expr","locations":[{"start":{"line":34,"column":12},"end":{"line":34,"column":41}},{"start":{"line":34,"column":45},"end":{"line":34,"column":67}}],"line":34},"14":{"loc":{"start":{"line":35,"column":14},"end":{"line":35,"column":73}},"type":"binary-expr","locations":[{"start":{"line":35,"column":14},"end":{"line":35,"column":46}},{"start":{"line":35,"column":50},"end":{"line":35,"column":73}}],"line":35}},"s":{"0":0,"1":0,"2":0,"3":0,"4":0,"5":0,"6":0,"7":0,"8":0},"f":{"0":0},"b":{"0":[0],"1":[0,0],"2":[0,0,0],"3":[0,0],"4":[0,0],"5":[0,0],"6":[0,0],"7":[0,0],"8":[0,0],"9":[0,0],"10":[0,0],"11":[0,0],"12":[0,0],"13":[0,0],"14":[0,0]}}
,"/Users/yash/Desktop/AI-Persona/backend/src/controllers/authController.js": {"path":"/Users/yash/Desktop/AI-Persona/backend/src/controllers/authController.js","statementMap":{"0":{"start":{"line":6,"column":20},"end":{"line":6,"column":54}},"1":{"start":{"line":7,"column":21},"end":{"line":7,"column":53}},"2":{"start":{"line":8,"column":17},"end":{"line":8,"column":45}},"3":{"start":{"line":9,"column":25},"end":{"line":9,"column":50}},"4":{"start":{"line":10,"column":15},"end":{"line":10,"column":33}},"5":{"start":{"line":11,"column":21},"end":{"line":11,"column":56}},"6":{"start":{"line":12,"column":15},"end":{"line":12,"column":32}},"7":{"start":{"line":13,"column":17},"end":{"line":13,"column":40}},"8":{"start":{"line":17,"column":2},"end":{"line":22,"column":3}},"9":{"start":{"line":18,"column":4},"end":{"line":18,"column":50}},"10":{"start":{"line":21,"column":4},"end":{"line":21,"column":41}},"11":{"start":{"line":27,"column":2},"end":{"line":31,"column":4}},"12":{"start":{"line":35,"column":17},"end":{"line":70,"column":2}},"13":{"start":{"line":36,"column":36},"end":{"line":36,"column":44}},"14":{"start":{"line":37,"column":44},"end":{"line":37,"column":62}},"15":{"start":{"line":39,"column":2},"end":{"line":41,"column":3}},"16":{"start":{"line":40,"column":4},"end":{"line":40,"column":63}},"17":{"start":{"line":43,"column":17},"end":{"line":48,"column":3}},"18":{"start":{"line":50,"column":2},"end":{"line":69,"column":5}},"19":{"start":{"line":73,"column":14},"end":{"line":106,"column":2}},"20":{"start":{"line":74,"column":30},"end":{"line":74,"column":38}},"21":{"start":{"line":75,"column":44},"end":{"line":75,"column":62}},"22":{"start":{"line":77,"column":2},"end":{"line":79,"column":3}},"23":{"start":{"line":78,"column":4},"end":{"line":78,"column":63}},"24":{"start":{"line":81,"column":17},"end":{"line":86,"column":3}},"25":{"start":{"line":88,"column":2},"end":{"line":105,"column":5}},"26":{"start":{"line":109,"column":22},"end":{"line":132,"column":2}},"27":{"start":{"line":110,"column":27},"end":{"line":110,"column":35}},"28":{"start":{"line":111,"column":44},"end":{"line":111,"column":62}},"29":{"start":{"line":113,"column":2},"end":{"line":115,"column":3}},"30":{"start":{"line":114,"column":4},"end":{"line":114,"column":57}},"31":{"start":{"line":117,"column":17},"end":{"line":122,"column":3}},"32":{"start":{"line":124,"column":2},"end":{"line":131,"column":5}},"33":{"start":{"line":135,"column":15},"end":{"line":159,"column":2}},"34":{"start":{"line":136,"column":17},"end":{"line":136,"column":28}},"35":{"start":{"line":137,"column":44},"end":{"line":137,"column":62}},"36":{"start":{"line":140,"column":21},"end":{"line":140,"column":49}},"37":{"start":{"line":141,"column":2},"end":{"line":143,"column":3}},"38":{"start":{"line":142,"column":4},"end":{"line":142,"column":60}},"39":{"start":{"line":145,"column":16},"end":{"line":145,"column":40}},"40":{"start":{"line":148,"column":17},"end":{"line":153,"column":3}},"41":{"start":{"line":155,"column":2},"end":{"line":158,"column":5}},"42":{"start":{"line":162,"column":20},"end":{"line":191,"column":2}},"43":{"start":{"line":163,"column":20},"end":{"line":163,"column":29}},"44":{"start":{"line":164,"column":44},"end":{"line":164,"column":62}},"45":{"start":{"line":166,"column":2},"end":{"line":168,"column":3}},"46":{"start":{"line":167,"column":4},"end":{"line":167,"column":62}},"47":{"start":{"line":170,"column":15},"end":{"line":175,"column":3}},"48":{"start":{"line":177,"column":2},"end":{"line":190,"column":5}},"49":{"start":{"line":194,"column":27},"end":{"line":232,"column":2}},"50":{"start":{"line":195,"column":20},"end":{"line":195,"column":28}},"51":{"start":{"line":196,"column":44},"end":{"line":196,"column":62}},"52":{"start":{"line":198,"column":2},"end":{"line":200,"column":3}},"53":{"start":{"line":199,"column":4},"end":{"line":199,"column":49}},"54":{"start":{"line":202,"column":15},"end":{"line":204,"column":4}},"55":{"start":{"line":206,"column":2},"end":{"line":208,"column":3}},"56":{"start":{"line":207,"column":4},"end":{"line":207,"column":46}},"57":{"start":{"line":210,"column":2},"end":{"line":212,"column":3}},"58":{"start":{"line":211,"column":4},"end":{"line":211,"column":54}},"59":{"start":{"line":214,"column":2},"end":{"line":216,"column":3}},"60":{"start":{"line":215,"column":4},"end":{"line":215,"column":67}},"61":{"start":{"line":218,"column":2},"end":{"line":218,"column":51}},"62":{"start":{"line":219,"column":2},"end":{"line":226,"column":4}},"63":{"start":{"line":228,"column":2},"end":{"line":231,"column":5}},"64":{"start":{"line":235,"column":29},"end":{"line":251,"column":2}},"65":{"start":{"line":236,"column":20},"end":{"line":236,"column":28}},"66":{"start":{"line":237,"column":44},"end":{"line":237,"column":62}},"67":{"start":{"line":239,"column":2},"end":{"line":241,"column":3}},"68":{"start":{"line":240,"column":4},"end":{"line":240,"column":49}},"69":{"start":{"line":243,"column":17},"end":{"line":248,"column":3}},"70":{"start":{"line":250,"column":2},"end":{"line":250,"column":31}},"71":{"start":{"line":254,"column":22},"end":{"line":273,"column":2}},"72":{"start":{"line":255,"column":33},"end":{"line":255,"column":41}},"73":{"start":{"line":256,"column":44},"end":{"line":256,"column":62}},"74":{"start":{"line":258,"column":2},"end":{"line":260,"column":3}},"75":{"start":{"line":259,"column":4},"end":{"line":259,"column":67}},"76":{"start":{"line":262,"column":17},"end":{"line":267,"column":3}},"77":{"start":{"line":269,"column":2},"end":{"line":272,"column":5}},"78":{"start":{"line":276,"column":24},"end":{"line":285,"column":2}},"79":{"start":{"line":277,"column":17},"end":{"line":277,"column":28}},"80":{"start":{"line":278,"column":19},"end":{"line":278,"column":60}},"81":{"start":{"line":280,"column":2},"end":{"line":284,"column":5}},"82":{"start":{"line":288,"column":22},"end":{"line":305,"column":2}},"83":{"start":{"line":289,"column":17},"end":{"line":289,"column":28}},"84":{"start":{"line":290,"column":24},"end":{"line":290,"column":34}},"85":{"start":{"line":291,"column":44},"end":{"line":291,"column":62}},"86":{"start":{"line":293,"column":17},"end":{"line":299,"column":3}},"87":{"start":{"line":301,"column":2},"end":{"line":304,"column":5}},"88":{"start":{"line":308,"column":26},"end":{"line":323,"column":2}},"89":{"start":{"line":309,"column":17},"end":{"line":309,"column":28}},"90":{"start":{"line":310,"column":44},"end":{"line":310,"column":62}},"91":{"start":{"line":312,"column":17},"end":{"line":317,"column":3}},"92":{"start":{"line":319,"column":2},"end":{"line":322,"column":5}},"93":{"start":{"line":326,"column":31},"end":{"line":342,"column":2}},"94":{"start":{"line":327,"column":17},"end":{"line":327,"column":28}},"95":{"start":{"line":328,"column":44},"end":{"line":328,"column":62}},"96":{"start":{"line":330,"column":17},"end":{"line":335,"column":3}},"97":{"start":{"line":337,"column":2},"end":{"line":341,"column":5}},"98":{"start":{"line":345,"column":20},"end":{"line":362,"column":2}},"99":{"start":{"line":347,"column":2},"end":{"line":351,"column":3}},"100":{"start":{"line":348,"column":4},"end":{"line":348,"column":37}},"101":{"start":{"line":350,"column":4},"end":{"line":350,"column":58}},"102":{"start":{"line":353,"column":2},"end":{"line":361,"column":5}},"103":{"start":{"line":365,"column":16},"end":{"line":368,"column":2}},"104":{"start":{"line":366,"column":15},"end":{"line":366,"column":38}},"105":{"start":{"line":367,"column":2},"end":{"line":367,"column":29}},"106":{"start":{"line":371,"column":19},"end":{"line":381,"column":2}},"107":{"start":{"line":372,"column":22},"end":{"line":372,"column":43}},"108":{"start":{"line":373,"column":2},"end":{"line":380,"column":5}},"109":{"start":{"line":383,"column":0},"end":{"line":399,"column":2}}},"fnMap":{"0":{"name":"generateTraceId","decl":{"start":{"line":16,"column":9},"end":{"line":16,"column":24}},"loc":{"start":{"line":16,"column":27},"end":{"line":23,"column":1}},"line":16},"1":{"name":"getClientInfo","decl":{"start":{"line":26,"column":9},"end":{"line":26,"column":22}},"loc":{"start":{"line":26,"column":28},"end":{"line":32,"column":1}},"line":26},"2":{"name":"(anonymous_2)","decl":{"start":{"line":35,"column":30},"end":{"line":35,"column":31}},"loc":{"start":{"line":35,"column":50},"end":{"line":70,"column":1}},"line":35},"3":{"name":"(anonymous_3)","decl":{"start":{"line":73,"column":27},"end":{"line":73,"column":28}},"loc":{"start":{"line":73,"column":47},"end":{"line":106,"column":1}},"line":73},"4":{"name":"(anonymous_4)","decl":{"start":{"line":109,"column":35},"end":{"line":109,"column":36}},"loc":{"start":{"line":109,"column":55},"end":{"line":132,"column":1}},"line":109},"5":{"name":"(anonymous_5)","decl":{"start":{"line":135,"column":28},"end":{"line":135,"column":29}},"loc":{"start":{"line":135,"column":48},"end":{"line":159,"column":1}},"line":135},"6":{"name":"(anonymous_6)","decl":{"start":{"line":162,"column":33},"end":{"line":162,"column":34}},"loc":{"start":{"line":162,"column":53},"end":{"line":191,"column":1}},"line":162},"7":{"name":"(anonymous_7)","decl":{"start":{"line":194,"column":40},"end":{"line":194,"column":41}},"loc":{"start":{"line":194,"column":60},"end":{"line":232,"column":1}},"line":194},"8":{"name":"(anonymous_8)","decl":{"start":{"line":235,"column":42},"end":{"line":235,"column":43}},"loc":{"start":{"line":235,"column":62},"end":{"line":251,"column":1}},"line":235},"9":{"name":"(anonymous_9)","decl":{"start":{"line":254,"column":35},"end":{"line":254,"column":36}},"loc":{"start":{"line":254,"column":55},"end":{"line":273,"column":1}},"line":254},"10":{"name":"(anonymous_10)","decl":{"start":{"line":276,"column":37},"end":{"line":276,"column":38}},"loc":{"start":{"line":276,"column":57},"end":{"line":285,"column":1}},"line":276},"11":{"name":"(anonymous_11)","decl":{"start":{"line":288,"column":35},"end":{"line":288,"column":36}},"loc":{"start":{"line":288,"column":55},"end":{"line":305,"column":1}},"line":288},"12":{"name":"(anonymous_12)","decl":{"start":{"line":308,"column":39},"end":{"line":308,"column":40}},"loc":{"start":{"line":308,"column":59},"end":{"line":323,"column":1}},"line":308},"13":{"name":"(anonymous_13)","decl":{"start":{"line":326,"column":44},"end":{"line":326,"column":45}},"loc":{"start":{"line":326,"column":64},"end":{"line":342,"column":1}},"line":326},"14":{"name":"(anonymous_14)","decl":{"start":{"line":345,"column":33},"end":{"line":345,"column":34}},"loc":{"start":{"line":345,"column":53},"end":{"line":362,"column":1}},"line":345},"15":{"name":"(anonymous_15)","decl":{"start":{"line":365,"column":29},"end":{"line":365,"column":30}},"loc":{"start":{"line":365,"column":49},"end":{"line":368,"column":1}},"line":365},"16":{"name":"(anonymous_16)","decl":{"start":{"line":371,"column":32},"end":{"line":371,"column":33}},"loc":{"start":{"line":371,"column":52},"end":{"line":381,"column":1}},"line":371}},"branchMap":{"0":{"loc":{"start":{"line":28,"column":15},"end":{"line":28,"column":53}},"type":"binary-expr","locations":[{"start":{"line":28,"column":15},"end":{"line":28,"column":21}},{"start":{"line":28,"column":25},"end":{"line":28,"column":53}}],"line":28},"1":{"loc":{"start":{"line":30,"column":13},"end":{"line":30,"column":59}},"type":"binary-expr","locations":[{"start":{"line":30,"column":13},"end":{"line":30,"column":38}},{"start":{"line":30,"column":42},"end":{"line":30,"column":59}}],"line":30},"2":{"loc":{"start":{"line":39,"column":2},"end":{"line":41,"column":3}},"type":"if","locations":[{"start":{"line":39,"column":2},"end":{"line":41,"column":3}},{"start":{},"end":{}}],"line":39},"3":{"loc":{"start":{"line":39,"column":6},"end":{"line":39,"column":25}},"type":"binary-expr","locations":[{"start":{"line":39,"column":6},"end":{"line":39,"column":12}},{"start":{"line":39,"column":16},"end":{"line":39,"column":25}}],"line":39},"4":{"loc":{"start":{"line":52,"column":13},"end":{"line":54,"column":55}},"type":"cond-expr","locations":[{"start":{"line":53,"column":8},"end":{"line":53,"column":59}},{"start":{"line":54,"column":8},"end":{"line":54,"column":55}}],"line":52},"5":{"loc":{"start":{"line":77,"column":2},"end":{"line":79,"column":3}},"type":"if","locations":[{"start":{"line":77,"column":2},"end":{"line":79,"column":3}},{"start":{},"end":{}}],"line":77},"6":{"loc":{"start":{"line":77,"column":6},"end":{"line":77,"column":25}},"type":"binary-expr","locations":[{"start":{"line":77,"column":6},"end":{"line":77,"column":12}},{"start":{"line":77,"column":16},"end":{"line":77,"column":25}}],"line":77},"7":{"loc":{"start":{"line":113,"column":2},"end":{"line":115,"column":3}},"type":"if","locations":[{"start":{"line":113,"column":2},"end":{"line":115,"column":3}},{"start":{},"end":{}}],"line":113},"8":{"loc":{"start":{"line":141,"column":2},"end":{"line":143,"column":3}},"type":"if","locations":[{"start":{"line":141,"column":2},"end":{"line":143,"column":3}},{"start":{},"end":{}}],"line":141},"9":{"loc":{"start":{"line":141,"column":6},"end":{"line":141,"column":54}},"type":"binary-expr","locations":[{"start":{"line":141,"column":6},"end":{"line":141,"column":17}},{"start":{"line":141,"column":21},"end":{"line":141,"column":54}}],"line":141},"10":{"loc":{"start":{"line":166,"column":2},"end":{"line":168,"column":3}},"type":"if","locations":[{"start":{"line":166,"column":2},"end":{"line":168,"column":3}},{"start":{},"end":{}}],"line":166},"11":{"loc":{"start":{"line":198,"column":2},"end":{"line":200,"column":3}},"type":"if","locations":[{"start":{"line":198,"column":2},"end":{"line":200,"column":3}},{"start":{},"end":{}}],"line":198},"12":{"loc":{"start":{"line":206,"column":2},"end":{"line":208,"column":3}},"type":"if","locations":[{"start":{"line":206,"column":2},"end":{"line":208,"column":3}},{"start":{},"end":{}}],"line":206},"13":{"loc":{"start":{"line":210,"column":2},"end":{"line":212,"column":3}},"type":"if","locations":[{"start":{"line":210,"column":2},"end":{"line":212,"column":3}},{"start":{},"end":{}}],"line":210},"14":{"loc":{"start":{"line":214,"column":2},"end":{"line":216,"column":3}},"type":"if","locations":[{"start":{"line":214,"column":2},"end":{"line":216,"column":3}},{"start":{},"end":{}}],"line":214},"15":{"loc":{"start":{"line":239,"column":2},"end":{"line":241,"column":3}},"type":"if","locations":[{"start":{"line":239,"column":2},"end":{"line":241,"column":3}},{"start":{},"end":{}}],"line":239},"16":{"loc":{"start":{"line":258,"column":2},"end":{"line":260,"column":3}},"type":"if","locations":[{"start":{"line":258,"column":2},"end":{"line":260,"column":3}},{"start":{},"end":{}}],"line":258},"17":{"loc":{"start":{"line":258,"column":6},"end":{"line":258,"column":28}},"type":"binary-expr","locations":[{"start":{"line":258,"column":6},"end":{"line":258,"column":12}},{"start":{"line":258,"column":16},"end":{"line":258,"column":28}}],"line":258},"18":{"loc":{"start":{"line":359,"column":19},"end":{"line":359,"column":56}},"type":"binary-expr","locations":[{"start":{"line":359,"column":19},"end":{"line":359,"column":39}},{"start":{"line":359,"column":43},"end":{"line":359,"column":56}}],"line":359}},"s":{"0":0,"1":0,"2":0,"3":0,"4":0,"5":0,"6":0,"7":0,"8":0,"9":0,"10":0,"11":0,"12":0,"13":0,"14":0,"15":0,"16":0,"17":0,"18":0,"19":0,"20":0,"21":0,"22":0,"23":0,"24":0,"25":0,"26":0,"27":0,"28":0,"29":0,"30":0,"31":0,"32":0,"33":0,"34":0,"35":0,"36":0,"37":0,"38":0,"39":0,"40":0,"41":0,"42":0,"43":0,"44":0,"45":0,"46":0,"47":0,"48":0,"49":0,"50":0,"51":0,"52":0,"53":0,"54":0,"55":0,"56":0,"57":0,"58":0,"59":0,"60":0,"61":0,"62":0,"63":0,"64":0,"65":0,"66":0,"67":0,"68":0,"69":0,"70":0,"71":0,"72":0,"73":0,"74":0,"75":0,"76":0,"77":0,"78":0,"79":0,"80":0,"81":0,"82":0,"83":0,"84":0,"85":0,"86":0,"87":0,"88":0,"89":0,"90":0,"91":0,"92":0,"93":0,"94":0,"95":0,"96":0,"97":0,"98":0,"99":0,"100":0,"101":0,"102":0,"103":0,"104":0,"105":0,"106":0,"107":0,"108":0,"109":0},"f":{"0":0,"1":0,"2":0,"3":0,"4":0,"5":0,"6":0,"7":0,"8":0,"9":0,"10":0,"11":0,"12":0,"13":0,"14":0,"15":0,"16":0},"b":{"0":[0,0],"1":[0,0],"2":[0,0],"3":[0,0],"4":[0,0],"5":[0,0],"6":[0,0],"7":[0,0],"8":[0,0],"9":[0,0],"10":[0,0],"11":[0,0],"12":[0,0],"13":[0,0],"14":[0,0],"15":[0,0],"16":[0,0],"17":[0,0],"18":[0,0]}}
,"/Users/yash/Desktop/AI-Persona/backend/src/controllers/chatSessionController.js": {"path":"/Users/yash/Desktop/AI-Persona/backend/src/controllers/chatSessionController.js","statementMap":{"0":{"start":{"line":6,"column":27},"end":{"line":6,"column":68}},"1":{"start":{"line":7,"column":20},"end":{"line":7,"column":51}},"2":{"start":{"line":8,"column":21},"end":{"line":8,"column":53}},"3":{"start":{"line":9,"column":15},"end":{"line":9,"column":41}},"4":{"start":{"line":15,"column":28},"end":{"line":36,"column":2}},"5":{"start":{"line":16,"column":17},"end":{"line":16,"column":28}},"6":{"start":{"line":17,"column":45},"end":{"line":17,"column":54}},"7":{"start":{"line":19,"column":18},"end":{"line":23,"column":3}},"8":{"start":{"line":25,"column":23},"end":{"line":28,"column":3}},"9":{"start":{"line":30,"column":2},"end":{"line":35,"column":4}},"10":{"start":{"line":42,"column":23},"end":{"line":64,"column":2}},"11":{"start":{"line":43,"column":24},"end":{"line":43,"column":34}},"12":{"start":{"line":44,"column":17},"end":{"line":44,"column":28}},"13":{"start":{"line":46,"column":22},"end":{"line":46,"column":72}},"14":{"start":{"line":49,"column":2},"end":{"line":56,"column":3}},"15":{"start":{"line":50,"column":4},"end":{"line":55,"column":6}},"16":{"start":{"line":58,"column":2},"end":{"line":63,"column":4}},"17":{"start":{"line":70,"column":26},"end":{"line":82,"column":2}},"18":{"start":{"line":71,"column":24},"end":{"line":71,"column":34}},"19":{"start":{"line":72,"column":17},"end":{"line":72,"column":28}},"20":{"start":{"line":74,"column":17},"end":{"line":74,"column":78}},"21":{"start":{"line":76,"column":2},"end":{"line":81,"column":4}},"22":{"start":{"line":84,"column":0},"end":{"line":88,"column":2}}},"fnMap":{"0":{"name":"(anonymous_0)","decl":{"start":{"line":15,"column":41},"end":{"line":15,"column":42}},"loc":{"start":{"line":15,"column":61},"end":{"line":36,"column":1}},"line":15},"1":{"name":"(anonymous_1)","decl":{"start":{"line":42,"column":36},"end":{"line":42,"column":37}},"loc":{"start":{"line":42,"column":56},"end":{"line":64,"column":1}},"line":42},"2":{"name":"(anonymous_2)","decl":{"start":{"line":70,"column":39},"end":{"line":70,"column":40}},"loc":{"start":{"line":70,"column":59},"end":{"line":82,"column":1}},"line":70}},"branchMap":{"0":{"loc":{"start":{"line":17,"column":18},"end":{"line":17,"column":28}},"type":"default-arg","locations":[{"start":{"line":17,"column":26},"end":{"line":17,"column":28}}],"line":17},"1":{"loc":{"start":{"line":17,"column":30},"end":{"line":17,"column":40}},"type":"default-arg","locations":[{"start":{"line":17,"column":39},"end":{"line":17,"column":40}}],"line":17},"2":{"loc":{"start":{"line":20,"column":12},"end":{"line":20,"column":31}},"type":"binary-expr","locations":[{"start":{"line":20,"column":12},"end":{"line":20,"column":18}},{"start":{"line":20,"column":22},"end":{"line":20,"column":31}}],"line":20},"3":{"loc":{"start":{"line":49,"column":2},"end":{"line":56,"column":3}},"type":"if","locations":[{"start":{"line":49,"column":2},"end":{"line":56,"column":3}},{"start":{},"end":{}}],"line":49}},"s":{"0":0,"1":0,"2":0,"3":0,"4":0,"5":0,"6":0,"7":0,"8":0,"9":0,"10":0,"11":0,"12":0,"13":0,"14":0,"15":0,"16":0,"17":0,"18":0,"19":0,"20":0,"21":0,"22":0},"f":{"0":0,"1":0,"2":0},"b":{"0":[0],"1":[0],"2":[0,0],"3":[0,0]}}
,"/Users/yash/Desktop/AI-Persona/backend/src/controllers/emailController.js": {"path":"/Users/yash/Desktop/AI-Persona/backend/src/controllers/emailController.js","statementMap":{"0":{"start":{"line":1,"column":21},"end":{"line":1,"column":56}},"1":{"start":{"line":2,"column":21},"end":{"line":2,"column":53}},"2":{"start":{"line":3,"column":17},"end":{"line":3,"column":45}},"3":{"start":{"line":4,"column":25},"end":{"line":4,"column":50}},"4":{"start":{"line":5,"column":15},"end":{"line":5,"column":33}},"5":{"start":{"line":7,"column":20},"end":{"line":14,"column":2}},"6":{"start":{"line":8,"column":20},"end":{"line":8,"column":29}},"7":{"start":{"line":9,"column":2},"end":{"line":9,"column":72}},"8":{"start":{"line":9,"column":14},"end":{"line":9,"column":72}},"9":{"start":{"line":10,"column":15},"end":{"line":10,"column":57}},"10":{"start":{"line":11,"column":2},"end":{"line":13,"column":76}},"11":{"start":{"line":16,"column":27},"end":{"line":29,"column":2}},"12":{"start":{"line":17,"column":20},"end":{"line":17,"column":28}},"13":{"start":{"line":18,"column":2},"end":{"line":18,"column":59}},"14":{"start":{"line":18,"column":14},"end":{"line":18,"column":59}},"15":{"start":{"line":20,"column":15},"end":{"line":22,"column":4}},"16":{"start":{"line":23,"column":2},"end":{"line":23,"column":55}},"17":{"start":{"line":23,"column":13},"end":{"line":23,"column":55}},"18":{"start":{"line":24,"column":2},"end":{"line":24,"column":76}},"19":{"start":{"line":24,"column":26},"end":{"line":24,"column":76}},"20":{"start":{"line":25,"column":2},"end":{"line":25,"column":51}},"21":{"start":{"line":26,"column":2},"end":{"line":28,"column":71}},"22":{"start":{"line":31,"column":0},"end":{"line":34,"column":2}}},"fnMap":{"0":{"name":"(anonymous_0)","decl":{"start":{"line":7,"column":33},"end":{"line":7,"column":34}},"loc":{"start":{"line":7,"column":53},"end":{"line":14,"column":1}},"line":7},"1":{"name":"(anonymous_1)","decl":{"start":{"line":16,"column":40},"end":{"line":16,"column":41}},"loc":{"start":{"line":16,"column":60},"end":{"line":29,"column":1}},"line":16}},"branchMap":{"0":{"loc":{"start":{"line":9,"column":2},"end":{"line":9,"column":72}},"type":"if","locations":[{"start":{"line":9,"column":2},"end":{"line":9,"column":72}},{"start":{},"end":{}}],"line":9},"1":{"loc":{"start":{"line":18,"column":2},"end":{"line":18,"column":59}},"type":"if","locations":[{"start":{"line":18,"column":2},"end":{"line":18,"column":59}},{"start":{},"end":{}}],"line":18},"2":{"loc":{"start":{"line":23,"column":2},"end":{"line":23,"column":55}},"type":"if","locations":[{"start":{"line":23,"column":2},"end":{"line":23,"column":55}},{"start":{},"end":{}}],"line":23},"3":{"loc":{"start":{"line":24,"column":2},"end":{"line":24,"column":76}},"type":"if","locations":[{"start":{"line":24,"column":2},"end":{"line":24,"column":76}},{"start":{},"end":{}}],"line":24}},"s":{"0":0,"1":0,"2":0,"3":0,"4":0,"5":0,"6":0,"7":0,"8":0,"9":0,"10":0,"11":0,"12":0,"13":0,"14":0,"15":0,"16":0,"17":0,"18":0,"19":0,"20":0,"21":0,"22":0},"f":{"0":0,"1":0},"b":{"0":[0,0],"1":[0,0],"2":[0,0],"3":[0,0]}}
,"/Users/yash/Desktop/AI-Persona/backend/src/controllers/messageController.js": {"path":"/Users/yash/Desktop/AI-Persona/backend/src/controllers/messageController.js","statementMap":{"0":{"start":{"line":6,"column":23},"end":{"line":6,"column":60}},"1":{"start":{"line":7,"column":20},"end":{"line":7,"column":51}},"2":{"start":{"line":8,"column":21},"end":{"line":8,"column":53}},"3":{"start":{"line":9,"column":15},"end":{"line":9,"column":41}},"4":{"start":{"line":15,"column":20},"end":{"line":28,"column":2}},"5":{"start":{"line":16,"column":17},"end":{"line":16,"column":27}},"6":{"start":{"line":17,"column":22},"end":{"line":17,"column":30}},"7":{"start":{"line":18,"column":17},"end":{"line":18,"column":28}},"8":{"start":{"line":20,"column":17},"end":{"line":20,"column":70}},"9":{"start":{"line":22,"column":2},"end":{"line":27,"column":4}},"10":{"start":{"line":34,"column":23},"end":{"line":47,"column":2}},"11":{"start":{"line":35,"column":17},"end":{"line":35,"column":27}},"12":{"start":{"line":36,"column":19},"end":{"line":36,"column":27}},"13":{"start":{"line":37,"column":17},"end":{"line":37,"column":28}},"14":{"start":{"line":39,"column":17},"end":{"line":39,"column":70}},"15":{"start":{"line":41,"column":2},"end":{"line":46,"column":4}},"16":{"start":{"line":49,"column":0},"end":{"line":52,"column":2}}},"fnMap":{"0":{"name":"(anonymous_0)","decl":{"start":{"line":15,"column":33},"end":{"line":15,"column":34}},"loc":{"start":{"line":15,"column":53},"end":{"line":28,"column":1}},"line":15},"1":{"name":"(anonymous_1)","decl":{"start":{"line":34,"column":36},"end":{"line":34,"column":37}},"loc":{"start":{"line":34,"column":56},"end":{"line":47,"column":1}},"line":34}},"branchMap":{},"s":{"0":0,"1":0,"2":0,"3":0,"4":0,"5":0,"6":0,"7":0,"8":0,"9":0,"10":0,"11":0,"12":0,"13":0,"14":0,"15":0,"16":0},"f":{"0":0,"1":0},"b":{}}
,"/Users/yash/Desktop/AI-Persona/backend/src/controllers/oauthController.js": {"path":"/Users/yash/Desktop/AI-Persona/backend/src/controllers/oauthController.js","statementMap":{"0":{"start":{"line":1,"column":17},"end":{"line":1,"column":36}},"1":{"start":{"line":2,"column":21},"end":{"line":2,"column":56}},"2":{"start":{"line":3,"column":21},"end":{"line":3,"column":53}},"3":{"start":{"line":4,"column":23},"end":{"line":4,"column":57}},"4":{"start":{"line":6,"column":19},"end":{"line":8,"column":2}},"5":{"start":{"line":10,"column":23},"end":{"line":43,"column":1}},"6":{"start":{"line":17,"column":21},"end":{"line":20,"column":5}},"7":{"start":{"line":22,"column":21},"end":{"line":22,"column":63}},"8":{"start":{"line":23,"column":24},"end":{"line":23,"column":66}},"9":{"start":{"line":24,"column":26},"end":{"line":24,"column":70}},"10":{"start":{"line":26,"column":4},"end":{"line":41,"column":5}},"11":{"start":{"line":28,"column":26},"end":{"line":34,"column":8}},"12":{"start":{"line":35,"column":6},"end":{"line":35,"column":39}},"13":{"start":{"line":38,"column":6},"end":{"line":40,"column":62}},"14":{"start":{"line":45,"column":0},"end":{"line":48,"column":2}}},"fnMap":{"0":{"name":"(anonymous_0)","decl":{"start":{"line":15,"column":15},"end":{"line":15,"column":16}},"loc":{"start":{"line":15,"column":35},"end":{"line":42,"column":3}},"line":15}},"branchMap":{"0":{"loc":{"start":{"line":22,"column":21},"end":{"line":22,"column":63}},"type":"binary-expr","locations":[{"start":{"line":22,"column":21},"end":{"line":22,"column":34}},{"start":{"line":22,"column":38},"end":{"line":22,"column":63}}],"line":22},"1":{"loc":{"start":{"line":23,"column":24},"end":{"line":23,"column":66}},"type":"binary-expr","locations":[{"start":{"line":23,"column":24},"end":{"line":23,"column":37}},{"start":{"line":23,"column":41},"end":{"line":23,"column":66}}],"line":23},"2":{"loc":{"start":{"line":24,"column":26},"end":{"line":24,"column":70}},"type":"binary-expr","locations":[{"start":{"line":24,"column":26},"end":{"line":24,"column":39}},{"start":{"line":24,"column":43},"end":{"line":24,"column":70}}],"line":24},"3":{"loc":{"start":{"line":26,"column":4},"end":{"line":41,"column":5}},"type":"if","locations":[{"start":{"line":26,"column":4},"end":{"line":41,"column":5}},{"start":{"line":36,"column":11},"end":{"line":41,"column":5}}],"line":26},"4":{"loc":{"start":{"line":29,"column":8},"end":{"line":29,"column":56}},"type":"cond-expr","locations":[{"start":{"line":29,"column":22},"end":{"line":29,"column":51}},{"start":{"line":29,"column":54},"end":{"line":29,"column":56}}],"line":29},"5":{"loc":{"start":{"line":31,"column":8},"end":{"line":33,"column":14}},"type":"cond-expr","locations":[{"start":{"line":32,"column":12},"end":{"line":32,"column":65}},{"start":{"line":33,"column":12},"end":{"line":33,"column":14}}],"line":31}},"s":{"0":0,"1":0,"2":0,"3":0,"4":0,"5":0,"6":0,"7":0,"8":0,"9":0,"10":0,"11":0,"12":0,"13":0,"14":0},"f":{"0":0},"b":{"0":[0,0],"1":[0,0],"2":[0,0],"3":[0,0],"4":[0,0],"5":[0,0]}}
,"/Users/yash/Desktop/AI-Persona/backend/src/controllers/passwordResetController.js": {"path":"/Users/yash/Desktop/AI-Persona/backend/src/controllers/passwordResetController.js","statementMap":{"0":{"start":{"line":1,"column":29},"end":{"line":1,"column":72}},"1":{"start":{"line":2,"column":21},"end":{"line":2,"column":53}},"2":{"start":{"line":3,"column":17},"end":{"line":3,"column":45}},"3":{"start":{"line":5,"column":29},"end":{"line":15,"column":2}},"4":{"start":{"line":6,"column":20},"end":{"line":6,"column":28}},"5":{"start":{"line":7,"column":2},"end":{"line":7,"column":59}},"6":{"start":{"line":7,"column":14},"end":{"line":7,"column":59}},"7":{"start":{"line":8,"column":2},"end":{"line":8,"column":57}},"8":{"start":{"line":10,"column":2},"end":{"line":14,"column":5}},"9":{"start":{"line":17,"column":22},"end":{"line":26,"column":2}},"10":{"start":{"line":18,"column":33},"end":{"line":18,"column":41}},"11":{"start":{"line":19,"column":2},"end":{"line":20,"column":67}},"12":{"start":{"line":20,"column":4},"end":{"line":20,"column":67}},"13":{"start":{"line":21,"column":2},"end":{"line":21,"column":63}},"14":{"start":{"line":22,"column":2},"end":{"line":25,"column":5}},"15":{"start":{"line":28,"column":0},"end":{"line":31,"column":2}}},"fnMap":{"0":{"name":"(anonymous_0)","decl":{"start":{"line":5,"column":42},"end":{"line":5,"column":43}},"loc":{"start":{"line":5,"column":62},"end":{"line":15,"column":1}},"line":5},"1":{"name":"(anonymous_1)","decl":{"start":{"line":17,"column":35},"end":{"line":17,"column":36}},"loc":{"start":{"line":17,"column":55},"end":{"line":26,"column":1}},"line":17}},"branchMap":{"0":{"loc":{"start":{"line":7,"column":2},"end":{"line":7,"column":59}},"type":"if","locations":[{"start":{"line":7,"column":2},"end":{"line":7,"column":59}},{"start":{},"end":{}}],"line":7},"1":{"loc":{"start":{"line":19,"column":2},"end":{"line":20,"column":67}},"type":"if","locations":[{"start":{"line":19,"column":2},"end":{"line":20,"column":67}},{"start":{},"end":{}}],"line":19},"2":{"loc":{"start":{"line":19,"column":6},"end":{"line":19,"column":28}},"type":"binary-expr","locations":[{"start":{"line":19,"column":6},"end":{"line":19,"column":12}},{"start":{"line":19,"column":16},"end":{"line":19,"column":28}}],"line":19}},"s":{"0":0,"1":0,"2":0,"3":0,"4":0,"5":0,"6":0,"7":0,"8":0,"9":0,"10":0,"11":0,"12":0,"13":0,"14":0,"15":0},"f":{"0":0,"1":0},"b":{"0":[0,0],"1":[0,0],"2":[0,0]}}
,"/Users/yash/Desktop/AI-Persona/backend/src/controllers/personaController.js": {"path":"/Users/yash/Desktop/AI-Persona/backend/src/controllers/personaController.js","statementMap":{"0":{"start":{"line":6,"column":23},"end":{"line":6,"column":60}},"1":{"start":{"line":7,"column":20},"end":{"line":7,"column":51}},"2":{"start":{"line":8,"column":21},"end":{"line":8,"column":53}},"3":{"start":{"line":9,"column":15},"end":{"line":9,"column":41}},"4":{"start":{"line":15,"column":20},"end":{"line":31,"column":2}},"5":{"start":{"line":16,"column":29},"end":{"line":16,"column":38}},"6":{"start":{"line":17,"column":17},"end":{"line":17,"column":28}},"7":{"start":{"line":19,"column":18},"end":{"line":21,"column":3}},"8":{"start":{"line":23,"column":19},"end":{"line":23,"column":68}},"9":{"start":{"line":25,"column":2},"end":{"line":30,"column":4}},"10":{"start":{"line":37,"column":23},"end":{"line":49,"column":2}},"11":{"start":{"line":38,"column":17},"end":{"line":38,"column":27}},"12":{"start":{"line":39,"column":17},"end":{"line":39,"column":28}},"13":{"start":{"line":41,"column":18},"end":{"line":41,"column":65}},"14":{"start":{"line":43,"column":2},"end":{"line":48,"column":4}},"15":{"start":{"line":55,"column":24},"end":{"line":69,"column":2}},"16":{"start":{"line":56,"column":17},"end":{"line":56,"column":27}},"17":{"start":{"line":57,"column":17},"end":{"line":57,"column":28}},"18":{"start":{"line":59,"column":17},"end":{"line":59,"column":65}},"19":{"start":{"line":61,"column":2},"end":{"line":68,"column":4}},"20":{"start":{"line":75,"column":20},"end":{"line":103,"column":2}},"21":{"start":{"line":76,"column":17},"end":{"line":76,"column":27}},"22":{"start":{"line":77,"column":46},"end":{"line":77,"column":54}},"23":{"start":{"line":78,"column":17},"end":{"line":78,"column":28}},"24":{"start":{"line":81,"column":19},"end":{"line":86,"column":3}},"25":{"start":{"line":88,"column":17},"end":{"line":95,"column":3}},"26":{"start":{"line":97,"column":2},"end":{"line":102,"column":4}},"27":{"start":{"line":109,"column":25},"end":{"line":130,"column":2}},"28":{"start":{"line":110,"column":17},"end":{"line":110,"column":28}},"29":{"start":{"line":111,"column":22},"end":{"line":111,"column":42}},"30":{"start":{"line":112,"column":23},"end":{"line":112,"column":32}},"31":{"start":{"line":114,"column":18},"end":{"line":116,"column":3}},"32":{"start":{"line":118,"column":24},"end":{"line":122,"column":3}},"33":{"start":{"line":124,"column":2},"end":{"line":129,"column":4}},"34":{"start":{"line":136,"column":37},"end":{"line":153,"column":2}},"35":{"start":{"line":137,"column":17},"end":{"line":137,"column":27}},"36":{"start":{"line":138,"column":25},"end":{"line":138,"column":33}},"37":{"start":{"line":139,"column":17},"end":{"line":139,"column":28}},"38":{"start":{"line":141,"column":17},"end":{"line":145,"column":3}},"39":{"start":{"line":147,"column":2},"end":{"line":152,"column":4}},"40":{"start":{"line":159,"column":26},"end":{"line":176,"column":2}},"41":{"start":{"line":160,"column":17},"end":{"line":160,"column":27}},"42":{"start":{"line":161,"column":44},"end":{"line":161,"column":52}},"43":{"start":{"line":162,"column":17},"end":{"line":162,"column":28}},"44":{"start":{"line":164,"column":17},"end":{"line":168,"column":4}},"45":{"start":{"line":170,"column":2},"end":{"line":175,"column":4}},"46":{"start":{"line":182,"column":23},"end":{"line":195,"column":2}},"47":{"start":{"line":183,"column":17},"end":{"line":183,"column":27}},"48":{"start":{"line":184,"column":19},"end":{"line":184,"column":27}},"49":{"start":{"line":185,"column":17},"end":{"line":185,"column":28}},"50":{"start":{"line":187,"column":17},"end":{"line":187,"column":70}},"51":{"start":{"line":189,"column":2},"end":{"line":194,"column":4}},"52":{"start":{"line":201,"column":22},"end":{"line":216,"column":2}},"53":{"start":{"line":202,"column":17},"end":{"line":202,"column":27}},"54":{"start":{"line":203,"column":23},"end":{"line":203,"column":31}},"55":{"start":{"line":204,"column":17},"end":{"line":204,"column":28}},"56":{"start":{"line":206,"column":17},"end":{"line":206,"column":73}},"57":{"start":{"line":208,"column":2},"end":{"line":215,"column":4}},"58":{"start":{"line":222,"column":28},"end":{"line":239,"column":2}},"59":{"start":{"line":223,"column":17},"end":{"line":223,"column":27}},"60":{"start":{"line":224,"column":28},"end":{"line":224,"column":36}},"61":{"start":{"line":225,"column":17},"end":{"line":225,"column":28}},"62":{"start":{"line":227,"column":17},"end":{"line":231,"column":3}},"63":{"start":{"line":233,"column":2},"end":{"line":238,"column":4}},"64":{"start":{"line":245,"column":30},"end":{"line":256,"column":2}},"65":{"start":{"line":246,"column":20},"end":{"line":246,"column":30}},"66":{"start":{"line":248,"column":17},"end":{"line":248,"column":66}},"67":{"start":{"line":250,"column":2},"end":{"line":255,"column":4}},"68":{"start":{"line":258,"column":0},"end":{"line":270,"column":2}}},"fnMap":{"0":{"name":"(anonymous_0)","decl":{"start":{"line":15,"column":33},"end":{"line":15,"column":34}},"loc":{"start":{"line":15,"column":53},"end":{"line":31,"column":1}},"line":15},"1":{"name":"(anonymous_1)","decl":{"start":{"line":37,"column":36},"end":{"line":37,"column":37}},"loc":{"start":{"line":37,"column":56},"end":{"line":49,"column":1}},"line":37},"2":{"name":"(anonymous_2)","decl":{"start":{"line":55,"column":37},"end":{"line":55,"column":38}},"loc":{"start":{"line":55,"column":57},"end":{"line":69,"column":1}},"line":55},"3":{"name":"(anonymous_3)","decl":{"start":{"line":75,"column":33},"end":{"line":75,"column":34}},"loc":{"start":{"line":75,"column":53},"end":{"line":103,"column":1}},"line":75},"4":{"name":"(anonymous_4)","decl":{"start":{"line":109,"column":38},"end":{"line":109,"column":39}},"loc":{"start":{"line":109,"column":58},"end":{"line":130,"column":1}},"line":109},"5":{"name":"(anonymous_5)","decl":{"start":{"line":136,"column":50},"end":{"line":136,"column":51}},"loc":{"start":{"line":136,"column":70},"end":{"line":153,"column":1}},"line":136},"6":{"name":"(anonymous_6)","decl":{"start":{"line":159,"column":39},"end":{"line":159,"column":40}},"loc":{"start":{"line":159,"column":59},"end":{"line":176,"column":1}},"line":159},"7":{"name":"(anonymous_7)","decl":{"start":{"line":182,"column":36},"end":{"line":182,"column":37}},"loc":{"start":{"line":182,"column":56},"end":{"line":195,"column":1}},"line":182},"8":{"name":"(anonymous_8)","decl":{"start":{"line":201,"column":35},"end":{"line":201,"column":36}},"loc":{"start":{"line":201,"column":55},"end":{"line":216,"column":1}},"line":201},"9":{"name":"(anonymous_9)","decl":{"start":{"line":222,"column":41},"end":{"line":222,"column":42}},"loc":{"start":{"line":222,"column":61},"end":{"line":239,"column":1}},"line":222},"10":{"name":"(anonymous_10)","decl":{"start":{"line":245,"column":43},"end":{"line":245,"column":44}},"loc":{"start":{"line":245,"column":63},"end":{"line":256,"column":1}},"line":245}},"branchMap":{"0":{"loc":{"start":{"line":64,"column":15},"end":{"line":66,"column":43}},"type":"cond-expr","locations":[{"start":{"line":65,"column":10},"end":{"line":65,"column":39}},{"start":{"line":66,"column":10},"end":{"line":66,"column":43}}],"line":64},"1":{"loc":{"start":{"line":83,"column":15},"end":{"line":83,"column":53}},"type":"binary-expr","locations":[{"start":{"line":83,"column":15},"end":{"line":83,"column":21}},{"start":{"line":83,"column":25},"end":{"line":83,"column":53}}],"line":83},"2":{"loc":{"start":{"line":84,"column":16},"end":{"line":84,"column":48}},"type":"binary-expr","locations":[{"start":{"line":84,"column":16},"end":{"line":84,"column":40}},{"start":{"line":84,"column":44},"end":{"line":84,"column":48}}],"line":84},"3":{"loc":{"start":{"line":85,"column":15},"end":{"line":85,"column":50}},"type":"binary-expr","locations":[{"start":{"line":85,"column":15},"end":{"line":85,"column":42}},{"start":{"line":85,"column":46},"end":{"line":85,"column":50}}],"line":85},"4":{"loc":{"start":{"line":212,"column":8},"end":{"line":212,"column":51}},"type":"cond-expr","locations":[{"start":{"line":212,"column":26},"end":{"line":212,"column":36}},{"start":{"line":212,"column":39},"end":{"line":212,"column":51}}],"line":212}},"s":{"0":0,"1":0,"2":0,"3":0,"4":0,"5":0,"6":0,"7":0,"8":0,"9":0,"10":0,"11":0,"12":0,"13":0,"14":0,"15":0,"16":0,"17":0,"18":0,"19":0,"20":0,"21":0,"22":0,"23":0,"24":0,"25":0,"26":0,"27":0,"28":0,"29":0,"30":0,"31":0,"32":0,"33":0,"34":0,"35":0,"36":0,"37":0,"38":0,"39":0,"40":0,"41":0,"42":0,"43":0,"44":0,"45":0,"46":0,"47":0,"48":0,"49":0,"50":0,"51":0,"52":0,"53":0,"54":0,"55":0,"56":0,"57":0,"58":0,"59":0,"60":0,"61":0,"62":0,"63":0,"64":0,"65":0,"66":0,"67":0,"68":0},"f":{"0":0,"1":0,"2":0,"3":0,"4":0,"5":0,"6":0,"7":0,"8":0,"9":0,"10":0},"b":{"0":[0,0],"1":[0,0],"2":[0,0],"3":[0,0],"4":[0,0]}}
,"/Users/yash/Desktop/AI-Persona/backend/src/controllers/profileController.js": {"path":"/Users/yash/Desktop/AI-Persona/backend/src/controllers/profileController.js","statementMap":{"0":{"start":{"line":1,"column":23},"end":{"line":1,"column":60}},"1":{"start":{"line":2,"column":21},"end":{"line":2,"column":53}},"2":{"start":{"line":3,"column":17},"end":{"line":3,"column":45}},"3":{"start":{"line":6,"column":14},"end":{"line":13,"column":2}},"4":{"start":{"line":7,"column":17},"end":{"line":7,"column":28}},"5":{"start":{"line":8,"column":18},"end":{"line":8,"column":57}},"6":{"start":{"line":9,"column":2},"end":{"line":12,"column":5}},"7":{"start":{"line":16,"column":17},"end":{"line":32,"column":2}},"8":{"start":{"line":17,"column":17},"end":{"line":17,"column":28}},"9":{"start":{"line":18,"column":48},"end":{"line":18,"column":56}},"10":{"start":{"line":20,"column":25},"end":{"line":25,"column":4}},"11":{"start":{"line":27,"column":2},"end":{"line":31,"column":5}},"12":{"start":{"line":35,"column":21},"end":{"line":57,"column":2}},"13":{"start":{"line":36,"column":17},"end":{"line":36,"column":28}},"14":{"start":{"line":39,"column":2},"end":{"line":50,"column":3}},"15":{"start":{"line":41,"column":4},"end":{"line":41,"column":75}},"16":{"start":{"line":42,"column":9},"end":{"line":50,"column":3}},"17":{"start":{"line":44,"column":4},"end":{"line":47,"column":6}},"18":{"start":{"line":49,"column":4},"end":{"line":49,"column":72}},"19":{"start":{"line":52,"column":2},"end":{"line":56,"column":5}},"20":{"start":{"line":60,"column":23},"end":{"line":74,"column":2}},"21":{"start":{"line":61,"column":17},"end":{"line":61,"column":28}},"22":{"start":{"line":62,"column":43},"end":{"line":62,"column":51}},"23":{"start":{"line":64,"column":2},"end":{"line":66,"column":3}},"24":{"start":{"line":65,"column":4},"end":{"line":65,"column":78}},"25":{"start":{"line":68,"column":2},"end":{"line":68,"column":76}},"26":{"start":{"line":70,"column":2},"end":{"line":73,"column":5}},"27":{"start":{"line":76,"column":0},"end":{"line":81,"column":2}}},"fnMap":{"0":{"name":"(anonymous_0)","decl":{"start":{"line":6,"column":27},"end":{"line":6,"column":28}},"loc":{"start":{"line":6,"column":47},"end":{"line":13,"column":1}},"line":6},"1":{"name":"(anonymous_1)","decl":{"start":{"line":16,"column":30},"end":{"line":16,"column":31}},"loc":{"start":{"line":16,"column":50},"end":{"line":32,"column":1}},"line":16},"2":{"name":"(anonymous_2)","decl":{"start":{"line":35,"column":34},"end":{"line":35,"column":35}},"loc":{"start":{"line":35,"column":54},"end":{"line":57,"column":1}},"line":35},"3":{"name":"(anonymous_3)","decl":{"start":{"line":60,"column":36},"end":{"line":60,"column":37}},"loc":{"start":{"line":60,"column":56},"end":{"line":74,"column":1}},"line":60}},"branchMap":{"0":{"loc":{"start":{"line":39,"column":2},"end":{"line":50,"column":3}},"type":"if","locations":[{"start":{"line":39,"column":2},"end":{"line":50,"column":3}},{"start":{"line":42,"column":9},"end":{"line":50,"column":3}}],"line":39},"1":{"loc":{"start":{"line":42,"column":9},"end":{"line":50,"column":3}},"type":"if","locations":[{"start":{"line":42,"column":9},"end":{"line":50,"column":3}},{"start":{"line":48,"column":9},"end":{"line":50,"column":3}}],"line":42},"2":{"loc":{"start":{"line":64,"column":2},"end":{"line":66,"column":3}},"type":"if","locations":[{"start":{"line":64,"column":2},"end":{"line":66,"column":3}},{"start":{},"end":{}}],"line":64},"3":{"loc":{"start":{"line":64,"column":6},"end":{"line":64,"column":38}},"type":"binary-expr","locations":[{"start":{"line":64,"column":6},"end":{"line":64,"column":22}},{"start":{"line":64,"column":26},"end":{"line":64,"column":38}}],"line":64}},"s":{"0":0,"1":0,"2":0,"3":0,"4":0,"5":0,"6":0,"7":0,"8":0,"9":0,"10":0,"11":0,"12":0,"13":0,"14":0,"15":0,"16":0,"17":0,"18":0,"19":0,"20":0,"21":0,"22":0,"23":0,"24":0,"25":0,"26":0,"27":0},"f":{"0":0,"1":0,"2":0,"3":0},"b":{"0":[0,0],"1":[0,0],"2":[0,0],"3":[0,0]}}
,"/Users/yash/Desktop/AI-Persona/backend/src/controllers/workspaceController.js": {"path":"/Users/yash/Desktop/AI-Persona/backend/src/controllers/workspaceController.js","statementMap":{"0":{"start":{"line":1,"column":25},"end":{"line":1,"column":64}},"1":{"start":{"line":2,"column":21},"end":{"line":2,"column":53}},"2":{"start":{"line":3,"column":17},"end":{"line":3,"column":45}},"3":{"start":{"line":6,"column":21},"end":{"line":16,"column":2}},"4":{"start":{"line":7,"column":22},"end":{"line":7,"column":35}},"5":{"start":{"line":8,"column":17},"end":{"line":8,"column":28}},"6":{"start":{"line":10,"column":20},"end":{"line":10,"column":76}},"7":{"start":{"line":12,"column":2},"end":{"line":15,"column":5}},"8":{"start":{"line":19,"column":24},"end":{"line":35,"column":2}},"9":{"start":{"line":20,"column":22},"end":{"line":20,"column":35}},"10":{"start":{"line":21,"column":17},"end":{"line":21,"column":28}},"11":{"start":{"line":22,"column":37},"end":{"line":22,"column":45}},"12":{"start":{"line":24,"column":27},"end":{"line":28,"column":3}},"13":{"start":{"line":30,"column":2},"end":{"line":34,"column":5}},"14":{"start":{"line":38,"column":20},"end":{"line":60,"column":2}},"15":{"start":{"line":39,"column":22},"end":{"line":39,"column":35}},"16":{"start":{"line":40,"column":17},"end":{"line":40,"column":28}},"17":{"start":{"line":41,"column":57},"end":{"line":41,"column":66}},"18":{"start":{"line":43,"column":17},"end":{"line":49,"column":4}},"19":{"start":{"line":51,"column":2},"end":{"line":59,"column":5}},"20":{"start":{"line":63,"column":19},"end":{"line":81,"column":2}},"21":{"start":{"line":64,"column":22},"end":{"line":64,"column":35}},"22":{"start":{"line":65,"column":19},"end":{"line":65,"column":33}},"23":{"start":{"line":66,"column":17},"end":{"line":66,"column":28}},"24":{"start":{"line":67,"column":19},"end":{"line":67,"column":27}},"25":{"start":{"line":69,"column":24},"end":{"line":74,"column":3}},"26":{"start":{"line":76,"column":2},"end":{"line":80,"column":5}},"27":{"start":{"line":84,"column":21},"end":{"line":102,"column":2}},"28":{"start":{"line":85,"column":22},"end":{"line":85,"column":35}},"29":{"start":{"line":86,"column":19},"end":{"line":86,"column":33}},"30":{"start":{"line":87,"column":17},"end":{"line":87,"column":28}},"31":{"start":{"line":88,"column":21},"end":{"line":88,"column":29}},"32":{"start":{"line":90,"column":24},"end":{"line":95,"column":3}},"33":{"start":{"line":97,"column":2},"end":{"line":101,"column":5}},"34":{"start":{"line":105,"column":21},"end":{"line":116,"column":2}},"35":{"start":{"line":106,"column":22},"end":{"line":106,"column":35}},"36":{"start":{"line":107,"column":19},"end":{"line":107,"column":33}},"37":{"start":{"line":108,"column":17},"end":{"line":108,"column":28}},"38":{"start":{"line":110,"column":2},"end":{"line":110,"column":69}},"39":{"start":{"line":112,"column":2},"end":{"line":115,"column":5}},"40":{"start":{"line":119,"column":24},"end":{"line":130,"column":2}},"41":{"start":{"line":120,"column":22},"end":{"line":120,"column":35}},"42":{"start":{"line":121,"column":17},"end":{"line":121,"column":28}},"43":{"start":{"line":122,"column":21},"end":{"line":122,"column":29}},"44":{"start":{"line":124,"column":2},"end":{"line":124,"column":70}},"45":{"start":{"line":126,"column":2},"end":{"line":129,"column":5}},"46":{"start":{"line":132,"column":0},"end":{"line":140,"column":2}}},"fnMap":{"0":{"name":"(anonymous_0)","decl":{"start":{"line":6,"column":34},"end":{"line":6,"column":35}},"loc":{"start":{"line":6,"column":54},"end":{"line":16,"column":1}},"line":6},"1":{"name":"(anonymous_1)","decl":{"start":{"line":19,"column":37},"end":{"line":19,"column":38}},"loc":{"start":{"line":19,"column":57},"end":{"line":35,"column":1}},"line":19},"2":{"name":"(anonymous_2)","decl":{"start":{"line":38,"column":33},"end":{"line":38,"column":34}},"loc":{"start":{"line":38,"column":53},"end":{"line":60,"column":1}},"line":38},"3":{"name":"(anonymous_3)","decl":{"start":{"line":63,"column":32},"end":{"line":63,"column":33}},"loc":{"start":{"line":63,"column":52},"end":{"line":81,"column":1}},"line":63},"4":{"name":"(anonymous_4)","decl":{"start":{"line":84,"column":34},"end":{"line":84,"column":35}},"loc":{"start":{"line":84,"column":54},"end":{"line":102,"column":1}},"line":84},"5":{"name":"(anonymous_5)","decl":{"start":{"line":105,"column":34},"end":{"line":105,"column":35}},"loc":{"start":{"line":105,"column":54},"end":{"line":116,"column":1}},"line":105},"6":{"name":"(anonymous_6)","decl":{"start":{"line":119,"column":37},"end":{"line":119,"column":38}},"loc":{"start":{"line":119,"column":57},"end":{"line":130,"column":1}},"line":119}},"branchMap":{"0":{"loc":{"start":{"line":41,"column":32},"end":{"line":41,"column":40}},"type":"default-arg","locations":[{"start":{"line":41,"column":39},"end":{"line":41,"column":40}}],"line":41},"1":{"loc":{"start":{"line":41,"column":42},"end":{"line":41,"column":52}},"type":"default-arg","locations":[{"start":{"line":41,"column":50},"end":{"line":41,"column":52}}],"line":41}},"s":{"0":0,"1":0,"2":0,"3":0,"4":0,"5":0,"6":0,"7":0,"8":0,"9":0,"10":0,"11":0,"12":0,"13":0,"14":0,"15":0,"16":0,"17":0,"18":0,"19":0,"20":0,"21":0,"22":0,"23":0,"24":0,"25":0,"26":0,"27":0,"28":0,"29":0,"30":0,"31":0,"32":0,"33":0,"34":0,"35":0,"36":0,"37":0,"38":0,"39":0,"40":0,"41":0,"42":0,"43":0,"44":0,"45":0,"46":0},"f":{"0":0,"1":0,"2":0,"3":0,"4":0,"5":0,"6":0},"b":{"0":[0],"1":[0]}}
,"/Users/yash/Desktop/AI-Persona/backend/src/middlewares/authMiddleware.js": {"path":"/Users/yash/Desktop/AI-Persona/backend/src/middlewares/authMiddleware.js","statementMap":{"0":{"start":{"line":10,"column":24},"end":{"line":10,"column":47}},"1":{"start":{"line":11,"column":17},"end":{"line":11,"column":45}},"2":{"start":{"line":12,"column":25},"end":{"line":12,"column":50}},"3":{"start":{"line":13,"column":15},"end":{"line":13,"column":33}},"4":{"start":{"line":16,"column":2},"end":{"line":50,"column":3}},"5":{"start":{"line":18,"column":23},"end":{"line":18,"column":51}},"6":{"start":{"line":19,"column":4},"end":{"line":21,"column":5}},"7":{"start":{"line":20,"column":6},"end":{"line":20,"column":74}},"8":{"start":{"line":22,"column":18},"end":{"line":22,"column":42}},"9":{"start":{"line":25,"column":20},"end":{"line":25,"column":44}},"10":{"start":{"line":26,"column":4},"end":{"line":28,"column":5}},"11":{"start":{"line":27,"column":6},"end":{"line":27,"column":58}},"12":{"start":{"line":30,"column":17},"end":{"line":32,"column":6}},"13":{"start":{"line":33,"column":4},"end":{"line":35,"column":5}},"14":{"start":{"line":34,"column":6},"end":{"line":34,"column":60}},"15":{"start":{"line":36,"column":4},"end":{"line":38,"column":5}},"16":{"start":{"line":37,"column":6},"end":{"line":37,"column":71}},"17":{"start":{"line":40,"column":4},"end":{"line":46,"column":6}},"18":{"start":{"line":47,"column":4},"end":{"line":47,"column":11}},"19":{"start":{"line":49,"column":4},"end":{"line":49,"column":14}},"20":{"start":{"line":53,"column":0},"end":{"line":53,"column":32}}},"fnMap":{"0":{"name":"authMiddleware","decl":{"start":{"line":15,"column":15},"end":{"line":15,"column":29}},"loc":{"start":{"line":15,"column":46},"end":{"line":51,"column":1}},"line":15}},"branchMap":{"0":{"loc":{"start":{"line":19,"column":4},"end":{"line":21,"column":5}},"type":"if","locations":[{"start":{"line":19,"column":4},"end":{"line":21,"column":5}},{"start":{},"end":{}}],"line":19},"1":{"loc":{"start":{"line":19,"column":8},"end":{"line":19,"column":56}},"type":"binary-expr","locations":[{"start":{"line":19,"column":8},"end":{"line":19,"column":19}},{"start":{"line":19,"column":23},"end":{"line":19,"column":56}}],"line":19},"2":{"loc":{"start":{"line":26,"column":4},"end":{"line":28,"column":5}},"type":"if","locations":[{"start":{"line":26,"column":4},"end":{"line":28,"column":5}},{"start":{},"end":{}}],"line":26},"3":{"loc":{"start":{"line":26,"column":8},"end":{"line":26,"column":35}},"type":"binary-expr","locations":[{"start":{"line":26,"column":8},"end":{"line":26,"column":16}},{"start":{"line":26,"column":20},"end":{"line":26,"column":35}}],"line":26},"4":{"loc":{"start":{"line":33,"column":4},"end":{"line":35,"column":5}},"type":"if","locations":[{"start":{"line":33,"column":4},"end":{"line":35,"column":5}},{"start":{},"end":{}}],"line":33},"5":{"loc":{"start":{"line":33,"column":8},"end":{"line":33,"column":41}},"type":"binary-expr","locations":[{"start":{"line":33,"column":8},"end":{"line":33,"column":13}},{"start":{"line":33,"column":17},"end":{"line":33,"column":41}}],"line":33},"6":{"loc":{"start":{"line":36,"column":4},"end":{"line":38,"column":5}},"type":"if","locations":[{"start":{"line":36,"column":4},"end":{"line":38,"column":5}},{"start":{},"end":{}}],"line":36}},"s":{"0":0,"1":0,"2":0,"3":0,"4":0,"5":0,"6":0,"7":0,"8":0,"9":0,"10":0,"11":0,"12":0,"13":0,"14":0,"15":0,"16":0,"17":0,"18":0,"19":0,"20":0},"f":{"0":0},"b":{"0":[0,0],"1":[0,0],"2":[0,0],"3":[0,0],"4":[0,0],"5":[0,0],"6":[0,0]}}
,"/Users/yash/Desktop/AI-Persona/backend/src/middlewares/passportSetup.js": {"path":"/Users/yash/Desktop/AI-Persona/backend/src/middlewares/passportSetup.js","statementMap":{"0":{"start":{"line":1,"column":17},"end":{"line":1,"column":36}},"1":{"start":{"line":2,"column":23},"end":{"line":2,"column":66}},"2":{"start":{"line":3,"column":23},"end":{"line":3,"column":57}},"3":{"start":{"line":4,"column":25},"end":{"line":4,"column":50}},"4":{"start":{"line":5,"column":15},"end":{"line":5,"column":33}},"5":{"start":{"line":9,"column":2},"end":{"line":54,"column":3}},"6":{"start":{"line":10,"column":4},"end":{"line":53,"column":6}},"7":{"start":{"line":19,"column":10},"end":{"line":50,"column":11}},"8":{"start":{"line":21,"column":23},"end":{"line":28,"column":14}},"9":{"start":{"line":29,"column":12},"end":{"line":45,"column":13}},"10":{"start":{"line":31,"column":32},"end":{"line":31,"column":66}},"11":{"start":{"line":32,"column":14},"end":{"line":44,"column":17}},"12":{"start":{"line":47,"column":12},"end":{"line":47,"column":49}},"13":{"start":{"line":49,"column":12},"end":{"line":49,"column":35}},"14":{"start":{"line":57,"column":2},"end":{"line":59,"column":4}},"15":{"start":{"line":58,"column":4},"end":{"line":58,"column":47}},"16":{"start":{"line":60,"column":2},"end":{"line":67,"column":5}},"17":{"start":{"line":61,"column":4},"end":{"line":66,"column":5}},"18":{"start":{"line":62,"column":19},"end":{"line":62,"column":66}},"19":{"start":{"line":63,"column":6},"end":{"line":63,"column":23}},"20":{"start":{"line":65,"column":6},"end":{"line":65,"column":22}},"21":{"start":{"line":70,"column":0},"end":{"line":70,"column":36}}},"fnMap":{"0":{"name":"initializePassport","decl":{"start":{"line":7,"column":9},"end":{"line":7,"column":27}},"loc":{"start":{"line":7,"column":30},"end":{"line":68,"column":1}},"line":7},"1":{"name":"(anonymous_1)","decl":{"start":{"line":18,"column":8},"end":{"line":18,"column":9}},"loc":{"start":{"line":18,"column":60},"end":{"line":51,"column":9}},"line":18},"2":{"name":"(anonymous_2)","decl":{"start":{"line":57,"column":25},"end":{"line":57,"column":26}},"loc":{"start":{"line":58,"column":4},"end":{"line":58,"column":47}},"line":58},"3":{"name":"(anonymous_3)","decl":{"start":{"line":60,"column":27},"end":{"line":60,"column":28}},"loc":{"start":{"line":60,"column":47},"end":{"line":67,"column":3}},"line":60}},"branchMap":{"0":{"loc":{"start":{"line":9,"column":2},"end":{"line":54,"column":3}},"type":"if","locations":[{"start":{"line":9,"column":2},"end":{"line":54,"column":3}},{"start":{},"end":{}}],"line":9},"1":{"loc":{"start":{"line":9,"column":6},"end":{"line":9,"column":74}},"type":"binary-expr","locations":[{"start":{"line":9,"column":6},"end":{"line":9,"column":36}},{"start":{"line":9,"column":40},"end":{"line":9,"column":74}}],"line":9},"2":{"loc":{"start":{"line":24,"column":18},"end":{"line":26,"column":41}},"type":"binary-expr","locations":[{"start":{"line":24,"column":18},"end":{"line":24,"column":32}},{"start":{"line":25,"column":18},"end":{"line":25,"column":35}},{"start":{"line":26,"column":18},"end":{"line":26,"column":41}}],"line":24},"3":{"loc":{"start":{"line":29,"column":12},"end":{"line":45,"column":13}},"type":"if","locations":[{"start":{"line":29,"column":12},"end":{"line":45,"column":13}},{"start":{},"end":{}}],"line":29},"4":{"loc":{"start":{"line":35,"column":20},"end":{"line":37,"column":43}},"type":"binary-expr","locations":[{"start":{"line":35,"column":20},"end":{"line":35,"column":34}},{"start":{"line":36,"column":20},"end":{"line":36,"column":37}},{"start":{"line":37,"column":20},"end":{"line":37,"column":43}}],"line":35},"5":{"loc":{"start":{"line":41,"column":31},"end":{"line":41,"column":67}},"type":"cond-expr","locations":[{"start":{"line":41,"column":43},"end":{"line":41,"column":55}},{"start":{"line":41,"column":58},"end":{"line":41,"column":67}}],"line":41},"6":{"loc":{"start":{"line":42,"column":24},"end":{"line":42,"column":55}},"type":"cond-expr","locations":[{"start":{"line":42,"column":36},"end":{"line":42,"column":44}},{"start":{"line":42,"column":47},"end":{"line":42,"column":55}}],"line":42},"7":{"loc":{"start":{"line":58,"column":15},"end":{"line":58,"column":46}},"type":"cond-expr","locations":[{"start":{"line":58,"column":26},"end":{"line":58,"column":37}},{"start":{"line":58,"column":40},"end":{"line":58,"column":46}}],"line":58}},"s":{"0":0,"1":0,"2":0,"3":0,"4":0,"5":0,"6":0,"7":0,"8":0,"9":0,"10":0,"11":0,"12":0,"13":0,"14":0,"15":0,"16":0,"17":0,"18":0,"19":0,"20":0,"21":0},"f":{"0":0,"1":0,"2":0,"3":0},"b":{"0":[0,0],"1":[0,0],"2":[0,0,0],"3":[0,0],"4":[0,0,0],"5":[0,0],"6":[0,0],"7":[0,0]}}
,"/Users/yash/Desktop/AI-Persona/backend/src/middlewares/permissionMiddleware.js": {"path":"/Users/yash/Desktop/AI-Persona/backend/src/middlewares/permissionMiddleware.js","statementMap":{"0":{"start":{"line":1,"column":17},"end":{"line":1,"column":45}},"1":{"start":{"line":2,"column":14},"end":{"line":2,"column":39}},"2":{"start":{"line":5,"column":2},"end":{"line":15,"column":4}},"3":{"start":{"line":6,"column":4},"end":{"line":8,"column":5}},"4":{"start":{"line":7,"column":6},"end":{"line":7,"column":60}},"5":{"start":{"line":9,"column":21},"end":{"line":9,"column":34}},"6":{"start":{"line":10,"column":24},"end":{"line":10,"column":45}},"7":{"start":{"line":11,"column":4},"end":{"line":13,"column":5}},"8":{"start":{"line":12,"column":6},"end":{"line":12,"column":65}},"9":{"start":{"line":14,"column":4},"end":{"line":14,"column":11}},"10":{"start":{"line":18,"column":0},"end":{"line":18,"column":38}}},"fnMap":{"0":{"name":"permissionMiddleware","decl":{"start":{"line":4,"column":9},"end":{"line":4,"column":29}},"loc":{"start":{"line":4,"column":50},"end":{"line":16,"column":1}},"line":4},"1":{"name":"(anonymous_1)","decl":{"start":{"line":5,"column":9},"end":{"line":5,"column":10}},"loc":{"start":{"line":5,"column":29},"end":{"line":15,"column":3}},"line":5}},"branchMap":{"0":{"loc":{"start":{"line":6,"column":4},"end":{"line":8,"column":5}},"type":"if","locations":[{"start":{"line":6,"column":4},"end":{"line":8,"column":5}},{"start":{},"end":{}}],"line":6},"1":{"loc":{"start":{"line":6,"column":8},"end":{"line":6,"column":35}},"type":"binary-expr","locations":[{"start":{"line":6,"column":8},"end":{"line":6,"column":17}},{"start":{"line":6,"column":21},"end":{"line":6,"column":35}}],"line":6},"2":{"loc":{"start":{"line":10,"column":24},"end":{"line":10,"column":45}},"type":"binary-expr","locations":[{"start":{"line":10,"column":24},"end":{"line":10,"column":39}},{"start":{"line":10,"column":43},"end":{"line":10,"column":45}}],"line":10},"3":{"loc":{"start":{"line":11,"column":4},"end":{"line":13,"column":5}},"type":"if","locations":[{"start":{"line":11,"column":4},"end":{"line":13,"column":5}},{"start":{},"end":{}}],"line":11}},"s":{"0":0,"1":0,"2":0,"3":0,"4":0,"5":0,"6":0,"7":0,"8":0,"9":0,"10":0},"f":{"0":0,"1":0},"b":{"0":[0,0],"1":[0,0],"2":[0,0],"3":[0,0]}}
,"/Users/yash/Desktop/AI-Persona/backend/src/middlewares/rateLimiter.js": {"path":"/Users/yash/Desktop/AI-Persona/backend/src/middlewares/rateLimiter.js","statementMap":{"0":{"start":{"line":1,"column":18},"end":{"line":1,"column":47}},"1":{"start":{"line":2,"column":27},"end":{"line":2,"column":56}},"2":{"start":{"line":3,"column":14},"end":{"line":3,"column":32}},"3":{"start":{"line":6,"column":14},"end":{"line":10,"column":2}},"4":{"start":{"line":13,"column":0},"end":{"line":16,"column":3}},"5":{"start":{"line":14,"column":2},"end":{"line":14,"column":57}},"6":{"start":{"line":18,"column":0},"end":{"line":20,"column":3}},"7":{"start":{"line":19,"column":2},"end":{"line":19,"column":51}},"8":{"start":{"line":25,"column":4},"end":{"line":25,"column":42}},"9":{"start":{"line":26,"column":4},"end":{"line":26,"column":46}},"10":{"start":{"line":27,"column":4},"end":{"line":27,"column":23}},"11":{"start":{"line":31,"column":16},"end":{"line":31,"column":26}},"12":{"start":{"line":32,"column":19},"end":{"line":32,"column":32}},"13":{"start":{"line":33,"column":21},"end":{"line":33,"column":43}},"14":{"start":{"line":35,"column":4},"end":{"line":65,"column":5}},"15":{"start":{"line":37,"column":23},"end":{"line":37,"column":44}},"16":{"start":{"line":40,"column":6},"end":{"line":40,"column":59}},"17":{"start":{"line":43,"column":6},"end":{"line":43,"column":62}},"18":{"start":{"line":46,"column":6},"end":{"line":46,"column":31}},"19":{"start":{"line":49,"column":6},"end":{"line":49,"column":62}},"20":{"start":{"line":51,"column":22},"end":{"line":51,"column":43}},"21":{"start":{"line":52,"column":20},"end":{"line":52,"column":33}},"22":{"start":{"line":54,"column":6},"end":{"line":57,"column":8}},"23":{"start":{"line":59,"column":6},"end":{"line":59,"column":65}},"24":{"start":{"line":61,"column":6},"end":{"line":64,"column":8}},"25":{"start":{"line":70,"column":4},"end":{"line":70,"column":14}},"26":{"start":{"line":74,"column":4},"end":{"line":78,"column":5}},"27":{"start":{"line":75,"column":6},"end":{"line":75,"column":51}},"28":{"start":{"line":77,"column":6},"end":{"line":77,"column":56}},"29":{"start":{"line":83,"column":34},"end":{"line":100,"column":2}},"30":{"start":{"line":103,"column":20},"end":{"line":123,"column":2}},"31":{"start":{"line":113,"column":4},"end":{"line":113,"column":50}},"32":{"start":{"line":126,"column":23},"end":{"line":145,"column":2}},"33":{"start":{"line":136,"column":4},"end":{"line":136,"column":60}},"34":{"start":{"line":148,"column":25},"end":{"line":155,"column":1}},"35":{"start":{"line":149,"column":2},"end":{"line":154,"column":3}},"36":{"start":{"line":150,"column":4},"end":{"line":150,"column":23}},"37":{"start":{"line":151,"column":4},"end":{"line":151,"column":57}},"38":{"start":{"line":153,"column":4},"end":{"line":153,"column":54}},"39":{"start":{"line":158,"column":23},"end":{"line":171,"column":1}},"40":{"start":{"line":159,"column":2},"end":{"line":170,"column":3}},"41":{"start":{"line":160,"column":20},"end":{"line":160,"column":38}},"42":{"start":{"line":161,"column":17},"end":{"line":161,"column":42}},"43":{"start":{"line":162,"column":4},"end":{"line":165,"column":5}},"44":{"start":{"line":163,"column":6},"end":{"line":163,"column":31}},"45":{"start":{"line":164,"column":6},"end":{"line":164,"column":38}},"46":{"start":{"line":166,"column":4},"end":{"line":166,"column":26}},"47":{"start":{"line":168,"column":4},"end":{"line":168,"column":63}},"48":{"start":{"line":169,"column":4},"end":{"line":169,"column":36}},"49":{"start":{"line":174,"column":27},"end":{"line":189,"column":1}},"50":{"start":{"line":175,"column":2},"end":{"line":188,"column":3}},"51":{"start":{"line":176,"column":21},"end":{"line":176,"column":38}},"52":{"start":{"line":177,"column":18},"end":{"line":177,"column":45}},"53":{"start":{"line":178,"column":16},"end":{"line":178,"column":41}},"54":{"start":{"line":180,"column":4},"end":{"line":185,"column":6}},"55":{"start":{"line":187,"column":4},"end":{"line":187,"column":36}},"56":{"start":{"line":192,"column":24},"end":{"line":207,"column":2}},"57":{"start":{"line":209,"column":21},"end":{"line":224,"column":2}},"58":{"start":{"line":226,"column":29},"end":{"line":241,"column":2}},"59":{"start":{"line":243,"column":0},"end":{"line":258,"column":2}}},"fnMap":{"0":{"name":"(anonymous_0)","decl":{"start":{"line":13,"column":18},"end":{"line":13,"column":19}},"loc":{"start":{"line":13,"column":27},"end":{"line":16,"column":1}},"line":13},"1":{"name":"(anonymous_1)","decl":{"start":{"line":18,"column":20},"end":{"line":18,"column":21}},"loc":{"start":{"line":18,"column":26},"end":{"line":20,"column":1}},"line":18},"2":{"name":"(anonymous_2)","decl":{"start":{"line":24,"column":2},"end":{"line":24,"column":3}},"loc":{"start":{"line":24,"column":28},"end":{"line":28,"column":3}},"line":24},"3":{"name":"(anonymous_3)","decl":{"start":{"line":30,"column":2},"end":{"line":30,"column":3}},"loc":{"start":{"line":30,"column":23},"end":{"line":66,"column":3}},"line":30},"4":{"name":"(anonymous_4)","decl":{"start":{"line":68,"column":2},"end":{"line":68,"column":3}},"loc":{"start":{"line":68,"column":23},"end":{"line":71,"column":3}},"line":68},"5":{"name":"(anonymous_5)","decl":{"start":{"line":73,"column":2},"end":{"line":73,"column":3}},"loc":{"start":{"line":73,"column":22},"end":{"line":79,"column":3}},"line":73},"6":{"name":"(anonymous_6)","decl":{"start":{"line":111,"column":16},"end":{"line":111,"column":17}},"loc":{"start":{"line":111,"column":25},"end":{"line":114,"column":3}},"line":111},"7":{"name":"(anonymous_7)","decl":{"start":{"line":134,"column":16},"end":{"line":134,"column":17}},"loc":{"start":{"line":134,"column":25},"end":{"line":137,"column":3}},"line":134},"8":{"name":"(anonymous_8)","decl":{"start":{"line":148,"column":25},"end":{"line":148,"column":26}},"loc":{"start":{"line":148,"column":37},"end":{"line":155,"column":1}},"line":148},"9":{"name":"(anonymous_9)","decl":{"start":{"line":158,"column":23},"end":{"line":158,"column":24}},"loc":{"start":{"line":158,"column":54},"end":{"line":171,"column":1}},"line":158},"10":{"name":"(anonymous_10)","decl":{"start":{"line":174,"column":27},"end":{"line":174,"column":28}},"loc":{"start":{"line":174,"column":58},"end":{"line":189,"column":1}},"line":174}},"branchMap":{"0":{"loc":{"start":{"line":6,"column":24},"end":{"line":6,"column":73}},"type":"binary-expr","locations":[{"start":{"line":6,"column":24},"end":{"line":6,"column":45}},{"start":{"line":6,"column":49},"end":{"line":6,"column":73}}],"line":6},"1":{"loc":{"start":{"line":24,"column":14},"end":{"line":24,"column":26}},"type":"default-arg","locations":[{"start":{"line":24,"column":24},"end":{"line":24,"column":26}}],"line":24},"2":{"loc":{"start":{"line":25,"column":18},"end":{"line":25,"column":41}},"type":"binary-expr","locations":[{"start":{"line":25,"column":18},"end":{"line":25,"column":32}},{"start":{"line":25,"column":36},"end":{"line":25,"column":41}}],"line":25},"3":{"loc":{"start":{"line":26,"column":20},"end":{"line":26,"column":45}},"type":"binary-expr","locations":[{"start":{"line":26,"column":20},"end":{"line":26,"column":36}},{"start":{"line":26,"column":40},"end":{"line":26,"column":45}}],"line":26},"4":{"loc":{"start":{"line":136,"column":22},"end":{"line":136,"column":57}},"type":"binary-expr","locations":[{"start":{"line":136,"column":22},"end":{"line":136,"column":34}},{"start":{"line":136,"column":38},"end":{"line":136,"column":57}}],"line":136},"5":{"loc":{"start":{"line":158,"column":35},"end":{"line":158,"column":49}},"type":"default-arg","locations":[{"start":{"line":158,"column":44},"end":{"line":158,"column":49}}],"line":158},"6":{"loc":{"start":{"line":162,"column":4},"end":{"line":165,"column":5}},"type":"if","locations":[{"start":{"line":162,"column":4},"end":{"line":165,"column":5}},{"start":{},"end":{}}],"line":162},"7":{"loc":{"start":{"line":174,"column":39},"end":{"line":174,"column":53}},"type":"default-arg","locations":[{"start":{"line":174,"column":48},"end":{"line":174,"column":53}}],"line":174}},"s":{"0":0,"1":0,"2":0,"3":0,"4":0,"5":0,"6":0,"7":0,"8":0,"9":0,"10":0,"11":0,"12":0,"13":0,"14":0,"15":0,"16":0,"17":0,"18":0,"19":0,"20":0,"21":0,"22":0,"23":0,"24":0,"25":0,"26":0,"27":0,"28":0,"29":0,"30":0,"31":0,"32":0,"33":0,"34":0,"35":0,"36":0,"37":0,"38":0,"39":0,"40":0,"41":0,"42":0,"43":0,"44":0,"45":0,"46":0,"47":0,"48":0,"49":0,"50":0,"51":0,"52":0,"53":0,"54":0,"55":0,"56":0,"57":0,"58":0,"59":0},"f":{"0":0,"1":0,"2":0,"3":0,"4":0,"5":0,"6":0,"7":0,"8":0,"9":0,"10":0},"b":{"0":[0,0],"1":[0],"2":[0,0],"3":[0,0],"4":[0,0],"5":[0],"6":[0,0],"7":[0]}}
,"/Users/yash/Desktop/AI-Persona/backend/src/middlewares/roleMiddleware.js": {"path":"/Users/yash/Desktop/AI-Persona/backend/src/middlewares/roleMiddleware.js","statementMap":{"0":{"start":{"line":1,"column":17},"end":{"line":1,"column":45}},"1":{"start":{"line":4,"column":2},"end":{"line":33,"column":4}},"2":{"start":{"line":5,"column":4},"end":{"line":7,"column":5}},"3":{"start":{"line":6,"column":6},"end":{"line":6,"column":64}},"4":{"start":{"line":10,"column":18},"end":{"line":12,"column":23}},"5":{"start":{"line":15,"column":28},"end":{"line":18,"column":5}},"6":{"start":{"line":17,"column":8},"end":{"line":17,"column":75}},"7":{"start":{"line":21,"column":4},"end":{"line":26,"column":5}},"8":{"start":{"line":22,"column":29},"end":{"line":22,"column":64}},"9":{"start":{"line":23,"column":6},"end":{"line":25,"column":7}},"10":{"start":{"line":24,"column":8},"end":{"line":24,"column":22}},"11":{"start":{"line":28,"column":4},"end":{"line":30,"column":5}},"12":{"start":{"line":29,"column":6},"end":{"line":29,"column":65}},"13":{"start":{"line":32,"column":4},"end":{"line":32,"column":11}},"14":{"start":{"line":36,"column":0},"end":{"line":36,"column":32}}},"fnMap":{"0":{"name":"roleMiddleware","decl":{"start":{"line":3,"column":9},"end":{"line":3,"column":23}},"loc":{"start":{"line":3,"column":59},"end":{"line":34,"column":1}},"line":3},"1":{"name":"(anonymous_1)","decl":{"start":{"line":4,"column":9},"end":{"line":4,"column":10}},"loc":{"start":{"line":4,"column":29},"end":{"line":33,"column":3}},"line":4},"2":{"name":"(anonymous_2)","decl":{"start":{"line":16,"column":6},"end":{"line":16,"column":7}},"loc":{"start":{"line":17,"column":8},"end":{"line":17,"column":75}},"line":17}},"branchMap":{"0":{"loc":{"start":{"line":3,"column":39},"end":{"line":3,"column":57}},"type":"default-arg","locations":[{"start":{"line":3,"column":52},"end":{"line":3,"column":57}}],"line":3},"1":{"loc":{"start":{"line":5,"column":4},"end":{"line":7,"column":5}},"type":"if","locations":[{"start":{"line":5,"column":4},"end":{"line":7,"column":5}},{"start":{},"end":{}}],"line":5},"2":{"loc":{"start":{"line":10,"column":18},"end":{"line":12,"column":23}},"type":"cond-expr","locations":[{"start":{"line":11,"column":8},"end":{"line":11,"column":21}},{"start":{"line":12,"column":8},"end":{"line":12,"column":23}}],"line":10},"3":{"loc":{"start":{"line":17,"column":8},"end":{"line":17,"column":75}},"type":"binary-expr","locations":[{"start":{"line":17,"column":8},"end":{"line":17,"column":21}},{"start":{"line":17,"column":25},"end":{"line":17,"column":75}}],"line":17},"4":{"loc":{"start":{"line":21,"column":4},"end":{"line":26,"column":5}},"type":"if","locations":[{"start":{"line":21,"column":4},"end":{"line":26,"column":5}},{"start":{},"end":{}}],"line":21},"5":{"loc":{"start":{"line":21,"column":8},"end":{"line":21,"column":38}},"type":"binary-expr","locations":[{"start":{"line"
[...]
column":67}},"17":{"start":{"line":39,"column":22},"end":{"line":39,"column":62}},"18":{"start":{"line":41,"column":4},"end":{"line":85,"column":5}},"19":{"start":{"line":43,"column":51},"end":{"line":47,"column":8}},"20":{"start":{"line":49,"column":6},"end":{"line":49,"column":49}},"21":{"start":{"line":50,"column":6},"end":{"line":50,"column":33}},"22":{"start":{"line":52,"column":6},"end":{"line":54,"column":7}},"23":{"start":{"line":53,"column":8},"end":{"line":53,"column":63}},"24":{"start":{"line":57,"column":6},"end":{"line":59,"column":7}},"25":{"start":{"line":58,"column":8},"end":{"line":58,"column":57}},"26":{"start":{"line":61,"column":6},"end":{"line":71,"column":9}},"27":{"start":{"line":73,"column":6},"end":{"line":73,"column":53}},"28":{"start":{"line":76,"column":6},"end":{"line":80,"column":9}},"29":{"start":{"line":82,"column":6},"end":{"line":84,"column":7}},"30":{"start":{"line":83,"column":8},"end":{"line":83,"column":58}},"31":{"start":{"line":87,"column":4},"end":{"line":89,"column":5}},"32":{"start":{"line":88,"column":6},"end":{"line":88,"column":65}},"33":{"start":{"line":91,"column":4},"end":{"line":101,"column":7}},"34":{"start":{"line":102,"column":4},"end":{"line":102,"column":51}},"35":{"start":{"line":105,"column":2},"end":{"line":109,"column":4}},"36":{"start":{"line":114,"column":21},"end":{"line":124,"column":4}},"37":{"start":{"line":127,"column":21},"end":{"line":127,"column":35}},"38":{"start":{"line":128,"column":17},"end":{"line":128,"column":22}},"39":{"start":{"line":130,"column":2},"end":{"line":130,"column":30}},"40":{"start":{"line":131,"column":2},"end":{"line":131,"column":49}},"41":{"start":{"line":134,"column":2},"end":{"line":149,"column":3}},"42":{"start":{"line":135,"column":4},"end":{"line":135,"column":58}},"43":{"start":{"line":136,"column":27},"end":{"line":136,"column":69}},"44":{"start":{"line":137,"column":26},"end":{"line":137,"column":67}},"45":{"start":{"line":138,"column":22},"end":{"line":138,"column":62}},"46":{"start":{"line":140,"column":4},"end":{"line":144,"column":7}},"47":{"start":{"line":146,"column":4},"end":{"line":148,"column":5}},"48":{"start":{"line":147,"column":6},"end":{"line":147,"column":67}},"49":{"start":{"line":151,"column":2},"end":{"line":162,"column":4}},"50":{"start":{"line":167,"column":15},"end":{"line":167,"column":37}},"51":{"start":{"line":168,"column":2},"end":{"line":172,"column":4}},"52":{"start":{"line":177,"column":15},"end":{"line":177,"column":37}},"53":{"start":{"line":178,"column":14},"end":{"line":188,"column":3}},"54":{"start":{"line":190,"column":2},"end":{"line":192,"column":4}},"55":{"start":{"line":196,"column":15},"end":{"line":196,"column":37}},"56":{"start":{"line":197,"column":15},"end":{"line":202,"column":3}},"57":{"start":{"line":204,"column":16},"end":{"line":204,"column":56}},"58":{"start":{"line":205,"column":2},"end":{"line":207,"column":3}},"59":{"start":{"line":206,"column":4},"end":{"line":206,"column":72}},"60":{"start":{"line":208,"column":2},"end":{"line":208,"column":15}},"61":{"start":{"line":212,"column":2},"end":{"line":217,"column":3}},"62":{"start":{"line":213,"column":17},"end":{"line":213,"column":39}},"63":{"start":{"line":214,"column":4},"end":{"line":214,"column":72}},"64":{"start":{"line":216,"column":4},"end":{"line":216,"column":63}},"65":{"start":{"line":221,"column":15},"end":{"line":221,"column":37}},"66":{"start":{"line":222,"column":15},"end":{"line":227,"column":3}},"67":{"start":{"line":228,"column":2},"end":{"line":228,"column":50}},"68":{"start":{"line":232,"column":2},"end":{"line":237,"column":3}},"69":{"start":{"line":233,"column":17},"end":{"line":233,"column":39}},"70":{"start":{"line":234,"column":4},"end":{"line":234,"column":72}},"71":{"start":{"line":236,"column":4},"end":{"line":236,"column":64}},"72":{"start":{"line":241,"column":0},"end":{"line":241,"column":38}},"73":{"start":{"line":243,"column":0},"end":{"line":251,"column":2}}},"fnMap":{"0":{"name":"initializeKeys","decl":{"start":{"line":26,"column":15},"end":{"line":26,"column":29}},"loc":{"start":{"line":26,"column":32},"end":{"line":110,"column":1}},"line":26},"1":{"name":"rotateKeys","decl":{"start":{"line":113,"column":15},"end":{"line":113,"column":25}},"loc":{"start":{"line":113,"column":28},"end":{"line":163,"column":1}},"line":113},"2":{"name":"getCurrentKeys","decl":{"start":{"line":166,"column":15},"end":{"line":166,"column":29}},"loc":{"start":{"line":166,"column":32},"end":{"line":173,"column":1}},"line":166},"3":{"name":"generateJWKS","decl":{"start":{"line":176,"column":15},"end":{"line":176,"column":27}},"loc":{"start":{"line":176,"column":30},"end":{"line":193,"column":1}},"line":176},"4":{"name":"signToken","decl":{"start":{"line":195,"column":15},"end":{"line":195,"column":24}},"loc":{"start":{"line":195,"column":48},"end":{"line":209,"column":1}},"line":195},"5":{"name":"verifyToken","decl":{"start":{"line":211,"column":15},"end":{"line":211,"column":26}},"loc":{"start":{"line":211,"column":34},"end":{"line":218,"column":1}},"line":211},"6":{"name":"signRefreshToken","decl":{"start":{"line":220,"column":15},"end":{"line":220,"column":31}},"loc":{"start":{"line":220,"column":55},"end":{"line":229,"column":1}},"line":220},"7":{"name":"verifyRefreshToken","decl":{"start":{"line":231,"column":15},"end":{"line":231,"column":33}},"loc":{"start":{"line":231,"column":41},"end":{"line":238,"column":1}},"line":231}},"branchMap":{"0":{"loc":{"start":{"line":23,"column":2},"end":{"line":23,"column":63}},"type":"binary-expr","locations":[{"start":{"line":23,"column":2},"end":{"line":23,"column":33}},{"start":{"line":23,"column":37},"end":{"line":23,"column":63}}],"line":23},"1":{"loc":{"start":{"line":27,"column":2},"end":{"line":33,"column":3}},"type":"if","locations":[{"start":{"line":27,"column":2},"end":{"line":33,"column":3}},{"start":{},"end":{}}],"line":27},"2":{"loc":{"start":{"line":27,"column":6},"end":{"line":27,"column":29}},"type":"binary-expr","locations":[{"start":{"line":27,"column":6},"end":{"line":27,"column":20}},{"start":{"line":27,"column":24},"end":{"line":27,"column":29}}],"line":27},"3":{"loc":{"start":{"line":52,"column":6},"end":{"line":54,"column":7}},"type":"if","locations":[{"start":{"line":52,"column":6},"end":{"line":54,"column":7}},{"start":{},"end":{}}],"line":52},"4":{"loc":{"start":{"line":57,"column":6},"end":{"line":59,"column":7}},"type":"if","locations":[{"start":{"line":57,"column":6},"end":{"line":59,"column":7}},{"start":{},"end":{}}],"line":57},"5":{"loc":{"start":{"line":82,"column":6},"end":{"line":84,"column":7}},"type":"if","locations":[{"start":{"line":82,"column":6},"end":{"line":84,"column":7}},{"start":{},"end":{}}],"line":82},"6":{"loc":{"start":{"line":87,"column":4},"end":{"line":89,"column":5}},"type":"if","locations":[{"start":{"line":87,"column":4},"end":{"line":89,"column":5}},{"start":{},"end":{}}],"line":87},"7":{"loc":{"start":{"line":146,"column":4},"end":{"line":148,"column":5}},"type":"if","locations":[{"start":{"line":146,"column":4},"end":{"line":148,"column":5}},{"start":{},"end":{}}],"line":146},"8":{"loc":{"start":{"line":195,"column":34},"end":{"line":195,"column":46}},"type":"default-arg","locations":[{"start":{"line":195,"column":44},"end":{"line":195,"column":46}}],"line":195},"9":{"loc":{"start":{"line":198,"column":15},"end":{"line":198,"column":55}},"type":"binary-expr","locations":[{"start":{"line":198,"column":15},"end":{"line":198,"column":32}},{"start":{"line":198,"column":36},"end":{"line":198,"column":55}}],"line":198},"10":{"loc":{"start":{"line":205,"column":2},"end":{"line":207,"column":3}},"type":"if","locations":[{"start":{"line":205,"column":2},"end":{"line":207,"column":3}},{"start":{},"end":{}}],"line":205},"11":{"loc":{"start":{"line":220,"column":41},"end":{"line":220,"column":53}},"type":"default-arg","locations":[{"start":{"line":220,"column":51},"end":{"line":220,"column":53}}],"line":220},"12":{"loc":{"start":{"line":223,"column":15},"end":{"line":223,"column":62}},"type":"binary-expr","locations":[{"start":{"line":223,"column":15},"end":{"line":223,"column":32}},{"start":{"line":223,"column":36},"end":{"line":223,"column":62}}],"line":223}},"s":{"0":0,"1":0,"2":0,"3":0,"4":0,"5":0,"6":0,"7":0,"8":0,"9":0,"10":0,"11":0,"12":0,"13":0,"14":0,"15":0,"16":0,"17":0,"18":0,"19":0,"20":0,"21":0,"22":0,"23":0,"24":0,"25":0,"26":0,"27":0,"28":0,"29":0,"30":0,"31":0,"32":0,"33":0,"34":0,"35":0,"36":0,"37":0,"38":0,"39":0,"40":0,"41":0,"42":0,"43":0,"44":0,"45":0,"46":0,"47":0,"48":0,"49":0,"50":0,"51":0,"52":0,"53":0,"54":0,"55":0,"56":0,"57":0,"58":0,"59":0,"60":0,"61":0,"62":0,"63":0,"64":0,"65":0,"66":0,"67":0,"68":0,"69":0,"70":0,"71":0,"72":0,"73":0},"f":{"0":0,"1":0,"2":0,"3":0,"4":0,"5":0,"6":0,"7":0},"b":{"0":[0,0],"1":[0,0],"2":[0,0],"3":[0,0],"4":[0,0],"5":[0,0],"6":[0,0],"7":[0,0],"8":[0],"9":[0,0],"10":[0,0],"11":[0],"12":[0,0]}}
,"/Users/yash/Desktop/AI-Persona/backend/src/utils/logger.js": {"path":"/Users/yash/Desktop/AI-Persona/backend/src/utils/logger.js","statementMap":{"0":{"start":{"line":1,"column":45},"end":{"line":1,"column":63}},"1":{"start":{"line":2,"column":13},"end":{"line":2,"column":28}},"2":{"start":{"line":4,"column":21},"end":{"line":4,"column":58}},"3":{"start":{"line":6,"column":15},"end":{"line":27,"column":2}},"4":{"start":{"line":30,"column":0},"end":{"line":32,"column":2}},"5":{"start":{"line":31,"column":22},"end":{"line":31,"column":49}},"6":{"start":{"line":34,"column":0},"end":{"line":34,"column":24}}},"fnMap":{"0":{"name":"(anonymous_0)","decl":{"start":{"line":31,"column":9},"end":{"line":31,"column":10}},"loc":{"start":{"line":31,"column":22},"end":{"line":31,"column":49}},"line":31}},"branchMap":{"0":{"loc":{"start":{"line":7,"column":9},"end":{"line":7,"column":40}},"type":"cond-expr","locations":[{"start":{"line":7,"column":24},"end":{"line":7,"column":30}},{"start":{"line":7,"column":33},"end":{"line":7,"column":40}}],"line":7},"1":{"loc":{"start":{"line":18,"column":14},"end":{"line":20,"column":60}},"type":"cond-expr","locations":[{"start":{"line":19,"column":10},"end":{"line":19,"column":39}},{"start":{"line":20,"column":10},"end":{"line":20,"column":60}}],"line":18}},"s":{"0":0,"1":0,"2":0,"3":0,"4":0,"5":0,"6":0},"f":{"0":0},"b":{"0":[0,0],"1":[0,0]}}
,"/Users/yash/Desktop/AI-Persona/backend/src/utils/oauthProviders.js": {"path":"/Users/yash/Desktop/AI-Persona/backend/src/utils/oauthProviders.js","statementMap":{"0":{"start":{"line":1,"column":15},"end":{"line":1,"column":35}},"1":{"start":{"line":3,"column":23},"end":{"line":17,"column":1}},"2":{"start":{"line":19,"column":0},"end":{"line":19,"column":32}}},"fnMap":{},"branchMap":{},"s":{"0":0,"1":0,"2":0},"f":{},"b":{}}
,"/Users/yash/Desktop/AI-Persona/backend/src/utils/password.js": {"path":"/Users/yash/Desktop/AI-Persona/backend/src/utils/password.js","statementMap":{"0":{"start":{"line":1,"column":15},"end":{"line":1,"column":32}},"1":{"start":{"line":2,"column":15},"end":{"line":2,"column":35}},"2":{"start":{"line":3,"column":17},"end":{"line":3,"column":38}},"3":{"start":{"line":5,"column":20},"end":{"line":5,"column":43}},"4":{"start":{"line":8,"column":2},"end":{"line":8,"column":70}},"5":{"start":{"line":8,"column":22},"end":{"line":8,"column":70}},"6":{"start":{"line":9,"column":2},"end":{"line":9,"column":49}},"7":{"start":{"line":13,"column":2},"end":{"line":14,"column":62}},"8":{"start":{"line":14,"column":4},"end":{"line":14,"column":62}},"9":{"start":{"line":15,"column":2},"end":{"line":15,"column":45}},"10":{"start":{"line":18,"column":0},"end":{"line":21,"column":2}}},"fnMap":{"0":{"name":"hashPassword","decl":{"start":{"line":7,"column":15},"end":{"line":7,"column":27}},"loc":{"start":{"line":7,"column":43},"end":{"line":10,"column":1}},"line":7},"1":{"name":"verifyPassword","decl":{"start":{"line":12,"column":15},"end":{"line":12,"column":29}},"loc":{"start":{"line":12,"column":51},"end":{"line":16,"column":1}},"line":12}},"branchMap":{"0":{"loc":{"start":{"line":8,"column":2},"end":{"line":8,"column":70}},"type":"if","locations":[{"start":{"line":8,"column":2},"end":{"line":8,"column":70}},{"start":{},"end":{}}],"line":8},"1":{"loc":{"start":{"line":13,"column":2},"end":{"line":14,"column":62}},"type":"if","locations":[{"start":{"line":13,"column":2},"end":{"line":14,"column":62}},{"start":{},"end":{}}],"line":13},"2":{"loc":{"start":{"line":13,"column":6},"end":{"line":13,"column":29}},"type":"binary-expr","locations":[{"start":{"line":13,"column":6},"end":{"line":13,"column":20}},{"start":{"line":13,"column":24},"end":{"line":13,"column":29}}],"line":13}},"s":{"0":0,"1":0,"2":0,"3":0,"4":0,"5":0,"6":0,"7":0,"8":0,"9":0,"10":0},"f":{"0":0,"1":0},"b":{"0":[0,0],"1":[0,0],"2":[0,0]}}
,"/Users/yash/Desktop/AI-Persona/backend/src/utils/roles.js": {"path":"/Users/yash/Desktop/AI-Persona/backend/src/utils/roles.js","statementMap":{"0":{"start":{"line":4,"column":14},"end":{"line":13,"column":1}},"1":{"start":{"line":15,"column":0},"end":{"line":15,"column":23}}},"fnMap":{},"branchMap":{},"s":{"0":0,"1":0},"f":{},"b":{}}
,"/Users/yash/Desktop/AI-Persona/backend/src/utils/token.js": {"path":"/Users/yash/Desktop/AI-Persona/backend/src/utils/token.js","statementMap":{"0":{"start":{"line":6,"column":15},"end":{"line":6,"column":32}},"1":{"start":{"line":7,"column":15},"end":{"line":7,"column":34}},"2":{"start":{"line":15,"column":2},"end":{"line":20,"column":3}},"3":{"start":{"line":16,"column":4},"end":{"line":16,"column":60}},"4":{"start":{"line":18,"column":4},"end":{"line":18,"column":51}},"5":{"start":{"line":19,"column":4},"end":{"line":19,"column":48}},"6":{"start":{"line":29,"column":2},"end":{"line":31,"column":3}},"7":{"start":{"line":30,"column":4},"end":{"line":30,"column":17}},"8":{"start":{"line":34,"column":21},"end":{"line":34,"column":39}},"9":{"start":{"line":35,"column":2},"end":{"line":35,"column":54}},"10":{"start":{"line":43,"column":2},"end":{"line":43,"column":27}},"11":{"start":{"line":46,"column":0},"end":{"line":50,"column":2}}},"fnMap":{"0":{"name":"generateToken","decl":{"start":{"line":14,"column":9},"end":{"line":14,"column":22}},"loc":{"start":{"line":14,"column":36},"end":{"line":21,"column":1}},"line":14},"1":{"name":"validateToken","decl":{"start":{"line":28,"column":9},"end":{"line":28,"column":22}},"loc":{"start":{"line":28,"column":30},"end":{"line":36,"column":1}},"line":28},"2":{"name":"generateConversationToken","decl":{"start":{"line":42,"column":9},"end":{"line":42,"column":34}},"loc":{"start":{"line":42,"column":37},"end":{"line":44,"column":1}},"line":42}},"branchMap":{"0":{"loc":{"start":{"line":14,"column":23},"end":{"line":14,"column":34}},"type":"default-arg","locations":[{"start":{"line":14,"column":32},"end":{"line":14,"column":34}}],"line":14},"1":{"loc":{"start":{"line":29,"column":2},"end":{"line":31,"column":3}},"type":"if","locations":[{"start":{"line":29,"column":2},"end":{"line":31,"column":3}},{"start":{},"end":{}}],"line":29},"2":{"loc":{"start":{"line":29,"column":6},"end":{"line":29,"column":41}},"type":"binary-expr","locations":[{"start":{"line":29,"column":6},"end":{"line":29,"column":12}},{"start":{"line":29,"column":16},"end":{"line":29,"column":41}}],"line":29},"3":{"loc":{"start":{"line":35,"column":9},"end":{"line":35,"column":53}},"type":"binary-expr","locations":[{"start":{"line":35,"column":9},"end":{"line":35,"column":31}},{"start":{"line":35,"column":35},"end":{"line":35,"column":53}}],"line":35}},"s":{"0":0,"1":0,"2":0,"3":0,"4":0,"5":0,"6":0,"7":0,"8":0,"9":0,"10":0,"11":0},"f":{"0":0,"1":0,"2":0},"b":{"0":[0],"1":[0,0],"2":[0,0],"3":[0,0]}}
,"/Users/yash/Desktop/AI-Persona/backend/src/utils/upload.js": {"path":"/Users/yash/Desktop/AI-Persona/backend/src/utils/upload.js","statementMap":{"0":{"start":{"line":6,"column":15},"end":{"line":6,"column":32}},"1":{"start":{"line":7,"column":15},"end":{"line":7,"column":34}},"2":{"start":{"line":8,"column":17},"end":{"line":8,"column":38}},"3":{"start":{"line":11,"column":22},"end":{"line":11,"column":38}},"4":{"start":{"line":12,"column":27},"end":{"line":18,"column":1}},"5":{"start":{"line":26,"column":44},"end":{"line":26,"column":52}},"6":{"start":{"line":29,"column":2},"end":{"line":34,"column":3}},"7":{"start":{"line":30,"column":4},"end":{"line":33,"column":6}},"8":{"start":{"line":37,"column":2},"end":{"line":42,"column":3}},"9":{"start":{"line":38,"column":4},"end":{"line":41,"column":6}},"10":{"start":{"line":45,"column":2},"end":{"line":50,"column":3}},"11":{"start":{"line":46,"column":4},"end":{"line":49,"column":6}},"12":{"start":{"line":52,"column":2},"end":{"line":52,"column":43}},"13":{"start":{"line":63,"column":2},"end":{"line":78,"column":3}},"14":{"start":{"line":66,"column":22},"end":{"line":68,"column":24}},"15":{"start":{"line":70,"column":4},"end":{"line":74,"column":6}},"16":{"start":{"line":76,"column":4},"end":{"line":76,"column":59}},"17":{"start":{"line":77,"column":4},"end":{"line":77,"column":61}},"18":{"start":{"line":86,"column":2},"end":{"line":86,"column":48}},"19":{"start":{"line":96,"column":2},"end":{"line":103,"column":3}},"20":{"start":{"line":99,"column":4},"end":{"line":99,"column":66}},"21":{"start":{"line":101,"column":4},"end":{"line":101,"column":52}},"22":{"start":{"line":102,"column":4},"end":{"line":102,"column":57}},"23":{"start":{"line":106,"column":0},"end":{"line":113,"column":2}}},"fnMap":{"0":{"name":"validateFileUpload","decl":{"start":{"line":25,"column":9},"end":{"line":25,"column":27}},"loc":{"start":{"line":25,"column":38},"end":{"line":53,"column":1}},"line":25},"1":{"name":"generatePresignedUrl","decl":{"start":{"line":62,"column":9},"end":{"line":62,"column":29}},"loc":{"start":{"line":62,"column":58},"end":{"line":79,"column":1}},"line":62},"2":{"name":"generateFileId","decl":{"start":{"line":85,"column":9},"end":{"line":85,"column":23}},"loc":{"start":{"line":85,"column":26},"end":{"line":87,"column":1}},"line":85},"3":{"name":"updateFileUrl","decl":{"start":{"line":95,"column":15},"end":{"line":95,"column":28}},"loc":{"start":{"line":95,"column":42},"end":{"line":104,"column":1}},"line":95}},"branchMap":{"0":{"loc":{"start":{"line":29,"column":2},"end":{"line":34,"column":3}},"type":"if","locations":[{"start":{"line":29,"column":2},"end":{"line":34,"column":3}},{"start":{},"end":{}}],"line":29},"1":{"loc":{"start":{"line":29,"column":6},"end":{"line":29,"column":40}},"type":"binary-expr","locations":[{"start":{"line":29,"column":6},"end":{"line":29,"column":15}},{"start":{"line":29,"column":19},"end":{"line":29,"column":40}}],"line":29},"2":{"loc":{"start":{"line":37,"column":2},"end":{"line":42,"column":3}},"type":"if","locations":[{"start":{"line":37,"column":2},"end":{"line":42,"column":3}},{"start":{},"end":{}}],"line":37},"3":{"loc":{"start":{"line":37,"column":6},"end":{"line":37,"column":57}},"type":"binary-expr","locations":[{"start":{"line":37,"column":6},"end":{"line":37,"column":15}},{"start":{"line":37,"column":19},"end":{"line":37,"column":57}}],"line":37},"4":{"loc":{"start":{"line":45,"column":2},"end":{"line":50,"column":3}},"type":"if","locations":[{"start":{"line":45,"column":2},"end":{"line":50,"column":3}},{"start":{},"end":{}}],"line":45},"5":{"loc":{"start":{"line":45,"column":6},"end":{"line":45,"column":45}},"type":"binary-expr","locations":[{"start":{"line":45,"column":6},"end":{"line":45,"column":16}},{"start":{"line":45,"column":20},"end":{"line":45,"column":45}}],"line":45},"6":{"loc":{"start":{"line":67,"column":6},"end":{"line":67,"column":60}},"type":"binary-expr","locations":[{"start":{"line":67,"column":6},"end":{"line":67,"column":33}},{"start":{"line":67,"column":37},"end":{"line":67,"column":60}}],"line":67}},"s":{"0":0,"1":0,"2":0,"3":0,"4":0,"5":0,"6":0,"7":0,"8":0,"9":0,"10":0,"11":0,"12":0,"13":0,"14":0,"15":0,"16":0,"17":0,"18":0,"19":0,"20":0,"21":0,"22":0,"23":0},"f":{"0":0,"1":0,"2":0,"3":0},"b":{"0":[0,0],"1":[0,0],"2":[0,0],"3":[0,0],"4":[0,0],"5":[0,0],"6":[0,0]}}
}
