TN:
SF:src/app.js
FN:48,(anonymous_0)
FN:70,(anonymous_1)
FNF:2
FNH:0
FNDA:0,(anonymous_0)
FNDA:0,(anonymous_1)
DA:1,0
DA:2,0
DA:3,0
DA:4,0
DA:5,0
DA:7,0
DA:8,0
DA:9,0
DA:11,0
DA:12,0
DA:13,0
DA:14,0
DA:15,0
DA:16,0
DA:17,0
DA:18,0
DA:20,0
DA:21,0
DA:22,0
DA:24,0
DA:27,0
DA:30,0
DA:38,0
DA:39,0
DA:42,0
DA:45,0
DA:48,0
DA:49,0
DA:52,0
DA:53,0
DA:54,0
DA:55,0
DA:56,0
DA:57,0
DA:58,0
DA:61,0
DA:64,0
DA:67,0
DA:70,0
DA:71,0
DA:72,0
DA:80,0
LF:42
LH:0
BRDA:32,0,0,0
BRDA:32,0,1,0
BRDA:72,1,0,0
BRDA:72,1,1,0
BRDA:72,1,2,0
BRDA:74,2,0,0
BRDA:74,2,1,0
BRDA:75,3,0,0
BRDA:75,3,1,0
BRF:9
BRH:0
end_of_record
TN:
SF:src/config/index.js
FN:6,getEnvVar
FNF:1
FNH:0
FNDA:0,getEnvVar
DA:1,0
DA:2,0
DA:4,0
DA:7,0
DA:8,0
DA:9,0
DA:11,0
DA:14,0
DA:38,0
LF:9
LH:0
BRDA:6,0,0,0
BRDA:8,1,0,0
BRDA:8,1,1,0
BRDA:8,2,0,0
BRDA:8,2,1,0
BRDA:8,2,2,0
BRDA:15,3,0,0
BRDA:15,3,1,0
BRDA:16,4,0,0
BRDA:16,4,1,0
BRDA:26,5,0,0
BRDA:26,5,1,0
BRDA:27,6,0,0
BRDA:27,6,1,0
BRDA:28,7,0,0
BRDA:28,7,1,0
BRDA:29,8,0,0
BRDA:29,8,1,0
BRDA:30,9,0,0
BRDA:30,9,1,0
BRDA:31,10,0,0
BRDA:31,10,1,0
BRDA:32,11,0,0
BRDA:32,11,1,0
BRDA:33,12,0,0
BRDA:33,12,1,0
BRDA:34,13,0,0
BRDA:34,13,1,0
BRDA:35,14,0,0
BRDA:35,14,1,0
BRF:30
BRH:0
end_of_record
TN:
SF:src/controllers/authController.js
FN:16,generateTraceId
FN:26,getClientInfo
FN:35,(anonymous_2)
FN:73,(anonymous_3)
FN:109,(anonymous_4)
FN:135,(anonymous_5)
FN:162,(anonymous_6)
FN:194,(anonymous_7)
FN:235,(anonymous_8)
FN:254,(anonymous_9)
FN:276,(anonymous_10)
FN:288,(anonymous_11)
FN:308,(anonymous_12)
FN:326,(anonymous_13)
FN:345,(anonymous_14)
FN:365,(anonymous_15)
FN:371,(anonymous_16)
FNF:17
FNH:0
FNDA:0,generateTraceId
FNDA:0,getClientInfo
FNDA:0,(anonymous_2)
FNDA:0,(anonymous_3)
FNDA:0,(anonymous_4)
FNDA:0,(anonymous_5)
FNDA:0,(anonymous_6)
FNDA:0,(anonymous_7)
FNDA:0,(anonymous_8)
FNDA:0,(anonymous_9)
FNDA:0,(anonymous_10)
FNDA:0,(anonymous_11)
FNDA:0,(anonymous_12)
FNDA:0,(anonymous_13)
FNDA:0,(anonymous_14)
FNDA:0,(anonymous_15)
FNDA:0,(anonymous_16)
DA:6,0
DA:7,0
DA:8,0
DA:9,0
DA:10,0
DA:11,0
DA:12,0
DA:13,0
DA:17,0
DA:18,0
DA:21,0
DA:27,0
DA:35,0
DA:36,0
DA:37,0
DA:39,0
DA:40,0
DA:43,0
DA:50,0
DA:73,0
DA:74,0
DA:75,0
DA:77,0
DA:78,0
DA:81,0
DA:88,0
DA:109,0
DA:110,0
DA:111,0
DA:113,0
DA:114,0
DA:117,0
DA:124,0
DA:135,0
DA:136,0
DA:137,0
DA:140,0
DA:141,0
DA:142,0
DA:145,0
DA:148,0
DA:155,0
DA:162,0
DA:163,0
DA:164,0
DA:166,0
DA:167,0
DA:170,0
DA:177,0
DA:194,0
DA:195,0
DA:196,0
DA:198,0
DA:199,0
DA:202,0
DA:206,0
DA:207,0
DA:210,0
DA:211,0
DA:214,0
DA:215,0
DA:218,0
DA:219,0
DA:228,0
DA:235,0
DA:236,0
DA:237,0
DA:239,0
DA:240,0
DA:243,0
DA:250,0
DA:254,0
DA:255,0
DA:256,0
DA:258,0
DA:259,0
DA:262,0
DA:269,0
DA:276,0
DA:277,0
DA:278,0
DA:280,0
DA:288,0
DA:289,0
DA:290,0
DA:291,0
DA:293,0
DA:301,0
DA:308,0
DA:309,0
DA:310,0
DA:312,0
DA:319,0
DA:326,0
DA:327,0
DA:328,0
DA:330,0
DA:337,0
DA:345,0
DA:347,0
DA:348,0
DA:350,0
DA:353,0
DA:365,0
DA:366,0
DA:367,0
DA:371,0
DA:372,0
DA:373,0
DA:383,0
LF:110
LH:0
BRDA:28,0,0,0
BRDA:28,0,1,0
BRDA:30,1,0,0
BRDA:30,1,1,0
BRDA:39,2,0,0
BRDA:39,2,1,0
BRDA:39,3,0,0
BRDA:39,3,1,0
BRDA:52,4,0,0
BRDA:52,4,1,0
BRDA:77,5,0,0
BRDA:77,5,1,0
BRDA:77,6,0,0
BRDA:77,6,1,0
BRDA:113,7,0,0
BRDA:113,7,1,0
BRDA:141,8,0,0
BRDA:141,8,1,0
BRDA:141,9,0,0
BRDA:141,9,1,0
BRDA:166,10,0,0
BRDA:166,10,1,0
BRDA:198,11,0,0
BRDA:198,11,1,0
BRDA:206,12,0,0
BRDA:206,12,1,0
BRDA:210,13,0,0
BRDA:210,13,1,0
BRDA:214,14,0,0
BRDA:214,14,1,0
BRDA:239,15,0,0
BRDA:239,15,1,0
BRDA:258,16,0,0
BRDA:258,16,1,0
BRDA:258,17,0,0
BRDA:258,17,1,0
BRDA:359,18,0,0
BRDA:359,18,1,0
BRF:38
BRH:0
end_of_record
TN:
SF:src/controllers/chatSessionController.js
FN:15,(anonymous_0)
FN:42,(anonymous_1)
FN:70,(anonymous_2)
FNF:3
FNH:0
FNDA:0,(anonymous_0)
FNDA:0,(anonymous_1)
FNDA:0,(anonymous_2)
DA:6,0
DA:7,0
DA:8,0
DA:9,0
DA:15,0
DA:16,0
DA:17,0
DA:19,0
DA:25,0
DA:30,0
DA:42,0
DA:43,0
DA:44,0
DA:46,0
DA:49,0
DA:50,0
DA:58,0
DA:70,0
DA:71,0
DA:72,0
DA:74,0
DA:76,0
DA:84,0
LF:23
LH:0
BRDA:17,0,0,0
BRDA:17,1,0,0
BRDA:20,2,0,0
BRDA:20,2,1,0
BRDA:49,3,0,0
BRDA:49,3,1,0
BRF:6
BRH:0
end_of_record
TN:
SF:src/controllers/emailController.js
FN:7,(anonymous_0)
FN:16,(anonymous_1)
FNF:2
FNH:0
FNDA:0,(anonymous_0)
FNDA:0,(anonymous_1)
DA:1,0
DA:2,0
DA:3,0
DA:4,0
DA:5,0
DA:7,0
DA:8,0
DA:9,0
DA:10,0
DA:11,0
DA:16,0
DA:17,0
DA:18,0
DA:20,0
DA:23,0
DA:24,0
DA:25,0
DA:26,0
DA:31,0
LF:19
LH:0
BRDA:9,0,0,0
BRDA:9,0,1,0
BRDA:18,1,0,0
BRDA:18,1,1,0
BRDA:23,2,0,0
BRDA:23,2,1,0
BRDA:24,3,0,0
BRDA:24,3,1,0
BRF:8
BRH:0
end_of_record
TN:
SF:src/controllers/messageController.js
FN:15,(anonymous_0)
FN:34,(anonymous_1)
FNF:2
FNH:0
FNDA:0,(anonymous_0)
FNDA:0,(anonymous_1)
DA:6,0
DA:7,0
DA:8,0
DA:9,0
DA:15,0
DA:16,0
DA:17,0
DA:18,0
DA:20,0
DA:22,0
DA:34,0
DA:35,0
DA:36,0
DA:37,0
DA:39,0
DA:41,0
DA:49,0
LF:17
LH:0
BRF:0
BRH:0
end_of_record
TN:
SF:src/controllers/oauthController.js
FN:15,(anonymous_0)
FNF:1
FNH:0
FNDA:0,(anonymous_0)
DA:1,0
DA:2,0
DA:3,0
DA:4,0
DA:6,0
DA:10,0
DA:17,0
DA:22,0
DA:23,0
DA:24,0
DA:26,0
DA:28,0
DA:35,0
DA:38,0
DA:45,0
LF:15
LH:0
BRDA:22,0,0,0
BRDA:22,0,1,0
BRDA:23,1,0,0
BRDA:23,1,1,0
BRDA:24,2,0,0
BRDA:24,2,1,0
BRDA:26,3,0,0
BRDA:26,3,1,0
BRDA:29,4,0,0
BRDA:29,4,1,0
BRDA:31,5,0,0
BRDA:31,5,1,0
BRF:12
BRH:0
end_of_record
TN:
SF:src/controllers/passwordResetController.js
FN:5,(anonymous_0)
FN:17,(anonymous_1)
FNF:2
FNH:0
FNDA:0,(anonymous_0)
FNDA:0,(anonymous_1)
DA:1,0
DA:2,0
DA:3,0
DA:5,0
DA:6,0
DA:7,0
DA:8,0
DA:10,0
DA:17,0
DA:18,0
DA:19,0
DA:20,0
DA:21,0
DA:22,0
DA:28,0
LF:15
LH:0
BRDA:7,0,0,0
BRDA:7,0,1,0
BRDA:19,1,0,0
BRDA:19,1,1,0
BRDA:19,2,0,0
BRDA:19,2,1,0
BRF:6
BRH:0
end_of_record
TN:
SF:src/controllers/personaController.js
FN:15,(anonymous_0)
FN:37,(anonymous_1)
FN:55,(anonymous_2)
FN:75,(anonymous_3)
FN:109,(anonymous_4)
FN:136,(anonymous_5)
FN:159,(anonymous_6)
FN:182,(anonymous_7)
FN:201,(anonymous_8)
FN:222,(anonymous_9)
FN:245,(anonymous_10)
FNF:11
FNH:0
FNDA:0,(anonymous_0)
FNDA:0,(anonymous_1)
FNDA:0,(anonymous_2)
FNDA:0,(anonymous_3)
FNDA:0,(anonymous_4)
FNDA:0,(anonymous_5)
FNDA:0,(anonymous_6)
FNDA:0,(anonymous_7)
FNDA:0,(anonymous_8)
FNDA:0,(anonymous_9)
FNDA:0,(anonymous_10)
DA:6,0
DA:7,0
DA:8,0
DA:9,0
DA:15,0
DA:16,0
DA:17,0
DA:19,0
DA:23,0
DA:25,0
DA:37,0
DA:38,0
DA:39,0
DA:41,0
DA:43,0
DA:55,0
DA:56,0
DA:57,0
DA:59,0
DA:61,0
DA:75,0
DA:76,0
DA:77,0
DA:78,0
DA:81,0
DA:88,0
DA:97,0
DA:109,0
DA:110,0
DA:111,0
DA:112,0
DA:114,0
DA:118,0
DA:124,0
DA:136,0
DA:137,0
DA:138,0
DA:139,0
DA:141,0
DA:147,0
DA:159,0
DA:160,0
DA:161,0
DA:162,0
DA:164,0
DA:170,0
DA:182,0
DA:183,0
DA:184,0
DA:185,0
DA:187,0
DA:189,0
DA:201,0
DA:202,0
DA:203,0
DA:204,0
DA:206,0
DA:208,0
DA:222,0
DA:223,0
DA:224,0
DA:225,0
DA:227,0
DA:233,0
DA:245,0
DA:246,0
DA:248,0
DA:250,0
DA:258,0
LF:69
LH:0
BRDA:64,0,0,0
BRDA:64,0,1,0
BRDA:83,1,0,0
BRDA:83,1,1,0
BRDA:84,2,0,0
BRDA:84,2,1,0
BRDA:85,3,0,0
BRDA:85,3,1,0
BRDA:212,4,0,0
BRDA:212,4,1,0
BRF:10
BRH:0
end_of_record
TN:
SF:src/controllers/profileController.js
FN:6,(anonymous_0)
FN:16,(anonymous_1)
FN:35,(anonymous_2)
FN:60,(anonymous_3)
FNF:4
FNH:0
FNDA:0,(anonymous_0)
FNDA:0,(anonymous_1)
FNDA:0,(anonymous_2)
FNDA:0,(anonymous_3)
DA:1,0
DA:2,0
DA:3,0
DA:6,0
DA:7,0
DA:8,0
DA:9,0
DA:16,0
DA:17,0
DA:18,0
DA:20,0
DA:27,0
DA:35,0
DA:36,0
DA:39,0
DA:41,0
DA:42,0
DA:44,0
DA:49,0
DA:52,0
DA:60,0
DA:61,0
DA:62,0
DA:64,0
DA:65,0
DA:68,0
DA:70,0
DA:76,0
LF:28
LH:0
BRDA:39,0,0,0
BRDA:39,0,1,0
BRDA:42,1,0,0
BRDA:42,1,1,0
BRDA:64,2,0,0
BRDA:64,2,1,0
BRDA:64,3,0,0
BRDA:64,3,1,0
BRF:8
BRH:0
end_of_record
TN:
SF:src/controllers/workspaceController.js
FN:6,(anonymous_0)
FN:19,(anonymous_1)
FN:38,(anonymous_2)
FN:63,(anonymous_3)
FN:84,(anonymous_4)
FN:105,(anonymous_5)
FN:119,(anonymous_6)
FNF:7
FNH:0
FNDA:0,(anonymous_0)
FNDA:0,(anonymous_1)
FNDA:0,(anonymous_2)
FNDA:0,(anonymous_3)
FNDA:0,(anonymous_4)
FNDA:0,(anonymous_5)
FNDA:0,(anonymous_6)
DA:1,0
DA:2,0
DA:3,0
DA:6,0
DA:7,0
DA:8,0
DA:10,0
DA:12,0
DA:19,0
DA:20,0
DA:21,0
DA:22,0
DA:24,0
DA:30,0
DA:38,0
DA:39,0
DA:40,0
DA:41,0
DA:43,0
DA:51,0
DA:63,0
DA:64,0
DA:65,0
DA:66,0
DA:67,0
DA:69,0
DA:76,0
DA:84,0
DA:85,0
DA:86,0
DA:87,0
DA:88,0
DA:90,0
DA:97,0
DA:105,0
DA:106,0
DA:107,0
DA:108,0
DA:110,0
DA:112,0
DA:119,0
DA:120,0
DA:121,0
DA:122,0
DA:124,0
DA:126,0
DA:132,0
LF:47
LH:0
BRDA:41,0,0,0
BRDA:41,1,0,0
BRF:2
BRH:0
end_of_record
TN:
SF:src/middlewares/authMiddleware.js
FN:15,authMiddleware
FNF:1
FNH:0
FNDA:0,authMiddleware
DA:10,0
DA:11,0
DA:12,0
DA:13,0
DA:16,0
DA:18,0
DA:19,0
DA:20,0
DA:22,0
DA:25,0
DA:26,0
DA:27,0
DA:30,0
DA:33,0
DA:34,0
DA:36,0
DA:37,0
DA:40,0
DA:47,0
DA:49,0
DA:53,0
LF:21
LH:0
BRDA:19,0,0,0
BRDA:19,0,1,0
BRDA:19,1,0,0
BRDA:19,1,1,0
BRDA:26,2,0,0
BRDA:26,2,1,0
BRDA:26,3,0,0
BRDA:26,3,1,0
BRDA:33,4,0,0
BRDA:33,4,1,0
BRDA:33,5,0,0
BRDA:33,5,1,0
BRDA:36,6,0,0
BRDA:36,6,1,0
BRF:14
BRH:0
end_of_record
TN:
SF:src/middlewares/passportSetup.js
FN:7,initializePassport
FN:18,(anonymous_1)
FN:57,(anonymous_2)
FN:60,(anonymous_3)
FNF:4
FNH:0
FNDA:0,initializePassport
FNDA:0,(anonymous_1)
FNDA:0,(anonymous_2)
FNDA:0,(anonymous_3)
DA:1,0
DA:2,0
DA:3,0
DA:4,0
DA:5,0
DA:9,0
DA:10,0
DA:19,0
DA:21,0
DA:29,0
DA:31,0
DA:32,0
DA:47,0
DA:49,0
DA:57,0
DA:58,0
DA:60,0
DA:61,0
DA:62,0
DA:63,0
DA:65,0
DA:70,0
LF:22
LH:0
BRDA:9,0,0,0
BRDA:9,0,1,0
BRDA:9,1,0,0
BRDA:9,1,1,0
BRDA:24,2,0,0
BRDA:24,2,1,0
BRDA:24,2,2,0
BRDA:29,3,0,0
BRDA:29,3,1,0
BRDA:35,4,0,0
BRDA:35,4,1,0
BRDA:35,4,2,0
BRDA:41,5,0,0
BRDA:41,5,1,0
BRDA:42,6,0,0
BRDA:42,6,1,0
BRDA:58,7,0,0
BRDA:58,7,1,0
BRF:18
BRH:0
end_of_record
TN:
SF:src/middlewares/permissionMiddleware.js
FN:4,permissionMiddleware
FN:5,(anonymous_1)
FNF:2
FNH:0
FNDA:0,permissionMiddleware
FNDA:0,(anonymous_1)
DA:1,0
DA:2,0
DA:5,0
DA:6,0
DA:7,0
DA:9,0
DA:10,0
DA:11,0
DA:12,0
DA:14,0
DA:18,0
LF:11
LH:0
BRDA:6,0,0,0
BRDA:6,0,1,0
BRDA:6,1,0,0
BRDA:6,1,1,0
BRDA:10,2,0,0
BRDA:10,2,1,0
BRDA:11,3,0,0
BRDA:11,3,1,0
BRF:8
BRH:0
end_of_record
TN:
SF:src/middlewares/rateLimiter.js
FN:13,(anonymous_0)
FN:18,(anonymous_1)
FN:24,(anonymous_2)
FN:30,(anonymous_3)
FN:68,(anonymous_4)
FN:73,(anonymous_5)
FN:111,(anonymous_6)
FN:134,(anonymous_7)
FN:148,(anonymous_8)
FN:158,(anonymous_9)
FN:174,(anonymous_10)
FNF:11
FNH:0
FNDA:0,(anonymous_0)
FNDA:0,(anonymous_1)
FNDA:0,(anonymous_2)
FNDA:0,(anonymous_3)
FNDA:0,(anonymous_4)
FNDA:0,(anonymous_5)
FNDA:0,(anonymous_6)
FNDA:0,(anonymous_7)
FNDA:0,(anonymous_8)
FNDA:0,(anonymous_9)
FNDA:0,(anonymous_10)
DA:1,0
DA:2,0
DA:3,0
DA:6,0
DA:13,0
DA:14,0
DA:18,0
DA:19,0
DA:25,0
DA:26,0
DA:27,0
DA:31,0
DA:32,0
DA:33,0
DA:35,0
DA:37,0
DA:40,0
DA:43,0
DA:46,0
DA:49,0
DA:51,0
DA:52,0
DA:54,0
DA:59,0
DA:61,0
DA:70,0
DA:74,0
DA:75,0
DA:77,0
DA:83,0
DA:103,0
DA:113,0
DA:126,0
DA:136,0
DA:148,0
DA:149,0
DA:150,0
DA:151,0
DA:153,0
DA:158,0
DA:159,0
DA:160,0
DA:161,0
DA:162,0
DA:163,0
DA:164,0
DA:166,0
DA:168,0
DA:169,0
DA:174,0
DA:175,0
DA:176,0
DA:177,0
DA:178,0
DA:180,0
DA:187,0
DA:192,0
DA:209,0
DA:226,0
DA:243,0
LF:60
LH:0
BRDA:6,0,0,0
BRDA:6,0,1,0
BRDA:24,1,0,0
BRDA:25,2,0,0
BRDA:25,2,1,0
BRDA:26,3,0,0
BRDA:26,3,1,0
BRDA:136,4,0,0
BRDA:136,4,1,0
BRDA:158,5,0,0
BRDA:162,6,0,0
BRDA:162,6,1,0
BRDA:174,7,0,0
BRF:13
BRH:0
end_of_record
TN:
SF:src/middlewares/roleMiddleware.js
FN:3,roleMiddleware
FN:4,(anonymous_1)
FN:16,(anonymous_2)
FNF:3
FNH:0
FNDA:0,roleMiddleware
FNDA:0,(anonymous_1)
FNDA:0,(anonymous_2)
DA:1,0
DA:4,0
DA:5,0
DA:6,0
DA:10,0
DA:15,0
DA:17,0
DA:21,0
DA:22,0
DA:23,0
DA:24,0
DA:28,0
DA:29,0
DA:32,0
DA:36,0
LF:15
LH:0
BRDA:3,0,0,0
BRDA:5,1,0,0
BRDA:5,1,1,0
BRDA:10,2,0,0
BRDA:10,2,1,0
BRDA:17,3,0,0
BRDA:17,3,1,0
BRDA:21,4,0,0
BRDA:21,4,1,0
BRDA:21,5,0,0
BRDA:21,5,1,0
BRDA:22,6,0,0
BRDA:22,6,1,0
BRDA:23,7,0,0
BRDA:23,7,1,0
BRDA:23,8,0,0
BRDA:23,8,1,0
BRDA:28,9,0,0
BRDA:28,9,1,0
BRF:19
BRH:0
end_of_record
TN:
SF:src/middlewares/validationMiddleware.js
FN:10,(anonymous_0)
FN:13,(anonymous_1)
FN:264,(anonymous_2)
FN:275,(anonymous_3)
FN:284,(anonymous_4)
FNF:5
FNH:0
FNDA:0,(anonymous_0)
FNDA:0,(anonymous_1)
FNDA:0,(anonymous_2)
FNDA:0,(anonymous_3)
FNDA:0,(anonymous_4)
DA:6,0
DA:7,0
DA:10,0
DA:11,0
DA:12,0
DA:13,0
DA:14,0
DA:16,0
DA:20,0
DA:41,0
DA:51,0
DA:60,0
DA:73,0
DA:79,0
DA:88,0
DA:94,0
DA:100,0
DA:106,0
DA:119,0
DA:129,0
DA:142,0
DA:160,0
DA:174,0
DA:183,0
DA:197,0
DA:204,0
DA:209,0
DA:214,0
DA:224,0
DA:249,0
DA:256,0
DA:264,0
DA:275,0
DA:284,0
DA:290,0
DA:295,0
DA:310,0
DA:316,0
DA:321,0
DA:329,0
DA:338,0
DA:343,0
DA:355,0
DA:376,0
DA:385,0
DA:392,0
DA:402,0
DA:412,0
LF:48
LH:0
BRDA:12,0,0,0
BRDA:12,0,1,0
BRDA:264,1,0,0
BRDA:264,2,0,0
BRF:4
BRH:0
end_of_record
TN:
SF:src/routes/authRoutes.js
FNF:0
FNH:0
DA:6,0
DA:7,0
DA:8,0
DA:9,0
DA:10,0
DA:20,0
DA:27,0
DA:30,0
DA:36,0
DA:37,0
DA:40,0
DA:45,0
DA:53,0
DA:59,0
DA:66,0
DA:69,0
DA:72,0
DA:75,0
DA:76,0
DA:84,0
DA:87,0
DA:92,0
DA:99,0
DA:102,0
DA:103,0
DA:105,0
LF:26
LH:0
BRF:0
BRH:0
end_of_record
TN:
SF:src/routes/chatSessionRoutes.js
FNF:0
FNH:0
DA:6,0
DA:7,0
DA:8,0
DA:9,0
DA:10,0
DA:13,0
DA:16,0
DA:24,0
DA:32,0
DA:39,0
LF:10
LH:0
BRF:0
BRH:0
end_of_record
TN:
SF:src/routes/conversationRoutes.js
FNF:0
FNH:0
DA:6,0
DA:7,0
DA:8,0
DA:9,0
DA:17,0
DA:18,0
DA:21,0
DA:24,0
DA:33,0
DA:42,0
DA:51,0
DA:60,0
DA:68,0
LF:13
LH:0
BRF:0
BRH:0
end_of_record
TN:
SF:src/routes/messageRoutes.js
FNF:0
FNH:0
DA:6,0
DA:7,0
DA:8,0
DA:9,0
DA:13,0
DA:14,0
DA:17,0
DA:20,0
DA:29,0
DA:37,0
LF:10
LH:0
BRF:0
BRH:0
end_of_record
TN:
SF:src/routes/personaRoutes.js
FNF:0
FNH:0
DA:6,0
DA:7,0
DA:8,0
DA:9,0
DA:14,0
DA:15,0
DA:18,0
DA:21,0
DA:29,0
DA:38,0
DA:47,0
DA:55,0
LF:12
LH:0
BRF:0
BRH:0
end_of_record
TN:
SF:src/routes/profileRoutes.js
FN:18,(anonymous_0)
FNF:1
FNH:0
FNDA:0,(anonymous_0)
DA:1,0
DA:2,0
DA:3,0
DA:4,0
DA:5,0
DA:10,0
DA:13,0
DA:19,0
DA:25,0
DA:26,0
DA:28,0
DA:40,0
DA:43,0
DA:46,0
DA:54,0
DA:62,0
DA:71,0
DA:78,0
LF:18
LH:0
BRDA:25,0,0,0
BRDA:25,0,1,0
BRF:2
BRH:0
end_of_record
TN:
SF:src/routes/publicRoutes.js
FNF:0
FNH:0
DA:6,0
DA:7,0
DA:8,0
DA:9,0
DA:12,0
DA:18,0
LF:6
LH:0
BRF:0
BRH:0
end_of_record
TN:
SF:src/routes/workspaceRoutes.js
FNF:0
FNH:0
DA:1,0
DA:2,0
DA:3,0
DA:4,0
DA:5,0
DA:15,0
DA:19,0
DA:27,0
DA:37,0
DA:47,0
DA:58,0
DA:69,0
DA:79,0
DA:88,0
LF:14
LH:0
BRF:0
BRH:0
end_of_record
TN:
SF:src/services/authService.js
FN:19,validatePasswordStrength
FN:49,isAccountLocked
FN:55,lockAccount
FN:83,unlockAccount
FN:96,createAuditEvent
FN:124,getOrCreateDefaultWorkspace
FN:145,register
FN:277,login
FN:439,refreshTokens
FN:507,logout
FN:560,getUserSessions
FN:568,revokeSession
FN:601,verifyEmail
FN:644,requestPasswordReset
FN:675,resetPassword
FN:729,deactivateAccount
FN:766,requestAccountDeletion
FN:803,cleanupUnverifiedUsers
FN:819,cleanupPendingDeletionUsers
FN:835,cleanupExpiredSessions
FNF:20
FNH:0
FNDA:0,validatePasswordStrength
FNDA:0,isAccountLocked
FNDA:0,lockAccount
FNDA:0,unlockAccount
FNDA:0,createAuditEvent
FNDA:0,getOrCreateDefaultWorkspace
FNDA:0,register
FNDA:0,login
FNDA:0,refreshTokens
FNDA:0,logout
FNDA:0,getUserSessions
FNDA:0,revokeSession
FNDA:0,verifyEmail
FNDA:0,requestPasswordReset
FNDA:0,resetPassword
FNDA:0,deactivateAccount
FNDA:0,requestAccountDeletion
FNDA:0,cleanupUnverifiedUsers
FNDA:0,cleanupPendingDeletionUsers
FNDA:0,cleanupExpiredSessions
DA:6,0
DA:7,0
DA:8,0
DA:9,0
DA:10,0
DA:11,0
DA:12,0
DA:13,0
DA:14,0
DA:16,0
DA:20,0
DA:21,0
DA:22,0
DA:23,0
DA:24,0
DA:26,0
DA:27,0
DA:28,0
DA:29,0
DA:30,0
DA:31,0
DA:34,0
DA:35,0
DA:36,0
DA:38,0
DA:50,0
DA:51,0
DA:56,0
DA:57,0
DA:59,0
DA:61,0
DA:62,0
DA:69,0
DA:74,0
DA:78,0
DA:84,0
DA:92,0
DA:104,0
DA:106,0
DA:107,0
DA:119,0
DA:125,0
DA:127,0
DA:131,0
DA:132,0
DA:138,0
DA:141,0
DA:152,0
DA:153,0
DA:154,0
DA:158,0
DA:161,0
DA:162,0
DA:166,0
DA:175,0
DA:180,0
DA:181,0
DA:183,0
DA:184,0
DA:186,0
DA:203,0
DA:204,0
DA:207,0
DA:216,0
DA:222,0
DA:223,0
DA:228,0
DA:233,0
DA:234,0
DA:237,0
DA:241,0
DA:254,0
DA:255,0
DA:258,0
DA:267,0
DA:268,0
DA:283,0
DA:288,0
DA:289,0
DA:297,0
DA:301,0
DA:302,0
DA:310,0
DA:313,0
DA:314,0
DA:322,0
DA:325,0
DA:326,0
DA:334,0
DA:338,0
DA:339,0
DA:340,0
DA:341,0
DA:343,0
DA:351,0
DA:358,0
DA:359,0
DA:360,0
DA:361,0
DA:363,0
DA:364,0
DA:373,0
DA:374,0
DA:379,0
DA:387,0
DA:390,0
DA:396,0
DA:403,0
DA:404,0
DA:407,0
DA:419,0
DA:428,0
DA:429,0
DA:445,0
DA:450,0
DA:451,0
DA:455,0
DA:456,0
DA:460,0
DA:464,0
DA:471,0
DA:474,0
DA:479,0
DA:491,0
DA:500,0
DA:513,0
DA:515,0
DA:516,0
DA:519,0
DA:528,0
DA:529,0
DA:534,0
DA:542,0
DA:545,0
DA:551,0
DA:552,0
DA:561,0
DA:575,0
DA:579,0
DA:580,0
DA:583,0
DA:588,0
DA:597,0
DA:607,0
DA:612,0
DA:613,0
DA:617,0
DA:627,0
DA:630,0
DA:639,0
DA:640,0
DA:650,0
DA:652,0
DA:653,0
DA:654,0
DA:656,0
DA:667,0
DA:682,0
DA:683,0
DA:684,0
DA:687,0
DA:692,0
DA:693,0
DA:696,0
DA:699,0
DA:704,0
DA:710,0
DA:715,0
DA:724,0
DA:725,0
DA:735,0
DA:737,0
DA:738,0
DA:741,0
DA:747,0
DA:752,0
DA:761,0
DA:762,0
DA:772,0
DA:774,0
DA:775,0
DA:778,0
DA:784,0
DA:789,0
DA:798,0
DA:799,0
DA:804,0
DA:806,0
DA:813,0
DA:816,0
DA:820,0
DA:822,0
DA:829,0
DA:832,0
DA:836,0
DA:842,0
DA:843,0
DA:846,0
LF:198
LH:0
BRDA:27,0,0,0
BRDA:27,0,1,0
BRDA:28,1,0,0
BRDA:28,1,1,0
BRDA:29,2,0,0
BRDA:29,2,1,0
BRDA:30,3,0,0
BRDA:30,3,1,0
BRDA:31,4,0,0
BRDA:31,4,1,0
BRDA:34,5,0,0
BRDA:34,5,1,0
BRDA:35,6,0,0
BRDA:35,6,1,0
BRDA:36,7,0,0
BRDA:36,7,1,0
BRDA:42,8,0,0
BRDA:42,8,1,0
BRDA:50,9,0,0
BRDA:50,9,1,0
BRDA:55,10,0,0
BRDA:57,11,0,0
BRDA:57,11,1,0
BRDA:59,12,0,0
BRDA:59,12,1,0
BRDA:99,13,0,0
BRDA:100,14,0,0
BRDA:101,15,0,0
BRDA:102,16,0,0
BRDA:106,17,0,0
BRDA:106,17,1,0
BRDA:111,18,0,0
BRDA:111,18,1,0
BRDA:131,19,0,0
BRDA:131,19,1,0
BRDA:147,20,0,0
BRDA:148,21,0,0
BRDA:149,22,0,0
BRDA:153,23,0,0
BRDA:153,23,1,0
BRDA:161,24,0,0
BRDA:161,24,1,0
BRDA:166,25,0,0
BRDA:166,25,1,0
BRDA:180,26,0,0
BRDA:180,26,1,0
BRDA:181,27,0,0
BRDA:181,27,1,0
BRDA:222,28,0,0
BRDA:222,28,1,0
BRDA:247,29,0,0
BRDA:247,29,1,0
BRDA:279,30,0,0
BRDA:280,31,0,0
BRDA:281,32,0,0
BRDA:288,33,0,0
BRDA:288,33,1,0
BRDA:301,34,0,0
BRDA:301,34,1,0
BRDA:313,35,0,0
BRDA:313,35,1,0
BRDA:325,36,0,0
BRDA:325,36,1,0
BRDA:338,37,0,0
BRDA:338,37,1,0
BRDA:359,38,0,0
BRDA:359,38,1,0
BRDA:360,39,0,0
BRDA:360,39,1,0
BRDA:373,40,0,0
BRDA:373,40,1,0
BRDA:441,41,0,0
BRDA:442,42,0,0
BRDA:443,43,0,0
BRDA:450,44,0,0
BRDA:450,44,1,0
BRDA:450,45,0,0
BRDA:450,45,1,0
BRDA:450,45,2,0
BRDA:455,46,0,0
BRDA:455,46,1,0
BRDA:509,47,0,0
BRDA:510,48,0,0
BRDA:511,49,0,0
BRDA:528,50,0,0
BRDA:528,50,1,0
BRDA:571,51,0,0
BRDA:572,52,0,0
BRDA:573,53,0,0
BRDA:579,54,0,0
BRDA:579,54,1,0
BRDA:603,55,0,0
BRDA:604,56,0,0
BRDA:605,57,0,0
BRDA:612,58,0,0
BRDA:612,58,1,0
BRDA:612,59,0,0
BRDA:612,59,1,0
BRDA:646,60,0,0
BRDA:647,61,0,0
BRDA:648,62,0,0
BRDA:652,63,0,0
BRDA:652,63,1,0
BRDA:677,64,0,0
BRDA:678,65,0,0
BRDA:679,66,0,0
BRDA:683,67,0,0
BRDA:683,67,1,0
BRDA:692,68,0,0
BRDA:692,68,1,0
BRDA:692,69,0,0
BRDA:692,69,1,0
BRDA:692,69,2,0
BRDA:731,70,0,0
BRDA:732,71,0,0
BRDA:733,72,0,0
BRDA:737,73,0,0
BRDA:737,73,1,0
BRDA:768,74,0,0
BRDA:769,75,0,0
BRDA:770,76,0,0
BRDA:774,77,0,0
BRDA:774,77,1,0
BRDA:803,78,0,0
BRDA:819,79,0,0
BRF:125
BRH:0
end_of_record
TN:
SF:src/services/breachCheckService.js
FN:11,(anonymous_0)
FN:20,(anonymous_1)
FN:41,(anonymous_2)
FN:73,(anonymous_3)
FN:85,(anonymous_4)
FNF:5
FNH:0
FNDA:0,(anonymous_0)
FNDA:0,(anonymous_1)
FNDA:0,(anonymous_2)
FNDA:0,(anonymous_3)
FNDA:0,(anonymous_4)
DA:6,0
DA:7,0
DA:8,0
DA:12,0
DA:13,0
DA:21,0
DA:23,0
DA:28,0
DA:29,0
DA:32,0
DA:40,0
DA:41,0
DA:43,0
DA:44,0
DA:45,0
DA:46,0
DA:53,0
DA:59,0
DA:61,0
DA:74,0
DA:75,0
DA:76,0
DA:77,0
DA:78,0
DA:86,0
DA:89,0
DA:90,0
DA:91,0
DA:92,0
DA:93,0
DA:96,0
DA:102,0
DA:103,0
DA:105,0
DA:108,0
DA:117,0
DA:126,0
DA:134,0
LF:38
LH:0
BRDA:43,0,0,0
BRDA:43,0,1,0
BRDA:74,1,0,0
BRDA:74,1,1,0
BRDA:75,2,0,0
BRDA:75,2,1,0
BRDA:76,3,0,0
BRDA:76,3,1,0
BRDA:77,4,0,0
BRDA:77,4,1,0
BRDA:96,5,0,0
BRDA:96,5,1,0
BRDA:96,5,2,0
BRDA:96,5,3,0
BRDA:96,5,4,0
BRDA:102,6,0,0
BRDA:102,6,1,0
BRDA:103,7,0,0
BRDA:103,7,1,0
BRF:19
BRH:0
end_of_record
TN:
SF:src/services/chatSessionService.js
FN:21,createChatSession
FN:74,getChatSession
FN:118,getUserChatSessions
FN:160,deleteChatSession
FN:179,(anonymous_4)
FNF:5
FNH:0
FNDA:0,createChatSession
FNDA:0,getChatSession
FNDA:0,getUserChatSessions
FNDA:0,deleteChatSession
FNDA:0,(anonymous_4)
DA:6,0
DA:7,0
DA:8,0
DA:9,0
DA:11,0
DA:27,0
DA:29,0
DA:32,0
DA:58,0
DA:62,0
DA:64,0
DA:65,0
DA:75,0
DA:76,0
DA:100,0
DA:101,0
DA:104,0
DA:106,0
DA:107,0
DA:108,0
DA:119,0
DA:120,0
DA:122,0
DA:123,0
DA:124,0
DA:127,0
DA:147,0
DA:149,0
DA:150,0
DA:161,0
DA:163,0
DA:170,0
DA:171,0
DA:174,0
DA:175,0
DA:179,0
DA:181,0
DA:186,0
DA:191,0
DA:193,0
DA:199,0
DA:200,0
DA:201,0
DA:205,0
LF:44
LH:0
BRDA:25,0,0,0
BRDA:100,1,0,0
BRDA:100,1,1,0
BRDA:106,2,0,0
BRDA:106,2,1,0
BRDA:118,3,0,0
BRDA:120,4,0,0
BRDA:120,5,0,0
BRDA:123,6,0,0
BRDA:123,6,1,0
BRDA:170,7,0,0
BRDA:170,7,1,0
BRDA:174,8,0,0
BRDA:174,8,1,0
BRDA:199,9,0,0
BRDA:199,9,1,0
BRF:16
BRH:0
end_of_record
TN:
SF:src/services/emailService.js
FN:21,testEmailConfig
FN:39,createEmailVerification
FN:52,sendVerificationEmail
FN:80,verifyEmailToken
FN:99,resendVerificationEmail
FN:106,cleanupExpiredVerifications
FN:114,createPasswordResetToken
FN:130,sendPasswordResetEmail
FN:153,sendInviteEmail
FNF:9
FNH:0
FNDA:0,testEmailConfig
FNDA:0,createEmailVerification
FNDA:0,sendVerificationEmail
FNDA:0,verifyEmailToken
FNDA:0,resendVerificationEmail
FNDA:0,cleanupExpiredVerifications
FNDA:0,createPasswordResetToken
FNDA:0,sendPasswordResetEmail
FNDA:0,sendInviteEmail
DA:1,0
DA:2,0
DA:3,0
DA:4,0
DA:5,0
DA:6,0
DA:7,0
DA:10,0
DA:22,0
DA:23,0
DA:26,0
DA:27,0
DA:29,0
DA:30,0
DA:31,0
DA:33,0
DA:34,0
DA:41,0
DA:42,0
DA:43,0
DA:44,0
DA:47,0
DA:48,0
DA:53,0
DA:54,0
DA:64,0
DA:65,0
DA:67,0
DA:68,0
DA:69,0
DA:71,0
DA:74,0
DA:75,0
DA:81,0
DA:85,0
DA:86,0
DA:87,0
DA:89,0
DA:93,0
DA:94,0
DA:95,0
DA:100,0
DA:101,0
DA:102,0
DA:107,0
DA:110,0
DA:115,0
DA:116,0
DA:119,0
DA:121,0
DA:125,0
DA:126,0
DA:131,0
DA:132,0
DA:141,0
DA:142,0
DA:143,0
DA:145,0
DA:148,0
DA:155,0
DA:156,0
DA:166,0
DA:167,0
DA:168,0
DA:170,0
DA:173,0
DA:177,0
LF:67
LH:0
BRDA:39,0,0,0
BRDA:58,1,0,0
BRDA:58,1,1,0
BRDA:85,2,0,0
BRDA:85,2,1,0
BRDA:85,3,0,0
BRDA:85,3,1,0
BRDA:100,4,0,0
BRDA:100,4,1,0
BRDA:114,5,0,0
BRDA:136,6,0,0
BRDA:136,6,1,0
BRF:12
BRH:0
end_of_record
TN:
SF:src/services/oauthService.js
FN:9,getOrCreateDefaultWorkspace
FN:30,handleOAuthLogin
FNF:2
FNH:0
FNDA:0,getOrCreateDefaultWorkspace
FNDA:0,handleOAuthLogin
DA:1,0
DA:2,0
DA:3,0
DA:4,0
DA:6,0
DA:10,0
DA:12,0
DA:16,0
DA:17,0
DA:23,0
DA:26,0
DA:31,0
DA:33,0
DA:34,0
DA:37,0
DA:38,0
DA:41,0
DA:48,0
DA:50,0
DA:51,0
DA:54,0
DA:59,0
DA:64,0
DA:71,0
DA:79,0
DA:102,0
DA:105,0
DA:108,0
DA:110,0
DA:130,0
DA:135,0
DA:140,0
DA:147,0
DA:155,0
DA:171,0
LF:35
LH:0
BRDA:10,0,0,0
BRDA:10,0,1,0
BRDA:16,1,0,0
BRDA:16,1,1,0
BRDA:33,2,0,0
BRDA:33,2,1,0
BRDA:33,3,0,0
BRDA:33,3,1,0
BRDA:38,4,0,0
BRDA:38,4,1,0
BRDA:48,5,0,0
BRDA:48,5,1,0
BRDA:50,6,0,0
BRDA:50,6,1,0
BRDA:93,7,0,0
BRDA:93,7,1,0
BRDA:108,8,0,0
BRDA:108,8,1,0
BRF:18
BRH:0
end_of_record
TN:
SF:src/services/passwordResetService.js
FN:10,requestPasswordReset
FN:33,validateResetToken
FN:45,resetPassword
FNF:3
FNH:0
FNDA:0,requestPasswordReset
FNDA:0,validateResetToken
FNDA:0,resetPassword
DA:1,0
DA:2,0
DA:3,0
DA:4,0
DA:5,0
DA:6,0
DA:7,0
DA:11,0
DA:14,0
DA:15,0
DA:17,0
DA:20,0
DA:22,0
DA:23,0
DA:24,0
DA:27,0
DA:29,0
DA:34,0
DA:37,0
DA:38,0
DA:39,0
DA:41,0
DA:46,0
DA:47,0
DA:50,0
DA:51,0
DA:53,0
DA:54,0
DA:58,0
DA:62,0
DA:65,0
LF:31
LH:0
BRDA:14,0,0,0
BRDA:14,0,1,0
BRDA:37,1,0,0
BRDA:37,1,1,0
BRDA:37,2,0,0
BRDA:37,2,1,0
BRDA:37,2,2,0
BRDA:50,3,0,0
BRDA:50,3,1,0
BRF:9
BRH:0
end_of_record
TN:
SF:src/services/personaService.js
FN:28,getPersonas
FN:65,(anonymous_1)
FN:95,getPersonaById
FN:152,toggleFavourite
FN:224,sendMessage
FN:356,(anonymous_5)
FN:450,getConversations
FN:512,(anonymous_7)
FN:537,updateConversationVisibility
FN:625,editMessage
FN:668,(anonymous_10)
FN:749,(anonymous_11)
FN:804,requestFileUpload
FN:872,toggleReaction
FN:963,toggleArchive
FN:1040,createShareableLink
FN:1141,getSharedConversation
FN:1205,(anonymous_17)
FNF:18
FNH:0
FNDA:0,getPersonas
FNDA:0,(anonymous_1)
FNDA:0,getPersonaById
FNDA:0,toggleFavourite
FNDA:0,sendMessage
FNDA:0,(anonymous_5)
FNDA:0,getConversations
FNDA:0,(anonymous_7)
FNDA:0,updateConversationVisibility
FNDA:0,editMessage
FNDA:0,(anonymous_10)
FNDA:0,(anonymous_11)
FNDA:0,requestFileUpload
FNDA:0,toggleReaction
FNDA:0,toggleArchive
FNDA:0,createShareableLink
FNDA:0,getSharedConversation
FNDA:0,(anonymous_17)
DA:6,0
DA:7,0
DA:8,0
DA:9,0
DA:10,0
DA:11,0
DA:12,0
DA:13,0
DA:15,0
DA:18,0
DA:19,0
DA:20,0
DA:29,0
DA:30,0
DA:32,0
DA:36,0
DA:45,0
DA:46,0
DA:49,0
DA:53,0
DA:58,0
DA:65,0
DA:84,0
DA:85,0
DA:96,0
DA:97,0
DA:112,0
DA:113,0
DA:117,0
DA:118,0
DA:120,0
DA:140,0
DA:141,0
DA:142,0
DA:153,0
DA:155,0
DA:159,0
DA:160,0
DA:164,0
DA:176,0
DA:178,0
DA:186,0
DA:187,0
DA:190,0
DA:196,0
DA:197,0
DA:201,0
DA:206,0
DA:208,0
DA:209,0
DA:210,0
DA:232,0
DA:234,0
DA:236,0
DA:240,0
DA:241,0
DA:244,0
DA:245,0
DA:249,0
DA:250,0
DA:251,0
DA:256,0
DA:257,0
DA:266,0
DA:267,0
DA:271,0
DA:281,0
DA:282,0
DA:283,0
DA:292,0
DA:293,0
DA:298,0
DA:306,0
DA:319,0
DA:323,0
DA:325,0
DA:326,0
DA:327,0
DA:345,0
DA:346,0
DA:348,0
DA:353,0
DA:355,0
DA:356,0
DA:361,0
DA:370,0
DA:373,0
DA:380,0
DA:384,0
DA:388,0
DA:393,0
DA:410,0
DA:417,0
DA:437,0
DA:438,0
DA:439,0
DA:451,0
DA:452,0
DA:455,0
DA:474,0
DA:476,0
DA:479,0
DA:482,0
DA:512,0
DA:525,0
DA:526,0
DA:542,0
DA:544,0
DA:557,0
DA:558,0
DA:562,0
DA:563,0
DA:570,0
DA:572,0
DA:575,0
DA:576,0
DA:583,0
DA:584,0
DA:591,0
DA:597,0
DA:607,0
DA:612,0
DA:613,0
DA:614,0
DA:626,0
DA:628,0
DA:636,0
DA:637,0
DA:641,0
DA:642,0
DA:646,0
DA:647,0
DA:651,0
DA:652,0
DA:653,0
DA:654,0
DA:658,0
DA:659,0
DA:663,0
DA:664,0
DA:668,0
DA:670,0
DA:678,0
DA:687,0
DA:697,0
DA:711,0
DA:717,0
DA:719,0
DA:720,0
DA:721,0
DA:739,0
DA:740,0
DA:742,0
DA:747,0
DA:748,0
DA:749,0
DA:754,0
DA:755,0
DA:759,0
DA:771,0
DA:779,0
DA:786,0
DA:788,0
DA:789,0
DA:790,0
DA:792,0
DA:793,0
DA:805,0
DA:807,0
DA:826,0
DA:827,0
DA:831,0
DA:832,0
DA:835,0
DA:836,0
DA:843,0
DA:854,0
DA:859,0
DA:860,0
DA:861,0
DA:873,0
DA:875,0
DA:879,0
DA:880,0
DA:884,0
DA:893,0
DA:894,0
DA:896,0
DA:897,0
DA:899,0
DA:907,0
DA:908,0
DA:911,0
DA:920,0
DA:921,0
DA:925,0
DA:932,0
DA:936,0
DA:943,0
DA:950,0
DA:951,0
DA:952,0
DA:964,0
DA:966,0
DA:988,0
DA:989,0
DA:993,0
DA:994,0
DA:996,0
DA:999,0
DA:1000,0
DA:1007,0
DA:1015,0
DA:1021,0
DA:1027,0
DA:1028,0
DA:1029,0
DA:1041,0
DA:1043,0
DA:1065,0
DA:1066,0
DA:1070,0
DA:1071,0
DA:1073,0
DA:1076,0
DA:1077,0
DA:1084,0
DA:1085,0
DA:1089,0
DA:1090,0
DA:1097,0
DA:1098,0
DA:1099,0
DA:1100,0
DA:1103,0
DA:1117,0
DA:1123,0
DA:1130,0
DA:1131,0
DA:1132,0
DA:1142,0
DA:1144,0
DA:1145,0
DA:1146,0
DA:1150,0
DA:1177,0
DA:1178,0
DA:1182,0
DA:1183,0
DA:1187,0
DA:1192,0
DA:1205,0
DA:1212,0
DA:1213,0
DA:1214,0
DA:1218,0
LF:256
LH:0
BRDA:28,0,0,0
BRDA:30,1,0,0
BRDA:45,2,0,0
BRDA:45,2,1,0
BRDA:112,3,0,0
BRDA:112,3,1,0
BRDA:140,4,0,0
BRDA:140,4,1,0
BRDA:159,5,0,0
BRDA:159,5,1,0
BRDA:176,6,0,0
BRDA:176,6,1,0
BRDA:208,7,0,0
BRDA:208,7,1,0
BRDA:229,8,0,0
BRDA:230,9,0,0
BRDA:240,10,0,0
BRDA:240,10,1,0
BRDA:244,11,0,0
BRDA:244,11,1,0
BRDA:250,12,0,0
BRDA:250,12,1,0
BRDA:256,13,0,0
BRDA:256,13,1,0
BRDA:266,14,0,0
BRDA:266,14,1,0
BRDA:282,15,0,0
BRDA:282,15,1,0
BRDA:292,16,0,0
BRDA:292,16,1,0
BRDA:353,17,0,0
BRDA:353,17,1,0
BRDA:361,18,0,0
BRDA:361,18,1,0
BRDA:388,19,0,0
BRDA:388,19,1,0
BRDA:388,19,2,0
BRDA:437,20,0,0
BRDA:437,20,1,0
BRDA:450,21,0,0
BRDA:452,22,0,0
BRDA:474,23,0,0
BRDA:474,23,1,0
BRDA:519,24,0,0
BRDA:519,24,1,0
BRDA:557,25,0,0
BRDA:557,25,1,0
BRDA:562,26,0,0
BRDA:562,26,1,0
BRDA:572,27,0,0
BRDA:572,27,1,0
BRDA:575,28,0,0
BRDA:575,28,1,0
BRDA:575,29,0,0
BRDA:575,29,1,0
BRDA:583,30,0,0
BRDA:583,30,1,0
BRDA:612,31,0,0
BRDA:612,31,1,0
BRDA:636,32,0,0
BRDA:636,32,1,0
BRDA:641,33,0,0
BRDA:641,33,1,0
BRDA:646,34,0,0
BRDA:646,34,1,0
BRDA:653,35,0,0
BRDA:653,35,1,0
BRDA:658,36,0,0
BRDA:658,36,1,0
BRDA:663,37,0,0
BRDA:663,37,1,0
BRDA:747,38,0,0
BRDA:747,38,1,0
BRDA:754,39,0,0
BRDA:754,39,1,0
BRDA:764,40,0,0
BRDA:764,40,1,0
BRDA:764,40,2,0
BRDA:788,41,0,0
BRDA:788,41,1,0
BRDA:789,42,0,0
BRDA:789,42,1,0
BRDA:826,43,0,0
BRDA:826,43,1,0
BRDA:859,44,0,0
BRDA:859,44,1,0
BRDA:879,45,0,0
BRDA:879,45,1,0
BRDA:896,46,0,0
BRDA:896,46,1,0
BRDA:897,47,0,0
BRDA:897,47,1,0
BRDA:950,48,0,0
BRDA:950,48,1,0
BRDA:988,49,0,0
BRDA:988,49,1,0
BRDA:996,50,0,0
BRDA:996,50,1,0
BRDA:999,51,0,0
BRDA:999,51,1,0
BRDA:999,52,0,0
BRDA:999,52,1,0
BRDA:1010,53,0,0
BRDA:1010,53,1,0
BRDA:1018,54,0,0
BRDA:1018,54,1,0
BRDA:1027,55,0,0
BRDA:1027,55,1,0
BRDA:1040,56,0,0
BRDA:1065,57,0,0
BRDA:1065,57,1,0
BRDA:1073,58,0,0
BRDA:1073,58,1,0
BRDA:1076,59,0,0
BRDA:1076,59,1,0
BRDA:1076,60,0,0
BRDA:1076,60,1,0
BRDA:1084,61,0,0
BRDA:1084,61,1,0
BRDA:1089,62,0,0
BRDA:1089,62,1,0
BRDA:1124,63,0,0
BRDA:1124,63,1,0
BRDA:1130,64,0,0
BRDA:1130,64,1,0
BRDA:1145,65,0,0
BRDA:1145,65,1,0
BRDA:1177,66,0,0
BRDA:1177,66,1,0
BRDA:1182,67,0,0
BRDA:1182,67,1,0
BRDA:1208,68,0,0
BRDA:1208,68,1,0
BRDA:1212,69,0,0
BRDA:1212,69,1,0
BRF:135
BRH:0
end_of_record
TN:
SF:src/services/profileService.js
FN:14,getProfile
FN:42,updateProfile
FN:96,processAvatarUpload
FN:167,processPresignedAvatar
FN:204,changePassword
FN:279,isValidTimezone
FN:289,isValidLocale
FN:299,logAuditEvent
FNF:8
FNH:0
FNDA:0,getProfile
FNDA:0,updateProfile
FNDA:0,processAvatarUpload
FNDA:0,processPresignedAvatar
FNDA:0,changePassword
FNDA:0,isValidTimezone
FNDA:0,isValidLocale
FNDA:0,logAuditEvent
DA:1,0
DA:2,0
DA:3,0
DA:4,0
DA:5,0
DA:6,0
DA:7,0
DA:8,0
DA:9,0
DA:11,0
DA:15,0
DA:34,0
DA:35,0
DA:38,0
DA:43,0
DA:47,0
DA:48,0
DA:52,0
DA:53,0
DA:57,0
DA:58,0
DA:61,0
DA:87,0
DA:91,0
DA:92,0
DA:97,0
DA:98,0
DA:102,0
DA:108,0
DA:109,0
DA:116,0
DA:117,0
DA:118,0
DA:121,0
DA:123,0
DA:124,0
DA:127,0
DA:128,0
DA:131,0
DA:134,0
DA:140,0
DA:143,0
DA:146,0
DA:152,0
DA:158,0
DA:159,0
DA:161,0
DA:162,0
DA:168,0
DA:169,0
DA:173,0
DA:174,0
DA:176,0
DA:187,0
DA:189,0
DA:195,0
DA:199,0
DA:200,0
DA:205,0
DA:209,0
DA:210,0
DA:213,0
DA:214,0
DA:218,0
DA:222,0
DA:223,0
DA:227,0
DA:231,0
DA:232,0
DA:239,0
DA:240,0
DA:244,0
DA:245,0
DA:246,0
DA:253,0
DA:256,0
DA:257,0
DA:264,0
DA:267,0
DA:273,0
DA:275,0
DA:280,0
DA:281,0
DA:282,0
DA:284,0
DA:290,0
DA:291,0
DA:292,0
DA:294,0
DA:300,0
DA:301,0
DA:311,0
DA:315,0
LF:93
LH:0
BRDA:34,0,0,0
BRDA:34,0,1,0
BRDA:47,1,0,0
BRDA:47,1,1,0
BRDA:52,2,0,0
BRDA:52,2,1,0
BRDA:52,3,0,0
BRDA:52,3,1,0
BRDA:57,4,0,0
BRDA:57,4,1,0
BRDA:57,5,0,0
BRDA:57,5,1,0
BRDA:97,6,0,0
BRDA:97,6,1,0
BRDA:108,7,0,0
BRDA:108,7,1,0
BRDA:117,8,0,0
BRDA:117,8,1,0
BRDA:168,9,0,0
BRDA:168,9,1,0
BRDA:209,10,0,0
BRDA:209,10,1,0
BRDA:213,11,0,0
BRDA:213,11,1,0
BRDA:222,12,0,0
BRDA:222,12,1,0
BRDA:231,13,0,0
BRDA:231,13,1,0
BRDA:239,14,0,0
BRDA:239,14,1,0
BRDA:245,15,0,0
BRDA:245,15,1,0
BRDA:256,16,0,0
BRDA:256,16,1,0
BRF:34
BRH:0
end_of_record
TN:
SF:src/services/workspaceService.js
FN:8,getWorkspace
FN:43,updateWorkspace
FN:103,listMembers
FN:167,changeMemberRole
FN:232,changeMemberStatus
FN:272,(anonymous_5)
FN:313,removeMember
FN:371,requestDeletion
FN:429,isValidTimezone
FN:439,isValidLocale
FN:449,logAuditEvent
FNF:11
FNH:0
FNDA:0,getWorkspace
FNDA:0,updateWorkspace
FNDA:0,listMembers
FNDA:0,changeMemberRole
FNDA:0,changeMemberStatus
FNDA:0,(anonymous_5)
FNDA:0,removeMember
FNDA:0,requestDeletion
FNDA:0,isValidTimezone
FNDA:0,isValidLocale
FNDA:0,logAuditEvent
DA:1,0
DA:2,0
DA:3,0
DA:5,0
DA:10,0
DA:15,0
DA:16,0
DA:19,0
DA:35,0
DA:36,0
DA:39,0
DA:45,0
DA:50,0
DA:51,0
DA:54,0
DA:55,0
DA:62,0
DA:63,0
DA:67,0
DA:68,0
DA:71,0
DA:93,0
DA:98,0
DA:99,0
DA:104,0
DA:107,0
DA:112,0
DA:113,0
DA:117,0
DA:118,0
DA:122,0
DA:124,0
DA:125,0
DA:131,0
DA:132,0
DA:135,0
DA:136,0
DA:140,0
DA:141,0
DA:144,0
DA:163,0
DA:169,0
DA:174,0
DA:175,0
DA:178,0
DA:179,0
DA:183,0
DA:188,0
DA:189,0
DA:193,0
DA:194,0
DA:198,0
DA:199,0
DA:203,0
DA:218,0
DA:225,0
DA:228,0
DA:234,0
DA:239,0
DA:240,0
DA:243,0
DA:244,0
DA:248,0
DA:253,0
DA:254,0
DA:258,0
DA:259,0
DA:263,0
DA:264,0
DA:272,0
DA:273,0
DA:288,0
DA:289,0
DA:295,0
DA:299,0
DA:306,0
DA:309,0
DA:315,0
DA:320,0
DA:321,0
DA:324,0
DA:325,0
DA:329,0
DA:334,0
DA:335,0
DA:339,0
DA:340,0
DA:344,0
DA:345,0
DA:353,0
DA:359,0
DA:365,0
DA:373,0
DA:378,0
DA:379,0
DA:382,0
DA:383,0
DA:390,0
DA:394,0
DA:395,0
DA:399,0
DA:400,0
DA:403,0
DA:413,0
DA:419,0
DA:425,0
DA:430,0
DA:431,0
DA:432,0
DA:434,0
DA:440,0
DA:441,0
DA:442,0
DA:444,0
DA:450,0
DA:451,0
DA:461,0
DA:465,0
LF:118
LH:0
BRDA:15,0,0,0
BRDA:15,0,1,0
BRDA:15,1,0,0
BRDA:15,1,1,0
BRDA:35,2,0,0
BRDA:35,2,1,0
BRDA:50,3,0,0
BRDA:50,3,1,0
BRDA:50,4,0,0
BRDA:50,4,1,0
BRDA:54,5,0,0
BRDA:54,5,1,0
BRDA:62,6,0,0
BRDA:62,6,1,0
BRDA:62,7,0,0
BRDA:62,7,1,0
BRDA:67,8,0,0
BRDA:67,8,1,0
BRDA:67,9,0,0
BRDA:67,9,1,0
BRDA:103,10,0,0
BRDA:104,11,0,0
BRDA:104,12,0,0
BRDA:112,13,0,0
BRDA:112,13,1,0
BRDA:112,14,0,0
BRDA:112,14,1,0
BRDA:117,15,0,0
BRDA:117,15,1,0
BRDA:124,16,0,0
BRDA:124,16,1,0
BRDA:131,17,0,0
BRDA:131,17,1,0
BRDA:135,18,0,0
BRDA:135,18,1,0
BRDA:174,19,0,0
BRDA:174,19,1,0
BRDA:174,20,0,0
BRDA:174,20,1,0
BRDA:178,21,0,0
BRDA:178,21,1,0
BRDA:188,22,0,0
BRDA:188,22,1,0
BRDA:188,23,0,0
BRDA:188,23,1,0
BRDA:193,24,0,0
BRDA:193,24,1,0
BRDA:193,25,0,0
BRDA:193,25,1,0
BRDA:198,26,0,0
BRDA:198,26,1,0
BRDA:239,27,0,0
BRDA:239,27,1,0
BRDA:239,28,0,0
BRDA:239,28,1,0
BRDA:243,29,0,0
BRDA:243,29,1,0
BRDA:253,30,0,0
BRDA:253,30,1,0
BRDA:253,31,0,0
BRDA:253,31,1,0
BRDA:258,32,0,0
BRDA:258,32,1,0
BRDA:258,33,0,0
BRDA:258,33,1,0
BRDA:263,34,0,0
BRDA:263,34,1,0
BRDA:288,35,0,0
BRDA:288,35,1,0
BRDA:320,36,0,0
BRDA:320,36,1,0
BRDA:320,37,0,0
BRDA:320,37,1,0
BRDA:324,38,0,0
BRDA:324,38,1,0
BRDA:334,39,0,0
BRDA:334,39,1,0
BRDA:334,40,0,0
BRDA:334,40,1,0
BRDA:339,41,0,0
BRDA:339,41,1,0
BRDA:344,42,0,0
BRDA:344,42,1,0
BRDA:378,43,0,0
BRDA:378,43,1,0
BRDA:378,44,0,0
BRDA:378,44,1,0
BRDA:382,45,0,0
BRDA:382,45,1,0
BRDA:394,46,0,0
BRDA:394,46,1,0
BRF:91
BRH:0
end_of_record
TN:
SF:src/utils/apiError.js
FN:2,(anonymous_0)
FNF:1
FNH:0
FNDA:0,(anonymous_0)
DA:3,0
DA:4,0
DA:5,0
DA:6,0
DA:7,0
DA:11,0
LF:6
LH:0
BRDA:2,0,0,0
BRDA:6,1,0,0
BRDA:6,1,1,0
BRF:3
BRH:0
end_of_record
TN:
SF:src/utils/apiResponse.js
FN:1,apiResponse
FNF:1
FNH:1
FNDA:1069,apiResponse
DA:7,1069
DA:8,1069
DA:9,1069
DA:12,1
LF:4
LH:4
BRDA:2,0,0,19
BRDA:3,1,0,13
BRDA:4,2,0,48
BRDA:5,3,0,1049
BRDA:8,4,0,1021
BRDA:8,4,1,48
BRF:6
BRH:6
end_of_record
TN:
SF:src/utils/asyncHandler.js
FN:3,asyncHandler
FN:7,(anonymous_1)
FN:12,(anonymous_2)
FNF:3
FNH:0
FNDA:0,asyncHandler
FNDA:0,(anonymous_1)
FNDA:0,(anonymous_2)
DA:1,0
DA:4,0
DA:5,0
DA:7,0
DA:8,0
DA:9,0
DA:10,0
DA:12,0
DA:14,0
DA:20,0
DA:25,0
DA:31,0
DA:36,0
LF:13
LH:0
BRDA:4,0,0,0
BRDA:4,0,1,0
BRDA:10,1,0,0
BRDA:10,1,1,0
BRDA:10,2,0,0
BRDA:10,2,1,0
BRF:6
BRH:0
end_of_record
TN:
SF:src/utils/circuitBreaker.js
FN:9,(anonymous_0)
FN:21,(anonymous_1)
FN:37,(anonymous_2)
FN:47,(anonymous_3)
FN:63,(anonymous_4)
FN:76,(anonymous_5)
FN:92,getCircuitBreaker
FN:103,getAllCircuitBreakerStates
FN:114,resetAllCircuitBreakers
FNF:9
FNH:0
FNDA:0,(anonymous_0)
FNDA:0,(anonymous_1)
FNDA:0,(anonymous_2)
FNDA:0,(anonymous_3)
FNDA:0,(anonymous_4)
FNDA:0,(anonymous_5)
FNDA:0,getCircuitBreaker
FNDA:0,getAllCircuitBreakerStates
FNDA:0,resetAllCircuitBreakers
DA:6,0
DA:10,0
DA:11,0
DA:12,0
DA:13,0
DA:14,0
DA:22,0
DA:24,0
DA:25,0
DA:26,0
DA:27,0
DA:29,0
DA:31,0
DA:38,0
DA:39,0
DA:40,0
DA:41,0
DA:48,0
DA:49,0
DA:51,0
DA:52,0
DA:53,0
DA:64,0
DA:77,0
DA:78,0
DA:79,0
DA:80,0
DA:85,0
DA:93,0
DA:94,0
DA:96,0
DA:104,0
DA:105,0
DA:106,0
DA:108,0
DA:115,0
DA:116,0
DA:118,0
DA:121,0
LF:39
LH:0
BRDA:9,0,0,0
BRDA:10,1,0,0
BRDA:10,1,1,0
BRDA:11,2,0,0
BRDA:11,2,1,0
BRDA:22,3,0,0
BRDA:22,3,1,0
BRDA:24,4,0,0
BRDA:24,4,1,0
BRDA:51,5,0,0
BRDA:51,5,1,0
BRDA:93,6,0,0
BRDA:93,6,1,0
BRF:13
BRH:0
end_of_record
TN:
SF:src/utils/encrypt.js
FN:13,encrypt
FN:42,decrypt
FN:75,generateKey
FNF:3
FNH:0
FNDA:0,encrypt
FNDA:0,decrypt
FNDA:0,generateKey
DA:6,0
DA:7,0
DA:9,0
DA:10,0
DA:11,0
DA:14,0
DA:20,0
DA:22,0
DA:25,0
DA:28,0
DA:29,0
DA:30,0
DA:31,0
DA:32,0
DA:33,0
DA:34,0
DA:35,0
DA:37,0
DA:38,0
DA:43,0
DA:49,0
DA:51,0
DA:53,0
DA:56,0
DA:57,0
DA:58,0
DA:59,0
DA:63,0
DA:64,0
DA:65,0
DA:66,0
DA:67,0
DA:68,0
DA:70,0
DA:71,0
DA:76,0
DA:79,0
LF:37
LH:0
BRDA:14,0,0,0
BRDA:14,0,1,0
BRDA:15,1,0,0
BRDA:15,1,1,0
BRDA:15,1,2,0
BRDA:15,1,3,0
BRDA:25,2,0,0
BRDA:25,2,1,0
BRDA:43,3,0,0
BRDA:43,3,1,0
BRDA:44,4,0,0
BRDA:44,4,1,0
BRDA:44,4,2,0
BRDA:44,4,3,0
BRDA:53,5,0,0
BRDA:53,5,1,0
BRF:16
BRH:0
end_of_record
TN:
SF:src/utils/jwt.js
FN:26,initializeKeys
FN:113,rotateKeys
FN:166,getCurrentKeys
FN:176,generateJWKS
FN:195,signToken
FN:211,verifyToken
FN:220,signRefreshToken
FN:231,verifyRefreshToken
FNF:8
FNH:0
FNDA:0,initializeKeys
FNDA:0,rotateKeys
FNDA:0,getCurrentKeys
FNDA:0,generateJWKS
FNDA:0,signToken
FNDA:0,verifyToken
FNDA:0,signRefreshToken
FNDA:0,verifyRefreshToken
DA:1,0
DA:2,0
DA:3,0
DA:4,0
DA:5,0
DA:6,0
DA:7,0
DA:15,0
DA:16,0
DA:19,0
DA:23,0
DA:27,0
DA:28,0
DA:35,0
DA:36,0
DA:37,0
DA:38,0
DA:39,0
DA:41,0
DA:43,0
DA:49,0
DA:50,0
DA:52,0
DA:53,0
DA:57,0
DA:58,0
DA:61,0
DA:73,0
DA:76,0
DA:82,0
DA:83,0
DA:87,0
DA:88,0
DA:91,0
DA:102,0
DA:105,0
DA:114,0
DA:127,0
DA:128,0
DA:130,0
DA:131,0
DA:134,0
DA:135,0
DA:136,0
DA:137,0
DA:138,0
DA:140,0
DA:146,0
DA:147,0
DA:151,0
DA:167,0
DA:168,0
DA:177,0
DA:178,0
DA:190,0
DA:196,0
DA:197,0
DA:204,0
DA:205,0
DA:206,0
DA:208,0
DA:212,0
DA:213,0
DA:214,0
DA:216,0
DA:221,0
DA:222,0
DA:228,0
DA:232,0
DA:233,0
DA:234,0
DA:236,0
DA:241,0
DA:243,0
LF:74
LH:0
BRDA:23,0,0,0
BRDA:23,0,1,0
BRDA:27,1,0,0
BRDA:27,1,1,0
BRDA:27,2,0,0
BRDA:27,2,1,0
BRDA:52,3,0,0
BRDA:52,3,1,0
BRDA:57,4,0,0
BRDA:57,4,1,0
BRDA:82,5,0,0
BRDA:82,5,1,0
BRDA:87,6,0,0
BRDA:87,6,1,0
BRDA:146,7,0,0
BRDA:146,7,1,0
BRDA:195,8,0,0
BRDA:198,9,0,0
BRDA:198,9,1,0
BRDA:205,10,0,0
BRDA:205,10,1,0
BRDA:220,11,0,0
BRDA:223,12,0,0
BRDA:223,12,1,0
BRF:24
BRH:0
end_of_record
TN:
SF:src/utils/logger.js
FN:31,(anonymous_0)
FNF:1
FNH:0
FNDA:0,(anonymous_0)
DA:1,0
DA:2,0
DA:4,0
DA:6,0
DA:30,0
DA:31,0
DA:34,0
LF:7
LH:0
BRDA:7,0,0,0
BRDA:7,0,1,0
BRDA:18,1,0,0
BRDA:18,1,1,0
BRF:4
BRH:0
end_of_record
TN:
SF:src/utils/oauthProviders.js
FNF:0
FNH:0
DA:1,0
DA:3,0
DA:19,0
LF:3
LH:0
BRF:0
BRH:0
end_of_record
TN:
SF:src/utils/password.js
FN:7,hashPassword
FN:12,verifyPassword
FNF:2
FNH:0
FNDA:0,hashPassword
FNDA:0,verifyPassword
DA:1,0
DA:2,0
DA:3,0
DA:5,0
DA:8,0
DA:9,0
DA:13,0
DA:14,0
DA:15,0
DA:18,0
LF:10
LH:0
BRDA:8,0,0,0
BRDA:8,0,1,0
BRDA:13,1,0,0
BRDA:13,1,1,0
BRDA:13,2,0,0
BRDA:13,2,1,0
BRF:6
BRH:0
end_of_record
TN:
SF:src/utils/roles.js
FNF:0
FNH:0
DA:4,0
DA:15,0
LF:2
LH:0
BRF:0
BRH:0
end_of_record
TN:
SF:src/utils/token.js
FN:14,generateToken
FN:28,validateToken
FN:42,generateConversationToken
FNF:3
FNH:0
FNDA:0,generateToken
FNDA:0,validateToken
FNDA:0,generateConversationToken
DA:6,0
DA:7,0
DA:15,0
DA:16,0
DA:18,0
DA:19,0
DA:29,0
DA:30,0
DA:34,0
DA:35,0
DA:43,0
DA:46,0
LF:12
LH:0
BRDA:14,0,0,0
BRDA:29,1,0,0
BRDA:29,1,1,0
BRDA:29,2,0,0
BRDA:29,2,1,0
BRDA:35,3,0,0
BRDA:35,3,1,0
BRF:7
BRH:0
end_of_record
TN:
SF:src/utils/upload.js
FN:25,validateFileUpload
FN:62,generatePresignedUrl
FN:85,generateFileId
FN:95,updateFileUrl
FNF:4
FNH:0
FNDA:0,validateFileUpload
FNDA:0,generatePresignedUrl
FNDA:0,generateFileId
FNDA:0,updateFileUrl
DA:6,0
DA:7,0
DA:8,0
DA:11,0
DA:12,0
DA:26,0
DA:29,0
DA:30,0
DA:37,0
DA:38,0
DA:45,0
DA:46,0
DA:52,0
DA:63,0
DA:66,0
DA:70,0
DA:76,0
DA:77,0
DA:86,0
DA:96,0
DA:99,0
DA:101,0
DA:102,0
DA:106,0
LF:24
LH:0
BRDA:29,0,0,0
BRDA:29,0,1,0
BRDA:29,1,0,0
BRDA:29,1,1,0
BRDA:37,2,0,0
BRDA:37,2,1,0
BRDA:37,3,0,0
BRDA:37,3,1,0
BRDA:45,4,0,0
BRDA:45,4,1,0
BRDA:45,5,0,0
BRDA:45,5,1,0
BRDA:67,6,0,0
BRDA:67,6,1,0
BRF:14
BRH:0
end_of_record
