TN:
SF:src/app.js
FN:47,(anonymous_0)
FN:68,(anonymous_1)
FNF:2
FNH:1
FNDA:0,(anonymous_0)
FNDA:12,(anonymous_1)
DA:1,3
DA:2,3
DA:3,3
DA:4,3
DA:5,3
DA:7,3
DA:8,3
DA:9,3
DA:11,3
DA:12,3
DA:13,3
DA:14,3
DA:15,3
DA:16,3
DA:17,3
DA:19,3
DA:20,3
DA:21,3
DA:23,3
DA:26,3
DA:29,3
DA:37,3
DA:38,3
DA:41,3
DA:44,3
DA:47,3
DA:48,0
DA:51,3
DA:52,3
DA:53,3
DA:54,3
DA:55,3
DA:56,3
DA:59,3
DA:62,3
DA:65,3
DA:68,3
DA:69,12
DA:70,12
DA:78,3
LF:40
LH:39
BRDA:31,0,0,3
BRDA:31,0,1,0
BRDA:70,1,0,12
BRDA:70,1,1,12
BRDA:72,2,0,12
BRDA:72,2,1,0
BRDA:73,3,0,0
BRDA:73,3,1,12
BRF:8
BRH:5
end_of_record
TN:
SF:src/config/index.js
FN:6,getEnvVar
FNF:1
FNH:1
FNDA:189,getEnvVar
DA:1,9
DA:2,9
DA:4,9
DA:7,189
DA:8,189
DA:9,0
DA:11,189
DA:14,9
DA:38,9
LF:9
LH:8
BRDA:6,0,0,27
BRDA:8,1,0,0
BRDA:8,1,1,189
BRDA:8,2,0,189
BRDA:8,2,1,27
BRDA:8,2,2,27
BRDA:15,3,0,9
BRDA:15,3,1,0
BRDA:16,4,0,9
BRDA:16,4,1,0
BRDA:26,5,0,9
BRDA:26,5,1,0
BRDA:27,6,0,9
BRDA:27,6,1,0
BRDA:28,7,0,9
BRDA:28,7,1,0
BRDA:29,8,0,9
BRDA:29,8,1,0
BRDA:30,9,0,9
BRDA:30,9,1,0
BRDA:31,10,0,9
BRDA:31,10,1,0
BRDA:32,11,0,9
BRDA:32,11,1,0
BRDA:33,12,0,9
BRDA:33,12,1,0
BRDA:34,13,0,9
BRDA:34,13,1,0
BRDA:35,14,0,9
BRDA:35,14,1,0
BRF:30
BRH:17
end_of_record
TN:
SF:src/controllers/authController.js
FN:16,generateTraceId
FN:21,getClientInfo
FN:30,(anonymous_2)
FN:68,(anonymous_3)
FN:104,(anonymous_4)
FN:130,(anonymous_5)
FN:157,(anonymous_6)
FN:189,(anonymous_7)
FN:230,(anonymous_8)
FN:249,(anonymous_9)
FN:271,(anonymous_10)
FN:283,(anonymous_11)
FN:303,(anonymous_12)
FN:321,(anonymous_13)
FN:340,(anonymous_14)
FN:360,(anonymous_15)
FN:366,(anonymous_16)
FNF:17
FNH:5
FNDA:6,generateTraceId
FNDA:6,getClientInfo
FNDA:3,(anonymous_2)
FNDA:2,(anonymous_3)
FNDA:0,(anonymous_4)
FNDA:0,(anonymous_5)
FNDA:0,(anonymous_6)
FNDA:0,(anonymous_7)
FNDA:1,(anonymous_8)
FNDA:0,(anonymous_9)
FNDA:0,(anonymous_10)
FNDA:0,(anonymous_11)
FNDA:0,(anonymous_12)
FNDA:0,(anonymous_13)
FNDA:0,(anonymous_14)
FNDA:0,(anonymous_15)
FNDA:0,(anonymous_16)
DA:6,3
DA:7,3
DA:8,3
DA:9,3
DA:10,3
DA:11,3
DA:12,3
DA:13,3
DA:17,6
DA:22,6
DA:30,3
DA:31,3
DA:32,3
DA:34,3
DA:35,0
DA:38,3
DA:45,0
DA:68,3
DA:69,2
DA:70,2
DA:72,2
DA:73,0
DA:76,2
DA:83,0
DA:104,3
DA:105,0
DA:106,0
DA:108,0
DA:109,0
DA:112,0
DA:119,0
DA:130,3
DA:131,0
DA:132,0
DA:135,0
DA:136,0
DA:137,0
DA:140,0
DA:143,0
DA:150,0
DA:157,3
DA:158,0
DA:159,0
DA:161,0
DA:162,0
DA:165,0
DA:172,0
DA:189,3
DA:190,0
DA:191,0
DA:193,0
DA:194,0
DA:197,0
DA:201,0
DA:202,0
DA:205,0
DA:206,0
DA:209,0
DA:210,0
DA:213,0
DA:214,0
DA:223,0
DA:230,3
DA:231,1
DA:232,1
DA:234,1
DA:235,0
DA:238,1
DA:245,1
DA:249,3
DA:250,0
DA:251,0
DA:253,0
DA:254,0
DA:257,0
DA:264,0
DA:271,3
DA:272,0
DA:273,0
DA:275,0
DA:283,3
DA:284,0
DA:285,0
DA:286,0
DA:288,0
DA:296,0
DA:303,3
DA:304,0
DA:305,0
DA:307,0
DA:314,0
DA:321,3
DA:322,0
DA:323,0
DA:325,0
DA:332,0
DA:340,3
DA:342,0
DA:343,0
DA:345,0
DA:348,0
DA:360,3
DA:361,0
DA:362,0
DA:366,3
DA:367,0
DA:368,0
DA:378,3
LF:108
LH:39
BRDA:23,0,0,6
BRDA:23,0,1,0
BRDA:25,1,0,6
BRDA:25,1,1,6
BRDA:34,2,0,0
BRDA:34,2,1,3
BRDA:34,3,0,3
BRDA:34,3,1,3
BRDA:47,4,0,0
BRDA:47,4,1,0
BRDA:72,5,0,0
BRDA:72,5,1,2
BRDA:72,6,0,2
BRDA:72,6,1,2
BRDA:108,7,0,0
BRDA:108,7,1,0
BRDA:136,8,0,0
BRDA:136,8,1,0
BRDA:136,9,0,0
BRDA:136,9,1,0
BRDA:161,10,0,0
BRDA:161,10,1,0
BRDA:193,11,0,0
BRDA:193,11,1,0
BRDA:201,12,0,0
BRDA:201,12,1,0
BRDA:205,13,0,0
BRDA:205,13,1,0
BRDA:209,14,0,0
BRDA:209,14,1,0
BRDA:234,15,0,0
BRDA:234,15,1,1
BRDA:253,16,0,0
BRDA:253,16,1,0
BRDA:253,17,0,0
BRDA:253,17,1,0
BRDA:354,18,0,0
BRDA:354,18,1,0
BRF:38
BRH:10
end_of_record
TN:
SF:src/controllers/emailController.js
FN:7,(anonymous_0)
FN:16,(anonymous_1)
FNF:2
FNH:0
FNDA:0,(anonymous_0)
FNDA:0,(anonymous_1)
DA:1,0
DA:2,0
DA:3,0
DA:4,0
DA:5,0
DA:7,0
DA:8,0
DA:9,0
DA:10,0
DA:11,0
DA:16,0
DA:17,0
DA:18,0
DA:20,0
DA:23,0
DA:24,0
DA:25,0
DA:26,0
DA:31,0
LF:19
LH:0
BRDA:9,0,0,0
BRDA:9,0,1,0
BRDA:18,1,0,0
BRDA:18,1,1,0
BRDA:23,2,0,0
BRDA:23,2,1,0
BRDA:24,3,0,0
BRDA:24,3,1,0
BRF:8
BRH:0
end_of_record
TN:
SF:src/controllers/messageController.js
FN:15,(anonymous_0)
FN:34,(anonymous_1)
FNF:2
FNH:0
FNDA:0,(anonymous_0)
FNDA:0,(anonymous_1)
DA:6,3
DA:7,3
DA:8,3
DA:9,3
DA:15,3
DA:16,0
DA:17,0
DA:18,0
DA:20,0
DA:22,0
DA:34,3
DA:35,0
DA:36,0
DA:37,0
DA:39,0
DA:41,0
DA:49,3
LF:17
LH:7
BRF:0
BRH:0
end_of_record
TN:
SF:src/controllers/oauthController.js
FN:15,(anonymous_0)
FNF:1
FNH:0
FNDA:0,(anonymous_0)
DA:1,3
DA:2,3
DA:3,3
DA:4,3
DA:6,3
DA:10,3
DA:17,0
DA:22,0
DA:23,0
DA:24,0
DA:26,0
DA:28,0
DA:35,0
DA:38,0
DA:45,3
LF:15
LH:7
BRDA:22,0,0,0
BRDA:22,0,1,0
BRDA:23,1,0,0
BRDA:23,1,1,0
BRDA:24,2,0,0
BRDA:24,2,1,0
BRDA:26,3,0,0
BRDA:26,3,1,0
BRDA:29,4,0,0
BRDA:29,4,1,0
BRDA:31,5,0,0
BRDA:31,5,1,0
BRF:12
BRH:0
end_of_record
TN:
SF:src/controllers/passwordResetController.js
FN:5,(anonymous_0)
FN:17,(anonymous_1)
FNF:2
FNH:0
FNDA:0,(anonymous_0)
FNDA:0,(anonymous_1)
DA:1,0
DA:2,0
DA:3,0
DA:5,0
DA:6,0
DA:7,0
DA:8,0
DA:10,0
DA:17,0
DA:18,0
DA:19,0
DA:20,0
DA:21,0
DA:22,0
DA:28,0
LF:15
LH:0
BRDA:7,0,0,0
BRDA:7,0,1,0
BRDA:19,1,0,0
BRDA:19,1,1,0
BRDA:19,2,0,0
BRDA:19,2,1,0
BRF:6
BRH:0
end_of_record
TN:
SF:src/controllers/personaController.js
FN:15,(anonymous_0)
FN:37,(anonymous_1)
FN:55,(anonymous_2)
FN:75,(anonymous_3)
FN:100,(anonymous_4)
FN:127,(anonymous_5)
FN:150,(anonymous_6)
FN:173,(anonymous_7)
FN:192,(anonymous_8)
FN:213,(anonymous_9)
FN:236,(anonymous_10)
FNF:11
FNH:0
FNDA:0,(anonymous_0)
FNDA:0,(anonymous_1)
FNDA:0,(anonymous_2)
FNDA:0,(anonymous_3)
FNDA:0,(anonymous_4)
FNDA:0,(anonymous_5)
FNDA:0,(anonymous_6)
FNDA:0,(anonymous_7)
FNDA:0,(anonymous_8)
FNDA:0,(anonymous_9)
FNDA:0,(anonymous_10)
DA:6,3
DA:7,3
DA:8,3
DA:9,3
DA:15,3
DA:16,0
DA:17,0
DA:19,0
DA:23,0
DA:25,0
DA:37,3
DA:38,0
DA:39,0
DA:41,0
DA:43,0
DA:55,3
DA:56,0
DA:57,0
DA:59,0
DA:61,0
DA:75,3
DA:76,0
DA:77,0
DA:78,0
DA:80,0
DA:88,0
DA:100,3
DA:101,0
DA:102,0
DA:103,0
DA:105,0
DA:109,0
DA:115,0
DA:127,3
DA:128,0
DA:129,0
DA:130,0
DA:132,0
DA:138,0
DA:150,3
DA:151,0
DA:152,0
DA:153,0
DA:155,0
DA:161,0
DA:173,3
DA:174,0
DA:175,0
DA:176,0
DA:178,0
DA:180,0
DA:192,3
DA:193,0
DA:194,0
DA:195,0
DA:197,0
DA:199,0
DA:213,3
DA:214,0
DA:215,0
DA:216,0
DA:218,0
DA:224,0
DA:236,3
DA:237,0
DA:239,0
DA:241,0
DA:249,3
LF:68
LH:16
BRDA:64,0,0,0
BRDA:64,0,1,0
BRDA:203,1,0,0
BRDA:203,1,1,0
BRF:4
BRH:0
end_of_record
TN:
SF:src/controllers/profileController.js
FN:6,(anonymous_0)
FN:16,(anonymous_1)
FN:35,(anonymous_2)
FN:60,(anonymous_3)
FNF:4
FNH:0
FNDA:0,(anonymous_0)
FNDA:0,(anonymous_1)
FNDA:0,(anonymous_2)
FNDA:0,(anonymous_3)
DA:1,3
DA:2,3
DA:3,3
DA:6,3
DA:7,0
DA:8,0
DA:9,0
DA:16,3
DA:17,0
DA:18,0
DA:20,0
DA:27,0
DA:35,3
DA:36,0
DA:39,0
DA:41,0
DA:42,0
DA:44,0
DA:49,0
DA:52,0
DA:60,3
DA:61,0
DA:62,0
DA:64,0
DA:65,0
DA:68,0
DA:70,0
DA:76,3
LF:28
LH:8
BRDA:39,0,0,0
BRDA:39,0,1,0
BRDA:42,1,0,0
BRDA:42,1,1,0
BRDA:64,2,0,0
BRDA:64,2,1,0
BRDA:64,3,0,0
BRDA:64,3,1,0
BRF:8
BRH:0
end_of_record
TN:
SF:src/controllers/workspaceController.js
FN:6,(anonymous_0)
FN:19,(anonymous_1)
FN:38,(anonymous_2)
FN:63,(anonymous_3)
FN:84,(anonymous_4)
FN:105,(anonymous_5)
FN:119,(anonymous_6)
FNF:7
FNH:0
FNDA:0,(anonymous_0)
FNDA:0,(anonymous_1)
FNDA:0,(anonymous_2)
FNDA:0,(anonymous_3)
FNDA:0,(anonymous_4)
FNDA:0,(anonymous_5)
FNDA:0,(anonymous_6)
DA:1,3
DA:2,3
DA:3,3
DA:6,3
DA:7,0
DA:8,0
DA:10,0
DA:12,0
DA:19,3
DA:20,0
DA:21,0
DA:22,0
DA:24,0
DA:30,0
DA:38,3
DA:39,0
DA:40,0
DA:41,0
DA:43,0
DA:51,0
DA:63,3
DA:64,0
DA:65,0
DA:66,0
DA:67,0
DA:69,0
DA:76,0
DA:84,3
DA:85,0
DA:86,0
DA:87,0
DA:88,0
DA:90,0
DA:97,0
DA:105,3
DA:106,0
DA:107,0
DA:108,0
DA:110,0
DA:112,0
DA:119,3
DA:120,0
DA:121,0
DA:122,0
DA:124,0
DA:126,0
DA:132,3
LF:47
LH:11
BRDA:41,0,0,0
BRDA:41,1,0,0
BRF:2
BRH:0
end_of_record
TN:
SF:src/middlewares/authMiddleware.js
FN:15,authMiddleware
FNF:1
FNH:1
FNDA:10,authMiddleware
DA:10,4
DA:11,4
DA:12,4
DA:13,4
DA:16,10
DA:18,10
DA:19,10
DA:20,2
DA:22,8
DA:25,8
DA:26,3
DA:27,3
DA:30,0
DA:33,0
DA:34,0
DA:36,0
DA:37,0
DA:40,0
DA:47,0
DA:49,10
DA:53,4
LF:21
LH:14
BRDA:19,0,0,2
BRDA:19,0,1,8
BRDA:19,1,0,10
BRDA:19,1,1,9
BRDA:26,2,0,3
BRDA:26,2,1,0
BRDA:26,3,0,3
BRDA:26,3,1,0
BRDA:33,4,0,0
BRDA:33,4,1,0
BRDA:33,5,0,0
BRDA:33,5,1,0
BRDA:36,6,0,0
BRDA:36,6,1,0
BRF:14
BRH:6
end_of_record
TN:
SF:src/middlewares/passportSetup.js
FN:7,initializePassport
FN:18,(anonymous_1)
FN:57,(anonymous_2)
FN:60,(anonymous_3)
FNF:4
FNH:1
FNDA:3,initializePassport
FNDA:0,(anonymous_1)
FNDA:0,(anonymous_2)
FNDA:0,(anonymous_3)
DA:1,3
DA:2,3
DA:3,3
DA:4,3
DA:5,3
DA:9,3
DA:10,3
DA:19,0
DA:21,0
DA:29,0
DA:31,0
DA:32,0
DA:47,0
DA:49,0
DA:57,3
DA:58,0
DA:60,3
DA:61,0
DA:62,0
DA:63,0
DA:65,0
DA:70,3
LF:22
LH:10
BRDA:9,0,0,3
BRDA:9,0,1,0
BRDA:9,1,0,3
BRDA:9,1,1,3
BRDA:24,2,0,0
BRDA:24,2,1,0
BRDA:24,2,2,0
BRDA:29,3,0,0
BRDA:29,3,1,0
BRDA:35,4,0,0
BRDA:35,4,1,0
BRDA:35,4,2,0
BRDA:41,5,0,0
BRDA:41,5,1,0
BRDA:42,6,0,0
BRDA:42,6,1,0
BRDA:58,7,0,0
BRDA:58,7,1,0
BRF:18
BRH:3
end_of_record
TN:
SF:src/middlewares/permissionMiddleware.js
FN:4,permissionMiddleware
FN:5,(anonymous_1)
FNF:2
FNH:0
FNDA:0,permissionMiddleware
FNDA:0,(anonymous_1)
DA:1,0
DA:2,0
DA:5,0
DA:6,0
DA:7,0
DA:9,0
DA:10,0
DA:11,0
DA:12,0
DA:14,0
DA:18,0
LF:11
LH:0
BRDA:6,0,0,0
BRDA:6,0,1,0
BRDA:6,1,0,0
BRDA:6,1,1,0
BRDA:10,2,0,0
BRDA:10,2,1,0
BRDA:11,3,0,0
BRDA:11,3,1,0
BRF:8
BRH:0
end_of_record
TN:
SF:src/middlewares/rateLimiter.js
FN:26,(anonymous_0)
FNF:1
FNH:0
FNDA:0,(anonymous_0)
DA:1,3
DA:4,3
DA:18,3
DA:28,0
DA:35,3
DA:47,3
LF:6
LH:5
BRF:0
BRH:0
end_of_record
TN:
SF:src/middlewares/roleMiddleware.js
FN:3,roleMiddleware
FN:4,(anonymous_1)
FN:16,(anonymous_2)
FNF:3
FNH:1
FNDA:18,roleMiddleware
FNDA:0,(anonymous_1)
FNDA:0,(anonymous_2)
DA:1,3
DA:4,18
DA:5,0
DA:6,0
DA:10,0
DA:15,0
DA:16,0
DA:20,0
DA:21,0
DA:22,0
DA:23,0
DA:27,0
DA:28,0
DA:31,0
DA:35,3
LF:15
LH:3
BRDA:3,0,0,18
BRDA:5,1,0,0
BRDA:5,1,1,0
BRDA:10,2,0,0
BRDA:10,2,1,0
BRDA:20,3,0,0
BRDA:20,3,1,0
BRDA:20,4,0,0
BRDA:20,4,1,0
BRDA:21,5,0,0
BRDA:21,5,1,0
BRDA:22,6,0,0
BRDA:22,6,1,0
BRDA:22,7,0,0
BRDA:22,7,1,0
BRDA:27,8,0,0
BRDA:27,8,1,0
BRF:17
BRH:1
end_of_record
TN:
SF:src/middlewares/validationMiddleware.js
FN:10,(anonymous_0)
FN:13,(anonymous_1)
FN:264,(anonymous_2)
FN:275,(anonymous_3)
FN:284,(anonymous_4)
FNF:5
FNH:3
FNDA:8,(anonymous_0)
FNDA:3,(anonymous_1)
FNDA:0,(anonymous_2)
FNDA:1,(anonymous_3)
FNDA:0,(anonymous_4)
DA:6,4
DA:7,4
DA:10,4
DA:11,8
DA:12,8
DA:13,3
DA:14,2
DA:16,6
DA:20,4
DA:41,4
DA:51,4
DA:60,4
DA:73,4
DA:79,4
DA:88,4
DA:94,4
DA:100,4
DA:106,4
DA:119,4
DA:129,4
DA:142,4
DA:160,4
DA:174,4
DA:183,4
DA:197,4
DA:204,4
DA:209,4
DA:214,4
DA:224,4
DA:249,4
DA:256,4
DA:264,4
DA:275,4
DA:284,4
DA:290,4
DA:295,4
DA:310,4
DA:316,4
DA:321,4
DA:329,4
DA:338,4
DA:343,4
DA:355,4
DA:376,4
DA:385,4
DA:392,4
DA:402,4
DA:412,4
LF:48
LH:48
BRDA:12,0,0,2
BRDA:12,0,1,6
BRDA:264,1,0,0
BRDA:264,2,0,0
BRF:4
BRH:2
end_of_record
TN:
SF:src/routes/authRoutes.js
FNF:0
FNH:0
DA:6,3
DA:7,3
DA:8,3
DA:9,3
DA:10,3
DA:20,3
DA:21,3
DA:24,3
DA:32,3
DA:40,3
DA:48,3
DA:57,3
DA:63,3
DA:64,3
DA:67,3
DA:72,3
DA:80,3
DA:86,3
DA:93,3
DA:96,3
DA:99,3
DA:102,3
DA:103,3
DA:111,3
DA:114,3
DA:119,3
DA:126,3
DA:129,3
DA:130,3
DA:132,3
LF:30
LH:30
BRF:0
BRH:0
end_of_record
TN:
SF:src/routes/conversationRoutes.js
FNF:0
FNH:0
DA:6,3
DA:7,3
DA:8,3
DA:9,3
DA:17,3
DA:18,3
DA:21,3
DA:24,3
DA:33,3
DA:42,3
DA:51,3
DA:60,3
DA:68,3
LF:13
LH:13
BRF:0
BRH:0
end_of_record
TN:
SF:src/routes/messageRoutes.js
FNF:0
FNH:0
DA:6,3
DA:7,3
DA:8,3
DA:9,3
DA:13,3
DA:14,3
DA:17,3
DA:20,3
DA:29,3
DA:37,3
LF:10
LH:10
BRF:0
BRH:0
end_of_record
TN:
SF:src/routes/personaRoutes.js
FNF:0
FNH:0
DA:6,3
DA:7,3
DA:8,3
DA:9,3
DA:14,3
DA:15,3
DA:18,3
DA:21,3
DA:29,3
DA:38,3
DA:47,3
DA:55,3
LF:12
LH:12
BRF:0
BRH:0
end_of_record
TN:
SF:src/routes/profileRoutes.js
FN:18,(anonymous_0)
FNF:1
FNH:0
FNDA:0,(anonymous_0)
DA:1,3
DA:2,3
DA:3,3
DA:4,3
DA:5,3
DA:10,3
DA:13,3
DA:19,0
DA:25,0
DA:26,0
DA:28,0
DA:40,3
DA:43,3
DA:46,3
DA:54,3
DA:62,3
DA:71,3
DA:78,3
LF:18
LH:14
BRDA:25,0,0,0
BRDA:25,0,1,0
BRF:2
BRH:0
end_of_record
TN:
SF:src/routes/publicRoutes.js
FNF:0
FNH:0
DA:6,3
DA:7,3
DA:8,3
DA:9,3
DA:12,3
DA:18,3
LF:6
LH:6
BRF:0
BRH:0
end_of_record
TN:
SF:src/routes/workspaceRoutes.js
FNF:0
FNH:0
DA:1,3
DA:2,3
DA:3,3
DA:4,3
DA:5,3
DA:15,3
DA:19,3
DA:27,3
DA:37,3
DA:47,3
DA:58,3
DA:69,3
DA:79,3
DA:88,3
LF:14
LH:14
BRF:0
BRH:0
end_of_record
TN:
SF:src/services/authService.js
FN:19,validatePasswordStrength
FN:49,isAccountLocked
FN:55,lockAccount
FN:83,unlockAccount
FN:96,createAuditEvent
FN:124,getOrCreateDefaultWorkspace
FN:145,register
FN:277,login
FN:439,refreshTokens
FN:507,logout
FN:560,getUserSessions
FN:568,revokeSession
FN:601,verifyEmail
FN:644,requestPasswordReset
FN:675,resetPassword
FN:729,deactivateAccount
FN:766,requestAccountDeletion
FN:803,cleanupUnverifiedUsers
FN:819,cleanupPendingDeletionUsers
FN:835,cleanupExpiredSessions
FNF:20
FNH:5
FNDA:6,validatePasswordStrength
FNDA:0,isAccountLocked
FNDA:0,lockAccount
FNDA:0,unlockAccount
FNDA:4,createAuditEvent
FNDA:0,getOrCreateDefaultWorkspace
FNDA:6,register
FNDA:4,login
FNDA:0,refreshTokens
FNDA:0,logout
FNDA:0,getUserSessions
FNDA:0,revokeSession
FNDA:0,verifyEmail
FNDA:1,requestPasswordReset
FNDA:0,resetPassword
FNDA:0,deactivateAccount
FNDA:0,requestAccountDeletion
FNDA:0,cleanupUnverifiedUsers
FNDA:0,cleanupPendingDeletionUsers
FNDA:0,cleanupExpiredSessions
DA:6,5
DA:7,5
DA:8,5
DA:9,5
DA:10,5
DA:11,5
DA:12,5
DA:13,5
DA:14,5
DA:16,5
DA:20,6
DA:21,6
DA:22,6
DA:23,6
DA:24,6
DA:26,6
DA:27,6
DA:28,6
DA:29,6
DA:30,6
DA:31,6
DA:34,6
DA:35,6
DA:36,6
DA:38,6
DA:50,0
DA:51,0
DA:56,0
DA:57,0
DA:59,0
DA:61,0
DA:62,0
DA:69,0
DA:74,0
DA:78,0
DA:84,0
DA:92,0
DA:104,4
DA:106,4
DA:107,0
DA:119,0
DA:125,0
DA:127,0
DA:131,0
DA:132,0
DA:138,0
DA:141,0
DA:152,6
DA:153,6
DA:154,1
DA:158,5
DA:161,5
DA:162,0
DA:166,3
DA:175,3
DA:180,3
DA:181,3
DA:183,0
DA:184,0
DA:186,0
DA:203,0
DA:204,0
DA:207,0
DA:216,0
DA:222,3
DA:223,0
DA:228,3
DA:233,0
DA:234,0
DA:237,0
DA:241,0
DA:254,0
DA:255,0
DA:258,0
DA:267,0
DA:268,0
DA:283,4
DA:288,4
DA:289,4
DA:297,4
DA:301,0
DA:302,0
DA:310,0
DA:313,0
DA:314,0
DA:322,0
DA:325,0
DA:326,0
DA:334,0
DA:338,0
DA:339,0
DA:340,0
DA:341,0
DA:343,0
DA:351,0
DA:358,0
DA:359,0
DA:360,0
DA:361,0
DA:363,0
DA:364,0
DA:373,0
DA:374,0
DA:379,0
DA:387,0
DA:390,0
DA:396,0
DA:403,0
DA:404,0
DA:407,0
DA:419,0
DA:428,0
DA:429,0
DA:445,0
DA:450,0
DA:451,0
DA:455,0
DA:456,0
DA:460,0
DA:464,0
DA:471,0
DA:474,0
DA:479,0
DA:491,0
DA:500,0
DA:513,0
DA:515,0
DA:516,0
DA:519,0
DA:528,0
DA:529,0
DA:534,0
DA:542,0
DA:545,0
DA:551,0
DA:552,0
DA:561,0
DA:575,0
DA:579,0
DA:580,0
DA:583,0
DA:588,0
DA:597,0
DA:607,0
DA:612,0
DA:613,0
DA:617,0
DA:627,0
DA:630,0
DA:639,0
DA:640,0
DA:650,1
DA:652,1
DA:653,0
DA:654,0
DA:656,0
DA:667,1
DA:682,0
DA:683,0
DA:684,0
DA:687,0
DA:692,0
DA:693,0
DA:696,0
DA:699,0
DA:704,0
DA:710,0
DA:715,0
DA:724,0
DA:725,0
DA:735,0
DA:737,0
DA:738,0
DA:741,0
DA:747,0
DA:752,0
DA:761,0
DA:762,0
DA:772,0
DA:774,0
DA:775,0
DA:778,0
DA:784,0
DA:789,0
DA:798,0
DA:799,0
DA:804,0
DA:806,0
DA:813,0
DA:816,0
DA:820,0
DA:822,0
DA:829,0
DA:832,0
DA:836,0
DA:842,0
DA:843,0
DA:846,5
LF:198
LH:46
BRDA:27,0,0,5
BRDA:27,0,1,1
BRDA:28,1,0,5
BRDA:28,1,1,1
BRDA:29,2,0,5
BRDA:29,2,1,1
BRDA:30,3,0,6
BRDA:30,3,1,0
BRDA:31,4,0,5
BRDA:31,4,1,1
BRDA:34,5,0,5
BRDA:34,5,1,1
BRDA:35,6,0,0
BRDA:35,6,1,6
BRDA:36,7,0,0
BRDA:36,7,1,6
BRDA:42,8,0,1
BRDA:42,8,1,5
BRDA:50,9,0,0
BRDA:50,9,1,0
BRDA:55,10,0,0
BRDA:57,11,0,0
BRDA:57,11,1,0
BRDA:59,12,0,0
BRDA:59,12,1,0
BRDA:99,13,0,0
BRDA:100,14,0,0
BRDA:101,15,0,0
BRDA:102,16,0,0
BRDA:106,17,0,0
BRDA:106,17,1,4
BRDA:111,18,0,0
BRDA:111,18,1,0
BRDA:131,19,0,0
BRDA:131,19,1,0
BRDA:147,20,0,3
BRDA:148,21,0,6
BRDA:149,22,0,3
BRDA:153,23,0,1
BRDA:153,23,1,5
BRDA:161,24,0,0
BRDA:161,24,1,3
BRDA:166,25,0,3
BRDA:166,25,1,0
BRDA:180,26,0,3
BRDA:180,26,1,0
BRDA:181,27,0,0
BRDA:181,27,1,3
BRDA:222,28,0,0
BRDA:222,28,1,3
BRDA:247,29,0,0
BRDA:247,29,1,0
BRDA:279,30,0,2
BRDA:280,31,0,4
BRDA:281,32,0,2
BRDA:288,33,0,4
BRDA:288,33,1,0
BRDA:301,34,0,0
BRDA:301,34,1,0
BRDA:313,35,0,0
BRDA:313,35,1,0
BRDA:325,36,0,0
BRDA:325,36,1,0
BRDA:338,37,0,0
BRDA:338,37,1,0
BRDA:359,38,0,0
BRDA:359,38,1,0
BRDA:360,39,0,0
BRDA:360,39,1,0
BRDA:373,40,0,0
BRDA:373,40,1,0
BRDA:441,41,0,0
BRDA:442,42,0,0
BRDA:443,43,0,0
BRDA:450,44,0,0
BRDA:450,44,1,0
BRDA:450,45,0,0
BRDA:450,45,1,0
BRDA:450,45,2,0
BRDA:455,46,0,0
BRDA:455,46,1,0
BRDA:509,47,0,0
BRDA:510,48,0,0
BRDA:511,49,0,0
BRDA:528,50,0,0
BRDA:528,50,1,0
BRDA:571,51,0,0
BRDA:572,52,0,0
BRDA:573,53,0,0
BRDA:579,54,0,0
BRDA:579,54,1,0
BRDA:603,55,0,0
BRDA:604,56,0,0
BRDA:605,57,0,0
BRDA:612,58,0,0
BRDA:612,58,1,0
BRDA:612,59,0,0
BRDA:612,59,1,0
BRDA:646,60,0,0
BRDA:647,61,0,1
BRDA:648,62,0,0
BRDA:652,63,0,0
BRDA:652,63,1,1
BRDA:677,64,0,0
BRDA:678,65,0,0
BRDA:679,66,0,0
BRDA:683,67,0,0
BRDA:683,67,1,0
BRDA:692,68,0,0
BRDA:692,68,1,0
BRDA:692,69,0,0
BRDA:692,69,1,0
BRDA:692,69,2,0
BRDA:731,70,0,0
BRDA:732,71,0,0
BRDA:733,72,0,0
BRDA:737,73,0,0
BRDA:737,73,1,0
BRDA:768,74,0,0
BRDA:769,75,0,0
BRDA:770,76,0,0
BRDA:774,77,0,0
BRDA:774,77,1,0
BRDA:803,78,0,0
BRDA:819,79,0,0
BRF:125
BRH:32
end_of_record
TN:
SF:src/services/breachCheckService.js
FN:11,(anonymous_0)
FN:20,(anonymous_1)
FN:41,(anonymous_2)
FN:73,(anonymous_3)
FN:85,(anonymous_4)
FNF:5
FNH:5
FNDA:5,(anonymous_0)
FNDA:3,(anonymous_1)
FNDA:2649,(anonymous_2)
FNDA:3,(anonymous_3)
FNDA:3,(anonymous_4)
DA:6,5
DA:7,5
DA:8,5
DA:12,5
DA:13,5
DA:21,3
DA:23,3
DA:28,3
DA:29,3
DA:32,3
DA:40,3
DA:41,2649
DA:43,3
DA:44,3
DA:45,3
DA:46,3
DA:53,0
DA:59,0
DA:61,0
DA:74,3
DA:75,3
DA:76,3
DA:77,0
DA:78,0
DA:86,3
DA:89,3
DA:90,3
DA:91,3
DA:92,3
DA:93,3
DA:96,3
DA:102,3
DA:103,3
DA:105,3
DA:108,3
DA:117,0
DA:126,0
DA:134,5
LF:38
LH:31
BRDA:43,0,0,3
BRDA:43,0,1,0
BRDA:74,1,0,0
BRDA:74,1,1,3
BRDA:75,2,0,0
BRDA:75,2,1,3
BRDA:76,3,0,3
BRDA:76,3,1,0
BRDA:77,4,0,0
BRDA:77,4,1,0
BRDA:96,5,0,3
BRDA:96,5,1,3
BRDA:96,5,2,3
BRDA:96,5,3,3
BRDA:96,5,4,3
BRDA:102,6,0,3
BRDA:102,6,1,0
BRDA:103,7,0,3
BRDA:103,7,1,0
BRF:19
BRH:11
end_of_record
TN:
SF:src/services/emailService.js
FN:21,testEmailConfig
FN:39,createEmailVerification
FN:52,sendVerificationEmail
FN:80,verifyEmailToken
FN:99,resendVerificationEmail
FN:106,cleanupExpiredVerifications
FN:114,createPasswordResetToken
FN:130,sendPasswordResetEmail
FN:153,sendInviteEmail
FNF:9
FNH:0
FNDA:0,testEmailConfig
FNDA:0,createEmailVerification
FNDA:0,sendVerificationEmail
FNDA:0,verifyEmailToken
FNDA:0,resendVerificationEmail
FNDA:0,cleanupExpiredVerifications
FNDA:0,createPasswordResetToken
FNDA:0,sendPasswordResetEmail
FNDA:0,sendInviteEmail
DA:1,5
DA:2,5
DA:3,5
DA:4,5
DA:5,5
DA:6,5
DA:7,5
DA:10,5
DA:22,0
DA:23,0
DA:26,0
DA:27,0
DA:29,0
DA:30,0
DA:31,0
DA:33,0
DA:34,0
DA:41,0
DA:42,0
DA:43,0
DA:44,0
DA:47,0
DA:48,0
DA:53,0
DA:54,0
DA:64,0
DA:65,0
DA:67,0
DA:68,0
DA:69,0
DA:71,0
DA:74,0
DA:75,0
DA:81,0
DA:85,0
DA:86,0
DA:87,0
DA:89,0
DA:93,0
DA:94,0
DA:95,0
DA:100,0
DA:101,0
DA:102,0
DA:107,0
DA:110,0
DA:115,0
DA:116,0
DA:119,0
DA:121,0
DA:125,0
DA:126,0
DA:131,0
DA:132,0
DA:141,0
DA:142,0
DA:143,0
DA:145,0
DA:148,0
DA:155,0
DA:156,0
DA:166,0
DA:167,0
DA:168,0
DA:170,0
DA:173,0
DA:177,5
LF:67
LH:9
BRDA:39,0,0,0
BRDA:58,1,0,0
BRDA:58,1,1,0
BRDA:85,2,0,0
BRDA:85,2,1,0
BRDA:85,3,0,0
BRDA:85,3,1,0
BRDA:100,4,0,0
BRDA:100,4,1,0
BRDA:114,5,0,0
BRDA:136,6,0,0
BRDA:136,6,1,0
BRF:12
BRH:0
end_of_record
TN:
SF:src/services/oauthService.js
FN:9,getOrCreateDefaultWorkspace
FN:30,handleOAuthLogin
FNF:2
FNH:0
FNDA:0,getOrCreateDefaultWorkspace
FNDA:0,handleOAuthLogin
DA:1,3
DA:2,3
DA:3,3
DA:4,3
DA:6,3
DA:10,0
DA:12,0
DA:16,0
DA:17,0
DA:23,0
DA:26,0
DA:31,0
DA:33,0
DA:34,0
DA:37,0
DA:38,0
DA:41,0
DA:48,0
DA:50,0
DA:51,0
DA:54,0
DA:59,0
DA:64,0
DA:71,0
DA:79,0
DA:102,0
DA:105,0
DA:108,0
DA:110,0
DA:130,0
DA:135,0
DA:140,0
DA:147,0
DA:155,0
DA:171,3
LF:35
LH:6
BRDA:10,0,0,0
BRDA:10,0,1,0
BRDA:16,1,0,0
BRDA:16,1,1,0
BRDA:33,2,0,0
BRDA:33,2,1,0
BRDA:33,3,0,0
BRDA:33,3,1,0
BRDA:38,4,0,0
BRDA:38,4,1,0
BRDA:48,5,0,0
BRDA:48,5,1,0
BRDA:50,6,0,0
BRDA:50,6,1,0
BRDA:93,7,0,0
BRDA:93,7,1,0
BRDA:108,8,0,0
BRDA:108,8,1,0
BRF:18
BRH:0
end_of_record
TN:
SF:src/services/passwordResetService.js
FN:10,requestPasswordReset
FN:33,validateResetToken
FN:45,resetPassword
FNF:3
FNH:0
FNDA:0,requestPasswordReset
FNDA:0,validateResetToken
FNDA:0,resetPassword
DA:1,0
DA:2,0
DA:3,0
DA:4,0
DA:5,0
DA:6,0
DA:7,0
DA:11,0
DA:14,0
DA:15,0
DA:17,0
DA:20,0
DA:22,0
DA:23,0
DA:24,0
DA:27,0
DA:29,0
DA:34,0
DA:37,0
DA:38,0
DA:39,0
DA:41,0
DA:46,0
DA:47,0
DA:50,0
DA:51,0
DA:53,0
DA:54,0
DA:58,0
DA:62,0
DA:65,0
LF:31
LH:0
BRDA:14,0,0,0
BRDA:14,0,1,0
BRDA:37,1,0,0
BRDA:37,1,1,0
BRDA:37,2,0,0
BRDA:37,2,1,0
BRDA:37,2,2,0
BRDA:50,3,0,0
BRDA:50,3,1,0
BRF:9
BRH:0
end_of_record
TN:
SF:src/services/personaService.js
FN:27,getPersonas
FN:64,(anonymous_1)
FN:87,getPersonaById
FN:137,toggleFavourite
FN:208,sendMessage
FN:327,(anonymous_5)
FN:391,getConversations
FN:453,(anonymous_7)
FN:478,updateConversationVisibility
FN:566,editMessage
FN:609,(anonymous_10)
FN:690,(anonymous_11)
FN:745,requestFileUpload
FN:813,toggleReaction
FN:904,toggleArchive
FN:981,createShareableLink
FN:1082,getSharedConversation
FN:1139,(anonymous_17)
FNF:18
FNH:3
FNDA:1,getPersonas
FNDA:1,(anonymous_1)
FNDA:0,getPersonaById
FNDA:0,toggleFavourite
FNDA:2,sendMessage
FNDA:0,(anonymous_5)
FNDA:0,getConversations
FNDA:0,(anonymous_7)
FNDA:0,updateConversationVisibility
FNDA:0,editMessage
FNDA:0,(anonymous_10)
FNDA:0,(anonymous_11)
FNDA:0,requestFileUpload
FNDA:0,toggleReaction
FNDA:0,toggleArchive
FNDA:0,createShareableLink
FNDA:0,getSharedConversation
FNDA:0,(anonymous_17)
DA:6,4
DA:7,4
DA:8,4
DA:9,4
DA:10,4
DA:11,4
DA:12,4
DA:14,4
DA:17,4
DA:18,4
DA:19,4
DA:28,1
DA:29,1
DA:31,1
DA:35,1
DA:44,1
DA:45,0
DA:48,0
DA:52,1
DA:57,1
DA:64,1
DA:76,0
DA:77,0
DA:88,0
DA:89,0
DA:104,0
DA:105,0
DA:109,0
DA:110,0
DA:112,0
DA:125,0
DA:126,0
DA:127,0
DA:138,0
DA:140,0
DA:144,0
DA:145,0
DA:149,0
DA:161,0
DA:163,0
DA:171,0
DA:172,0
DA:175,0
DA:181,0
DA:182,0
DA:186,0
DA:191,0
DA:193,0
DA:194,0
DA:195,0
DA:215,2
DA:217,2
DA:221,2
DA:222,2
DA:225,0
DA:226,0
DA:230,0
DA:231,0
DA:232,0
DA:237,0
DA:238,0
DA:247,0
DA:248,0
DA:252,0
DA:262,0
DA:263,0
DA:264,0
DA:273,0
DA:274,0
DA:279,0
DA:291,0
DA:295,0
DA:297,0
DA:298,0
DA:299,0
DA:316,0
DA:317,0
DA:319,0
DA:324,0
DA:326,0
DA:327,0
DA:332,0
DA:334,0
DA:337,0
DA:343,0
DA:347,0
DA:351,0
DA:356,0
DA:366,0
DA:372,0
DA:378,2
DA:379,0
DA:380,0
DA:392,0
DA:393,0
DA:396,0
DA:415,0
DA:417,0
DA:420,0
DA:423,0
DA:453,0
DA:466,0
DA:467,0
DA:483,0
DA:485,0
DA:498,0
DA:499,0
DA:503,0
DA:504,0
DA:511,0
DA:513,0
DA:516,0
DA:517,0
DA:524,0
DA:525,0
DA:532,0
DA:538,0
DA:548,0
DA:553,0
DA:554,0
DA:555,0
DA:567,0
DA:569,0
DA:577,0
DA:578,0
DA:582,0
DA:583,0
DA:587,0
DA:588,0
DA:592,0
DA:593,0
DA:594,0
DA:595,0
DA:599,0
DA:600,0
DA:604,0
DA:605,0
DA:609,0
DA:611,0
DA:619,0
DA:628,0
DA:638,0
DA:652,0
DA:658,0
DA:660,0
DA:661,0
DA:662,0
DA:680,0
DA:681,0
DA:683,0
DA:688,0
DA:689,0
DA:690,0
DA:695,0
DA:696,0
DA:700,0
DA:712,0
DA:720,0
DA:727,0
DA:729,0
DA:730,0
DA:731,0
DA:733,0
DA:734,0
DA:746,0
DA:748,0
DA:767,0
DA:768,0
DA:772,0
DA:773,0
DA:776,0
DA:777,0
DA:784,0
DA:795,0
DA:800,0
DA:801,0
DA:802,0
DA:814,0
DA:816,0
DA:820,0
DA:821,0
DA:825,0
DA:834,0
DA:835,0
DA:837,0
DA:838,0
DA:840,0
DA:848,0
DA:849,0
DA:852,0
DA:861,0
DA:862,0
DA:866,0
DA:873,0
DA:877,0
DA:884,0
DA:891,0
DA:892,0
DA:893,0
DA:905,0
DA:907,0
DA:929,0
DA:930,0
DA:934,0
DA:935,0
DA:937,0
DA:940,0
DA:941,0
DA:948,0
DA:956,0
DA:962,0
DA:968,0
DA:969,0
DA:970,0
DA:982,0
DA:984,0
DA:1006,0
DA:1007,0
DA:1011,0
DA:1012,0
DA:1014,0
DA:1017,0
DA:1018,0
DA:1025,0
DA:1026,0
DA:1030,0
DA:1031,0
DA:1038,0
DA:1039,0
DA:1040,0
DA:1041,0
DA:1044,0
DA:1058,0
DA:1064,0
DA:1071,0
DA:1072,0
DA:1073,0
DA:1083,0
DA:1085,0
DA:1086,0
DA:1087,0
DA:1091,0
DA:1118,0
DA:1119,0
DA:1123,0
DA:1124,0
DA:1128,0
DA:1133,0
DA:1139,0
DA:1146,0
DA:1147,0
DA:1148,0
DA:1152,4
LF:253
LH:25
BRDA:27,0,0,1
BRDA:29,1,0,1
BRDA:44,2,0,0
BRDA:44,2,1,1
BRDA:104,3,0,0
BRDA:104,3,1,0
BRDA:125,4,0,0
BRDA:125,4,1,0
BRDA:144,5,0,0
BRDA:144,5,1,0
BRDA:161,6,0,0
BRDA:161,6,1,0
BRDA:193,7,0,0
BRDA:193,7,1,0
BRDA:213,8,0,2
BRDA:221,9,0,2
BRDA:221,9,1,0
BRDA:225,10,0,0
BRDA:225,10,1,0
BRDA:231,11,0,0
BRDA:231,11,1,0
BRDA:237,12,0,0
BRDA:237,12,1,0
BRDA:247,13,0,0
BRDA:247,13,1,0
BRDA:263,14,0,0
BRDA:263,14,1,0
BRDA:273,15,0,0
BRDA:273,15,1,0
BRDA:324,16,0,0
BRDA:324,16,1,0
BRDA:332,17,0,0
BRDA:332,17,1,0
BRDA:351,18,0,0
BRDA:351,18,1,0
BRDA:351,18,2,0
BRDA:378,19,0,2
BRDA:378,19,1,0
BRDA:391,20,0,0
BRDA:393,21,0,0
BRDA:415,22,0,0
BRDA:415,22,1,0
BRDA:460,23,0,0
BRDA:460,23,1,0
BRDA:498,24,0,0
BRDA:498,24,1,0
BRDA:503,25,0,0
BRDA:503,25,1,0
BRDA:513,26,0,0
BRDA:513,26,1,0
BRDA:516,27,0,0
BRDA:516,27,1,0
BRDA:516,28,0,0
BRDA:516,28,1,0
BRDA:524,29,0,0
BRDA:524,29,1,0
BRDA:553,30,0,0
BRDA:553,30,1,0
BRDA:577,31,0,0
BRDA:577,31,1,0
BRDA:582,32,0,0
BRDA:582,32,1,0
BRDA:587,33,0,0
BRDA:587,33,1,0
BRDA:594,34,0,0
BRDA:594,34,1,0
BRDA:599,35,0,0
BRDA:599,35,1,0
BRDA:604,36,0,0
BRDA:604,36,1,0
BRDA:688,37,0,0
BRDA:688,37,1,0
BRDA:695,38,0,0
BRDA:695,38,1,0
BRDA:705,39,0,0
BRDA:705,39,1,0
BRDA:705,39,2,0
BRDA:729,40,0,0
BRDA:729,40,1,0
BRDA:730,41,0,0
BRDA:730,41,1,0
BRDA:767,42,0,0
BRDA:767,42,1,0
BRDA:800,43,0,0
BRDA:800,43,1,0
BRDA:820,44,0,0
BRDA:820,44,1,0
BRDA:837,45,0,0
BRDA:837,45,1,0
BRDA:838,46,0,0
BRDA:838,46,1,0
BRDA:891,47,0,0
BRDA:891,47,1,0
BRDA:929,48,0,0
BRDA:929,48,1,0
BRDA:937,49,0,0
BRDA:937,49,1,0
BRDA:940,50,0,0
BRDA:940,50,1,0
BRDA:940,51,0,0
BRDA:940,51,1,0
BRDA:951,52,0,0
BRDA:951,52,1,0
BRDA:959,53,0,0
BRDA:959,53,1,0
BRDA:968,54,0,0
BRDA:968,54,1,0
BRDA:981,55,0,0
BRDA:1006,56,0,0
BRDA:1006,56,1,0
BRDA:1014,57,0,0
BRDA:1014,57,1,0
BRDA:1017,58,0,0
BRDA:1017,58,1,0
BRDA:1017,59,0,0
BRDA:1017,59,1,0
BRDA:1025,60,0,0
BRDA:1025,60,1,0
BRDA:1030,61,0,0
BRDA:1030,61,1,0
BRDA:1065,62,0,0
BRDA:1065,62,1,0
BRDA:1071,63,0,0
BRDA:1071,63,1,0
BRDA:1086,64,0,0
BRDA:1086,64,1,0
BRDA:1118,65,0,0
BRDA:1118,65,1,0
BRDA:1123,66,0,0
BRDA:1123,66,1,0
BRDA:1142,67,0,0
BRDA:1142,67,1,0
BRDA:1146,68,0,0
BRDA:1146,68,1,0
BRF:134
BRH:6
end_of_record
TN:
SF:src/services/profileService.js
FN:14,getProfile
FN:42,updateProfile
FN:96,processAvatarUpload
FN:167,processPresignedAvatar
FN:204,changePassword
FN:279,isValidTimezone
FN:289,isValidLocale
FN:299,logAuditEvent
FNF:8
FNH:0
FNDA:0,getProfile
FNDA:0,updateProfile
FNDA:0,processAvatarUpload
FNDA:0,processPresignedAvatar
FNDA:0,changePassword
FNDA:0,isValidTimezone
FNDA:0,isValidLocale
FNDA:0,logAuditEvent
DA:1,3
DA:2,3
DA:3,3
DA:4,3
DA:5,3
DA:6,3
DA:7,3
DA:8,3
DA:9,3
DA:11,3
DA:15,0
DA:34,0
DA:35,0
DA:38,0
DA:43,0
DA:47,0
DA:48,0
DA:52,0
DA:53,0
DA:57,0
DA:58,0
DA:61,0
DA:87,0
DA:91,0
DA:92,0
DA:97,0
DA:98,0
DA:102,0
DA:108,0
DA:109,0
DA:116,0
DA:117,0
DA:118,0
DA:121,0
DA:123,0
DA:124,0
DA:127,0
DA:128,0
DA:131,0
DA:134,0
DA:140,0
DA:143,0
DA:146,0
DA:152,0
DA:158,0
DA:159,0
DA:161,0
DA:162,0
DA:168,0
DA:169,0
DA:173,0
DA:174,0
DA:176,0
DA:187,0
DA:189,0
DA:195,0
DA:199,0
DA:200,0
DA:205,0
DA:209,0
DA:210,0
DA:213,0
DA:214,0
DA:218,0
DA:222,0
DA:223,0
DA:227,0
DA:231,0
DA:232,0
DA:239,0
DA:240,0
DA:244,0
DA:245,0
DA:246,0
DA:253,0
DA:256,0
DA:257,0
DA:264,0
DA:267,0
DA:273,0
DA:275,0
DA:280,0
DA:281,0
DA:282,0
DA:284,0
DA:290,0
DA:291,0
DA:292,0
DA:294,0
DA:300,0
DA:301,0
DA:311,0
DA:315,3
LF:93
LH:11
BRDA:34,0,0,0
BRDA:34,0,1,0
BRDA:47,1,0,0
BRDA:47,1,1,0
BRDA:52,2,0,0
BRDA:52,2,1,0
BRDA:52,3,0,0
BRDA:52,3,1,0
BRDA:57,4,0,0
BRDA:57,4,1,0
BRDA:57,5,0,0
BRDA:57,5,1,0
BRDA:97,6,0,0
BRDA:97,6,1,0
BRDA:108,7,0,0
BRDA:108,7,1,0
BRDA:117,8,0,0
BRDA:117,8,1,0
BRDA:168,9,0,0
BRDA:168,9,1,0
BRDA:209,10,0,0
BRDA:209,10,1,0
BRDA:213,11,0,0
BRDA:213,11,1,0
BRDA:222,12,0,0
BRDA:222,12,1,0
BRDA:231,13,0,0
BRDA:231,13,1,0
BRDA:239,14,0,0
BRDA:239,14,1,0
BRDA:245,15,0,0
BRDA:245,15,1,0
BRDA:256,16,0,0
BRDA:256,16,1,0
BRF:34
BRH:0
end_of_record
TN:
SF:src/services/workspaceService.js
FN:8,getWorkspace
FN:43,updateWorkspace
FN:103,listMembers
FN:167,changeMemberRole
FN:232,changeMemberStatus
FN:272,(anonymous_5)
FN:313,removeMember
FN:371,requestDeletion
FN:429,isValidTimezone
FN:439,isValidLocale
FN:449,logAuditEvent
FNF:11
FNH:0
FNDA:0,getWorkspace
FNDA:0,updateWorkspace
FNDA:0,listMembers
FNDA:0,changeMemberRole
FNDA:0,changeMemberStatus
FNDA:0,(anonymous_5)
FNDA:0,removeMember
FNDA:0,requestDeletion
FNDA:0,isValidTimezone
FNDA:0,isValidLocale
FNDA:0,logAuditEvent
DA:1,3
DA:2,3
DA:3,3
DA:5,3
DA:10,0
DA:15,0
DA:16,0
DA:19,0
DA:35,0
DA:36,0
DA:39,0
DA:45,0
DA:50,0
DA:51,0
DA:54,0
DA:55,0
DA:62,0
DA:63,0
DA:67,0
DA:68,0
DA:71,0
DA:93,0
DA:98,0
DA:99,0
DA:104,0
DA:107,0
DA:112,0
DA:113,0
DA:117,0
DA:118,0
DA:122,0
DA:124,0
DA:125,0
DA:131,0
DA:132,0
DA:135,0
DA:136,0
DA:140,0
DA:141,0
DA:144,0
DA:163,0
DA:169,0
DA:174,0
DA:175,0
DA:178,0
DA:179,0
DA:183,0
DA:188,0
DA:189,0
DA:193,0
DA:194,0
DA:198,0
DA:199,0
DA:203,0
DA:218,0
DA:225,0
DA:228,0
DA:234,0
DA:239,0
DA:240,0
DA:243,0
DA:244,0
DA:248,0
DA:253,0
DA:254,0
DA:258,0
DA:259,0
DA:263,0
DA:264,0
DA:272,0
DA:273,0
DA:288,0
DA:289,0
DA:295,0
DA:299,0
DA:306,0
DA:309,0
DA:315,0
DA:320,0
DA:321,0
DA:324,0
DA:325,0
DA:329,0
DA:334,0
DA:335,0
DA:339,0
DA:340,0
DA:344,0
DA:345,0
DA:353,0
DA:359,0
DA:365,0
DA:373,0
DA:378,0
DA:379,0
DA:382,0
DA:383,0
DA:390,0
DA:394,0
DA:395,0
DA:399,0
DA:400,0
DA:403,0
DA:413,0
DA:419,0
DA:425,0
DA:430,0
DA:431,0
DA:432,0
DA:434,0
DA:440,0
DA:441,0
DA:442,0
DA:444,0
DA:450,0
DA:451,0
DA:461,0
DA:465,3
LF:118
LH:5
BRDA:15,0,0,0
BRDA:15,0,1,0
BRDA:15,1,0,0
BRDA:15,1,1,0
BRDA:35,2,0,0
BRDA:35,2,1,0
BRDA:50,3,0,0
BRDA:50,3,1,0
BRDA:50,4,0,0
BRDA:50,4,1,0
BRDA:54,5,0,0
BRDA:54,5,1,0
BRDA:62,6,0,0
BRDA:62,6,1,0
BRDA:62,7,0,0
BRDA:62,7,1,0
BRDA:67,8,0,0
BRDA:67,8,1,0
BRDA:67,9,0,0
BRDA:67,9,1,0
BRDA:103,10,0,0
BRDA:104,11,0,0
BRDA:104,12,0,0
BRDA:112,13,0,0
BRDA:112,13,1,0
BRDA:112,14,0,0
BRDA:112,14,1,0
BRDA:117,15,0,0
BRDA:117,15,1,0
BRDA:124,16,0,0
BRDA:124,16,1,0
BRDA:131,17,0,0
BRDA:131,17,1,0
BRDA:135,18,0,0
BRDA:135,18,1,0
BRDA:174,19,0,0
BRDA:174,19,1,0
BRDA:174,20,0,0
BRDA:174,20,1,0
BRDA:178,21,0,0
BRDA:178,21,1,0
BRDA:188,22,0,0
BRDA:188,22,1,0
BRDA:188,23,0,0
BRDA:188,23,1,0
BRDA:193,24,0,0
BRDA:193,24,1,0
BRDA:193,25,0,0
BRDA:193,25,1,0
BRDA:198,26,0,0
BRDA:198,26,1,0
BRDA:239,27,0,0
BRDA:239,27,1,0
BRDA:239,28,0,0
BRDA:239,28,1,0
BRDA:243,29,0,0
BRDA:243,29,1,0
BRDA:253,30,0,0
BRDA:253,30,1,0
BRDA:253,31,0,0
BRDA:253,31,1,0
BRDA:258,32,0,0
BRDA:258,32,1,0
BRDA:258,33,0,0
BRDA:258,33,1,0
BRDA:263,34,0,0
BRDA:263,34,1,0
BRDA:288,35,0,0
BRDA:288,35,1,0
BRDA:320,36,0,0
BRDA:320,36,1,0
BRDA:320,37,0,0
BRDA:320,37,1,0
BRDA:324,38,0,0
BRDA:324,38,1,0
BRDA:334,39,0,0
BRDA:334,39,1,0
BRDA:334,40,0,0
BRDA:334,40,1,0
BRDA:339,41,0,0
BRDA:339,41,1,0
BRDA:344,42,0,0
BRDA:344,42,1,0
BRDA:378,43,0,0
BRDA:378,43,1,0
BRDA:378,44,0,0
BRDA:378,44,1,0
BRDA:382,45,0,0
BRDA:382,45,1,0
BRDA:394,46,0,0
BRDA:394,46,1,0
BRF:91
BRH:0
end_of_record
TN:
SF:src/utils/apiError.js
FN:2,(anonymous_0)
FNF:1
FNH:1
FNDA:57,(anonymous_0)
DA:3,57
DA:4,57
DA:5,57
DA:6,57
DA:7,57
DA:11,13
LF:6
LH:6
BRDA:2,0,0,55
BRDA:6,1,0,2
BRDA:6,1,1,55
BRF:3
BRH:3
end_of_record
TN:
SF:src/utils/apiResponse.js
FN:1,apiResponse
FNF:1
FNH:1
FNDA:4,apiResponse
DA:7,4
DA:8,4
DA:9,4
DA:12,7
LF:4
LH:4
BRDA:2,0,0,2
BRDA:3,1,0,2
BRDA:4,2,0,3
BRDA:5,3,0,2
BRDA:8,4,0,1
BRDA:8,4,1,3
BRF:6
BRH:6
end_of_record
TN:
SF:src/utils/asyncHandler.js
FN:3,asyncHandler
FN:7,(anonymous_1)
FN:8,(anonymous_2)
FNF:3
FNH:3
FNDA:128,asyncHandler
FNDA:14,(anonymous_1)
FNDA:7,(anonymous_2)
DA:1,4
DA:4,128
DA:5,0
DA:7,128
DA:8,14
DA:10,7
DA:16,7
DA:21,4
LF:8
LH:7
BRDA:4,0,0,0
BRDA:4,0,1,128
BRF:2
BRH:1
end_of_record
TN:
SF:src/utils/circuitBreaker.js
FN:9,(anonymous_0)
FN:21,(anonymous_1)
FN:37,(anonymous_2)
FN:47,(anonymous_3)
FN:63,(anonymous_4)
FN:76,(anonymous_5)
FN:92,getCircuitBreaker
FN:103,getAllCircuitBreakerStates
FN:114,resetAllCircuitBreakers
FNF:9
FNH:0
FNDA:0,(anonymous_0)
FNDA:0,(anonymous_1)
FNDA:0,(anonymous_2)
FNDA:0,(anonymous_3)
FNDA:0,(anonymous_4)
FNDA:0,(anonymous_5)
FNDA:0,getCircuitBreaker
FNDA:0,getAllCircuitBreakerStates
FNDA:0,resetAllCircuitBreakers
DA:6,4
DA:10,0
DA:11,0
DA:12,0
DA:13,0
DA:14,0
DA:22,0
DA:24,0
DA:25,0
DA:26,0
DA:27,0
DA:29,0
DA:31,0
DA:38,0
DA:39,0
DA:40,0
DA:41,0
DA:48,0
DA:49,0
DA:51,0
DA:52,0
DA:53,0
DA:64,0
DA:77,0
DA:78,0
DA:79,0
DA:80,0
DA:85,4
DA:93,0
DA:94,0
DA:96,0
DA:104,0
DA:105,0
DA:106,0
DA:108,0
DA:115,0
DA:116,0
DA:118,0
DA:121,4
LF:39
LH:3
BRDA:9,0,0,0
BRDA:10,1,0,0
BRDA:10,1,1,0
BRDA:11,2,0,0
BRDA:11,2,1,0
BRDA:22,3,0,0
BRDA:22,3,1,0
BRDA:24,4,0,0
BRDA:24,4,1,0
BRDA:51,5,0,0
BRDA:51,5,1,0
BRDA:93,6,0,0
BRDA:93,6,1,0
BRF:13
BRH:0
end_of_record
TN:
SF:src/utils/encrypt.js
FN:13,encrypt
FN:37,decrypt
FN:65,generateKey
FNF:3
FNH:3
FNDA:15,encrypt
FNDA:10,decrypt
FNDA:19,generateKey
DA:6,5
DA:7,5
DA:9,5
DA:10,5
DA:11,5
DA:14,15
DA:15,15
DA:16,6
DA:20,9
DA:23,9
DA:24,9
DA:25,8
DA:26,8
DA:27,8
DA:28,8
DA:29,8
DA:30,8
DA:32,7
DA:33,7
DA:38,10
DA:39,10
DA:40,4
DA:43,6
DA:46,6
DA:47,6
DA:48,6
DA:49,6
DA:53,6
DA:54,6
DA:55,6
DA:56,6
DA:57,6
DA:58,5
DA:60,5
DA:61,5
DA:66,19
DA:69,5
LF:37
LH:37
BRDA:15,0,0,6
BRDA:15,0,1,9
BRDA:15,1,0,15
BRDA:15,1,1,11
BRDA:20,2,0,8
BRDA:20,2,1,1
BRDA:39,3,0,4
BRDA:39,3,1,6
BRDA:39,4,0,10
BRDA:39,4,1,8
BRDA:43,5,0,6
BRDA:43,5,1,0
BRF:12
BRH:11
end_of_record
TN:
SF:src/utils/jwt.js
FN:22,initializeKeys
FN:96,rotateKeys
FN:147,getCurrentKeys
FN:157,generateJWKS
FN:176,signToken
FN:192,verifyToken
FN:201,signRefreshToken
FN:212,verifyRefreshToken
FNF:8
FNH:3
FNDA:11,initializeKeys
FNDA:0,rotateKeys
FNDA:5,getCurrentKeys
FNDA:0,generateJWKS
FNDA:0,signToken
FNDA:5,verifyToken
FNDA:0,signRefreshToken
FNDA:0,verifyRefreshToken
DA:1,6
DA:2,6
DA:3,6
DA:4,6
DA:5,6
DA:6,6
DA:7,6
DA:15,6
DA:16,6
DA:19,6
DA:23,11
DA:24,6
DA:26,6
DA:28,6
DA:29,6
DA:30,6
DA:32,6
DA:33,6
DA:39,6
DA:40,6
DA:42,6
DA:45,0
DA:47,0
DA:59,0
DA:62,0
DA:68,0
DA:71,0
DA:73,0
DA:84,0
DA:88,11
DA:97,0
DA:110,0
DA:111,0
DA:113,0
DA:114,0
DA:117,0
DA:118,0
DA:119,0
DA:120,0
DA:121,0
DA:123,0
DA:129,0
DA:132,0
DA:148,5
DA:149,5
DA:158,0
DA:159,0
DA:171,0
DA:177,0
DA:178,0
DA:185,0
DA:186,0
DA:187,0
DA:189,0
DA:193,5
DA:194,5
DA:195,5
DA:197,5
DA:202,0
DA:203,0
DA:209,0
DA:213,0
DA:214,0
DA:215,0
DA:217,0
DA:222,6
DA:224,6
LF:67
LH:30
BRDA:23,0,0,6
BRDA:23,0,1,5
BRDA:176,1,0,0
BRDA:179,2,0,0
BRDA:179,2,1,0
BRDA:186,3,0,0
BRDA:186,3,1,0
BRDA:201,4,0,0
BRDA:204,5,0,0
BRDA:204,5,1,0
BRF:10
BRH:2
end_of_record
TN:
SF:src/utils/logger.js
FN:31,(anonymous_0)
FNF:1
FNH:1
FNDA:13,(anonymous_0)
DA:1,12
DA:2,12
DA:4,12
DA:6,12
DA:30,12
DA:31,13
DA:34,12
LF:7
LH:7
BRDA:7,0,0,0
BRDA:7,0,1,12
BRDA:18,1,0,0
BRDA:18,1,1,12
BRF:4
BRH:2
end_of_record
TN:
SF:src/utils/oauthProviders.js
FNF:0
FNH:0
DA:1,3
DA:3,3
DA:19,3
LF:3
LH:3
BRF:0
BRH:0
end_of_record
TN:
SF:src/utils/password.js
FN:7,hashPassword
FN:12,verifyPassword
FNF:2
FNH:2
FNDA:8,hashPassword
FNDA:6,verifyPassword
DA:1,1
DA:2,1
DA:3,1
DA:5,1
DA:8,8
DA:9,5
DA:13,6
DA:14,4
DA:15,2
DA:18,1
LF:10
LH:10
BRDA:8,0,0,3
BRDA:8,0,1,5
BRDA:13,1,0,4
BRDA:13,1,1,2
BRDA:13,2,0,6
BRDA:13,2,1,4
BRF:6
BRH:6
end_of_record
TN:
SF:src/utils/roles.js
FNF:0
FNH:0
DA:4,0
DA:24,0
LF:2
LH:0
BRF:0
BRH:0
end_of_record
TN:
SF:src/utils/token.js
FN:14,generateToken
FN:28,validateToken
FN:42,generateConversationToken
FNF:3
FNH:3
FNDA:26,generateToken
FNDA:11,validateToken
FNDA:4,generateConversationToken
DA:6,6
DA:7,6
DA:15,26
DA:16,26
DA:18,1
DA:19,1
DA:29,11
DA:30,3
DA:34,8
DA:35,8
DA:43,4
DA:46,6
LF:12
LH:12
BRDA:14,0,0,17
BRDA:29,1,0,3
BRDA:29,1,1,8
BRDA:29,2,0,11
BRDA:29,2,1,8
BRDA:35,3,0,8
BRDA:35,3,1,7
BRF:7
BRH:7
end_of_record
TN:
SF:src/utils/upload.js
FN:25,validateFileUpload
FN:62,generatePresignedUrl
FN:85,generateFileId
FN:95,updateFileUrl
FNF:4
FNH:4
FNDA:23,validateFileUpload
FNDA:3,generatePresignedUrl
FNDA:3,generateFileId
FNDA:2,updateFileUrl
DA:6,1
DA:7,1
DA:8,1
DA:11,1
DA:12,1
DA:26,23
DA:29,23
DA:30,2
DA:37,21
DA:38,7
DA:45,14
DA:46,4
DA:52,10
DA:63,3
DA:66,3
DA:70,3
DA:76,0
DA:77,0
DA:86,3
DA:96,2
DA:99,2
DA:101,1
DA:102,1
DA:106,1
LF:24
LH:22
BRDA:29,0,0,2
BRDA:29,0,1,21
BRDA:29,1,0,23
BRDA:29,1,1,22
BRDA:37,2,0,7
BRDA:37,2,1,14
BRDA:37,3,0,21
BRDA:37,3,1,21
BRDA:45,4,0,4
BRDA:45,4,1,10
BRDA:45,5,0,14
BRDA:45,5,1,14
BRDA:67,6,0,3
BRDA:67,6,1,1
BRF:14
BRH:14
end_of_record
